#
# There is insufficient memory for the Java Runtime Environment to continue.
# Native memory allocation (mmap) failed to map 65536 bytes for Failed to commit area from 0x0000028fb3320000 to 0x0000028fb3330000 of length 65536.
# Possible reasons:
#   The system is out of physical RAM or swap space
#   The process is running with CompressedOops enabled, and the Java Heap may be blocking the growth of the native heap
# Possible solutions:
#   Reduce memory load on the system
#   Increase physical memory or swap space
#   Check if swap backing store is full
#   Decrease Java heap size (-Xmx/-Xms)
#   Decrease number of Java threads
#   Decrease Java thread stack sizes (-Xss)
#   Set larger code cache with -XX:ReservedCodeCacheSize=
#   JVM is running with Unscaled Compressed Oops mode in which the Java heap is
#     placed in the first 4GB address space. The Java Heap base address is the
#     maximum limit for the native heap growth. Please use -XX:HeapBaseMinAddress
#     to set the Java Heap base and to place the Java Heap above 4GB virtual address.
# This output file may be truncated or incomplete.
#
#  Out of Memory Error (./src/hotspot/os/windows/os_windows.cpp:3303), pid=20340, tid=2272
#
# JRE version: OpenJDK Runtime Environment (11.0.8+10) (build 11.0.8+10-b944.6842174)
# Java VM: OpenJDK 64-Bit Server VM (11.0.8+10-b944.6842174, mixed mode, tiered, compressed oops, g1 gc, windows-amd64)
# No core dump will be written. Minidumps are not enabled by default on client versions of Windows
#

---------------  S U M M A R Y ------------

Command Line: --add-opens=java.base/java.util=ALL-UNNAMED --add-opens=java.base/java.lang=ALL-UNNAMED --add-opens=java.base/java.lang.invoke=ALL-UNNAMED --add-opens=java.prefs/java.util.prefs=ALL-UNNAMED -Xmx1536m -Dfile.encoding=windows-1252 -Duser.country=US -Duser.language=en -Duser.variant org.gradle.launcher.daemon.bootstrap.GradleDaemon 5.4.1

Host: Intel(R) Core(TM) i7-8550U CPU @ 1.80GHz, 8 cores, 15G,  Windows 10 , 64 bit Build 19041 (10.0.19041.1023)
Time: Mon Jul 19 04:34:33 2021 India Standard Time elapsed time: 25 seconds (0d 0h 0m 25s)

---------------  T H R E A D  ---------------

Current thread (0x0000028fb7731800):  VMThread "VM Thread" [stack: 0x000000a1bc700000,0x000000a1bc800000] [id=2272]

Stack: [0x000000a1bc700000,0x000000a1bc800000]
[error occurred during error reporting (printing stack bounds), id 0xc0000005, EXCEPTION_ACCESS_VIOLATION (0xc0000005) at pc=0x0000028fa10c0dad]

Native frames: (J=compiled Java code, j=interpreted, Vv=VM code, C=native code)
V  [jvm.dll+0x5de50a]
V  [jvm.dll+0x7122f5]
V  [jvm.dll+0x71384d]
V  [jvm.dll+0x713e65]
V  [jvm.dll+0x713e1b]
V  [jvm.dll+0x5dd958]
V  [jvm.dll+0x5de0f8]
C  [ntdll.dll+0xa217f]
C  [ntdll.dll+0x51454]
C  [ntdll.dll+0xa0cae]
C  0x0000028fa10c0dad

VM_Operation (0x000000a1bfcf9dd0): G1CollectForAllocation, mode: safepoint, requested by thread 0x0000028fbb911800


---------------  P R O C E S S  ---------------

Threads class SMR info:
_java_thread_list=0x0000028fbe20be60, length=48, elements={
0x0000028f9d71b800, 0x0000028fb7758800, 0x0000028fb7759000, 0x0000028fb77bb800,
0x0000028fb77bd000, 0x0000028fb77c0000, 0x0000028fb77cf800, 0x0000028fb77d0800,
0x0000028fb7929000, 0x0000028fb793b000, 0x0000028fb92ad800, 0x0000028fb8e74000,
0x0000028fb932e000, 0x0000028fb8d23800, 0x0000028fb8fe3800, 0x0000028fb9337000,
0x0000028fb8ca1800, 0x0000028fb86ce800, 0x0000028fb86cf800, 0x0000028fb919f000,
0x0000028fb9501800, 0x0000028fb9504000, 0x0000028fb9500000, 0x0000028fb94ff000,
0x0000028fb9504800, 0x0000028fb9500800, 0x0000028fb9502800, 0x0000028fbb909800,
0x0000028fbb90a000, 0x0000028fbb90b000, 0x0000028fbb907800, 0x0000028fbb90c800,
0x0000028fbb90d800, 0x0000028fbb90e000, 0x0000028fbb90c000, 0x0000028fbb913000,
0x0000028fbb90f000, 0x0000028fbb914000, 0x0000028fbb912800, 0x0000028fbb915800,
0x0000028fbb915000, 0x0000028fbb910000, 0x0000028fbb916800, 0x0000028fbb910800,
0x0000028fbb911800, 0x0000028fbe198800, 0x0000028fbe195800, 0x0000028fbe199800
}

Java Threads: ( => current thread )
  0x0000028f9d71b800 JavaThread "main" [_thread_blocked, id=30080, stack(0x000000a1bc100000,0x000000a1bc200000)]
  0x0000028fb7758800 JavaThread "Reference Handler" daemon [_thread_blocked, id=7712, stack(0x000000a1bc800000,0x000000a1bc900000)]
  0x0000028fb7759000 JavaThread "Finalizer" daemon [_thread_blocked, id=10732, stack(0x000000a1bc900000,0x000000a1bca00000)]
  0x0000028fb77bb800 JavaThread "Signal Dispatcher" daemon [_thread_blocked, id=9684, stack(0x000000a1bca00000,0x000000a1bcb00000)]
  0x0000028fb77bd000 JavaThread "Attach Listener" daemon [_thread_blocked, id=30556, stack(0x000000a1bcb00000,0x000000a1bcc00000)]
  0x0000028fb77c0000 JavaThread "C2 CompilerThread0" daemon [_thread_blocked, id=26792, stack(0x000000a1bcc00000,0x000000a1bcd00000)]
  0x0000028fb77cf800 JavaThread "C1 CompilerThread0" daemon [_thread_blocked, id=23396, stack(0x000000a1bcd00000,0x000000a1bce00000)]
  0x0000028fb77d0800 JavaThread "Sweeper thread" daemon [_thread_blocked, id=9280, stack(0x000000a1bce00000,0x000000a1bcf00000)]
  0x0000028fb7929000 JavaThread "Common-Cleaner" daemon [_thread_blocked, id=29200, stack(0x000000a1bcf00000,0x000000a1bd000000)]
  0x0000028fb793b000 JavaThread "Service Thread" daemon [_thread_blocked, id=29768, stack(0x000000a1bd000000,0x000000a1bd100000)]
  0x0000028fb92ad800 JavaThread "Daemon health stats" [_thread_blocked, id=28432, stack(0x000000a1bd700000,0x000000a1bd800000)]
  0x0000028fb8e74000 JavaThread "Incoming local TCP Connector on port 55808" [_thread_in_native, id=13324, stack(0x000000a1bd800000,0x000000a1bd900000)]
  0x0000028fb932e000 JavaThread "Daemon periodic checks" [_thread_blocked, id=3092, stack(0x000000a1bd900000,0x000000a1bda00000)]
  0x0000028fb8d23800 JavaThread "Daemon" [_thread_blocked, id=11208, stack(0x000000a1bda00000,0x000000a1bdb00000)]
  0x0000028fb8fe3800 JavaThread "Handler for socket connection from /127.0.0.1:55808 to /127.0.0.1:55809" [_thread_in_native, id=29732, stack(0x000000a1bdb00000,0x000000a1bdc00000)]
  0x0000028fb9337000 JavaThread "Cancel handler" [_thread_blocked, id=30364, stack(0x000000a1bdc00000,0x000000a1bdd00000)]
  0x0000028fb8ca1800 JavaThread "Daemon worker" [_thread_blocked, id=12560, stack(0x000000a1bdd00000,0x000000a1bde00000)]
  0x0000028fb86ce800 JavaThread "Asynchronous log dispatcher for DefaultDaemonConnection: socket connection from /127.0.0.1:55808 to /127.0.0.1:55809" [_thread_blocked, id=2636, stack(0x000000a1bde00000,0x000000a1bdf00000)]
  0x0000028fb86cf800 JavaThread "Stdin handler" [_thread_blocked, id=28412, stack(0x000000a1bdf00000,0x000000a1be000000)]
  0x0000028fb919f000 JavaThread "Thread-8" [_thread_blocked, id=12796, stack(0x000000a1be000000,0x000000a1be100000)]
  0x0000028fb9501800 JavaThread "Cache worker for file hash cache (C:\Users\hp\.gradle\caches\5.4.1\fileHashes)" [_thread_blocked, id=30204, stack(0x000000a1be100000,0x000000a1be200000)]
  0x0000028fb9504000 JavaThread "File lock request listener" [_thread_in_native, id=29352, stack(0x000000a1be200000,0x000000a1be300000)]
  0x0000028fb9500000 JavaThread "Cache worker for journal cache (C:\Users\hp\.gradle\caches\journal-1)" [_thread_blocked, id=23476, stack(0x000000a1be300000,0x000000a1be400000)]
  0x0000028fb94ff000 JavaThread "Cache worker for file hash cache (D:\Users\Aditya Sharma\AndroidStudioProjects\IMGProject5\.gradle\5.4.1\fileHashes)" [_thread_blocked, id=28668, stack(0x000000a1be700000,0x000000a1be800000)]
  0x0000028fb9504800 JavaThread "Cache worker for cache directory md-supplier (C:\Users\hp\.gradle\caches\5.4.1\md-supplier)" [_thread_blocked, id=6040, stack(0x000000a1be800000,0x000000a1be900000)]
  0x0000028fb9500800 JavaThread "Cache worker for cache directory md-rule (C:\Users\hp\.gradle\caches\5.4.1\md-rule)" [_thread_blocked, id=11024, stack(0x000000a1be900000,0x000000a1bea00000)]
  0x0000028fb9502800 JavaThread "Cache worker for execution history cache (C:\Users\hp\.gradle\caches\5.4.1\executionHistory)" [_thread_blocked, id=24092, stack(0x000000a1bea00000,0x000000a1beb00000)]
  0x0000028fbb909800 JavaThread "Build operations" [_thread_blocked, id=23764, stack(0x000000a1beb00000,0x000000a1bec00000)]
  0x0000028fbb90a000 JavaThread "Build operations Thread 2" [_thread_blocked, id=10316, stack(0x000000a1bec00000,0x000000a1bed00000)]
  0x0000028fbb90b000 JavaThread "Build operations Thread 3" [_thread_blocked, id=14524, stack(0x000000a1bed00000,0x000000a1bee00000)]
  0x0000028fbb907800 JavaThread "Build operations Thread 4" [_thread_blocked, id=29300, stack(0x000000a1bee00000,0x000000a1bef00000)]
  0x0000028fbb90c800 JavaThread "Build operations Thread 5" [_thread_blocked, id=11924, stack(0x000000a1bef00000,0x000000a1bf000000)]
  0x0000028fbb90d800 JavaThread "Build operations Thread 6" [_thread_blocked, id=2604, stack(0x000000a1bf000000,0x000000a1bf100000)]
  0x0000028fbb90e000 JavaThread "Build operations Thread 7" [_thread_blocked, id=29344, stack(0x000000a1bf100000,0x000000a1bf200000)]
  0x0000028fbb90c000 JavaThread "Build operations Thread 8" [_thread_blocked, id=12524, stack(0x000000a1bf200000,0x000000a1bf300000)]
  0x0000028fbb913000 JavaThread "Cache worker for Build Output Cleanup Cache (D:\Users\Aditya Sharma\AndroidStudioProjects\IMGProject5\.gradle\buildOutputCleanup)" [_thread_blocked, id=29872, stack(0x000000a1bf300000,0x000000a1bf400000)]
  0x0000028fbb90f000 JavaThread "Memory manager" [_thread_blocked, id=11444, stack(0x000000a1bf400000,0x000000a1bf500000)]
  0x0000028fbb914000 JavaThread "Cache worker for file content cache (C:\Users\hp\.gradle\caches\5.4.1\fileContent)" [_thread_blocked, id=30688, stack(0x000000a1bf500000,0x000000a1bf600000)]
  0x0000028fbb912800 JavaThread "Cache worker for file content cache (D:\Users\Aditya Sharma\AndroidStudioProjects\IMGProject5\.gradle\5.4.1\fileContent)" [_thread_blocked, id=24240, stack(0x000000a1bf600000,0x000000a1bf700000)]
  0x0000028fbb915800 JavaThread "Execution worker for ':'" [_thread_blocked, id=28328, stack(0x000000a1bf700000,0x000000a1bf800000)]
  0x0000028fbb915000 JavaThread "Execution worker for ':' Thread 2" [_thread_blocked, id=14588, stack(0x000000a1bf800000,0x000000a1bf900000)]
  0x0000028fbb910000 JavaThread "Execution worker for ':' Thread 3" [_thread_blocked, id=5812, stack(0x000000a1bf900000,0x000000a1bfa00000)]
  0x0000028fbb916800 JavaThread "Execution worker for ':' Thread 4" [_thread_blocked, id=4712, stack(0x000000a1bfa00000,0x000000a1bfb00000)]
  0x0000028fbb910800 JavaThread "Execution worker for ':' Thread 5" [_thread_blocked, id=30388, stack(0x000000a1bfb00000,0x000000a1bfc00000)]
  0x0000028fbb911800 JavaThread "Execution worker for ':' Thread 6" [_thread_blocked, id=7752, stack(0x000000a1bfc00000,0x000000a1bfd00000)]
  0x0000028fbe198800 JavaThread "Execution worker for ':' Thread 7" [_thread_blocked, id=11372, stack(0x000000a1bfd00000,0x000000a1bfe00000)]
  0x0000028fbe195800 JavaThread "Cache worker for execution history cache (D:\Users\Aditya Sharma\AndroidStudioProjects\IMGProject5\.gradle\5.4.1\executionHistory)" [_thread_blocked, id=26080, stack(0x000000a1bfe00000,0x000000a1bff00000)]
  0x0000028fbe199800 JavaThread "WorkerExecutor Queue" [_thread_blocked, id=28644, stack(0x000000a1c0000000,0x000000a1c0100000)]

Other Threads:
=>0x0000028fb7731800 VMThread "VM Thread" [stack: 0x000000a1bc700000,0x000000a1bc800000] [id=2272]
  0x0000028fb7974800 WatcherThread [stack: 0x000000a1bd100000,0x000000a1bd200000] [id=20556]
  0x0000028f9d734800 GCTaskThread "GC Thread#0" [stack: 0x000000a1bc200000,0x000000a1bc300000] [id=30624]
  0x0000028fb82f8800 GCTaskThread "GC Thread#1" [stack: 0x000000a1bd200000,0x000000a1bd300000] [id=11876]
  0x0000028fb8660000 GCTaskThread "GC Thread#2" [stack: 0x000000a1bd300000,0x000000a1bd400000] [id=11696]
  0x0000028fb8661000 GCTaskThread "GC Thread#3" [stack: 0x000000a1bd400000,0x000000a1bd500000] [id=11472]
  0x0000028fb82f0000 GCTaskThread "GC Thread#4" [stack: 0x000000a1bd500000,0x000000a1bd600000] [id=30128]
  0x0000028fb82f1000 GCTaskThread "GC Thread#5" [stack: 0x000000a1bd600000,0x000000a1bd700000] [id=29756]
  0x0000028fb9527000 GCTaskThread "GC Thread#6" [stack: 0x000000a1be400000,0x000000a1be500000] [id=30632]
  0x0000028fb95a9000 GCTaskThread "GC Thread#7" [stack: 0x000000a1be500000,0x000000a1be600000] [id=12632]
  0x0000028f9d75b000 ConcurrentGCThread "G1 Main Marker" [stack: 0x000000a1bc300000,0x000000a1bc400000] [id=20540]
  0x0000028f9d761800 ConcurrentGCThread "G1 Conc#0" [stack: 0x000000a1bc400000,0x000000a1bc500000] [id=14092]
  0x0000028fb93b5800 ConcurrentGCThread "G1 Conc#1" [stack: 0x000000a1be600000,0x000000a1be700000] [id=24952]
  0x0000028fb6d9b000 ConcurrentGCThread "G1 Refine#0" [stack: 0x000000a1bc500000,0x000000a1bc600000] [id=29820]
  0x0000028fbe217800 ConcurrentGCThread "G1 Refine#1" [stack: 0x000000a1bff00000,0x000000a1c0000000] [id=26460]
  0x0000028fc1ea8800 ConcurrentGCThread "G1 Refine#2" [stack: 0x000000a1c0100000,0x000000a1c0200000] [id=16236]
  0x0000028fb6d9b800 ConcurrentGCThread "G1 Young RemSet Sampling" [stack: 0x000000a1bc600000,0x000000a1bc700000] [id=23016]

Threads with active compile tasks:
C2 CompilerThread0  25662 12708       4       java.util.Collection::removeIf (51 bytes)

VM state:at safepoint (normal execution)

VM Mutex/Monitor currently owned by a thread:  ([mutex/lock_event])
[0x0000028f9d7184f0] Threads_lock - owner thread: 0x0000028fb7731800
[0x0000028f9d7182b0] Heap_lock - owner thread: 0x0000028fbb911800

Heap address: 0x00000000a0000000, size: 1536 MB, Compressed Oops mode: 32-bit
Narrow klass base: 0x0000000000000000, Narrow klass shift: 3
Compressed class space size: 1073741824 Address: 0x0000000100000000

Heap:
 garbage-first heap   total 462848K, used 173609K [0x00000000a0000000, 0x0000000100000000)
  region size 1024K, 8 young (8192K), 8 survivors (8192K)
 Metaspace       used 83081K, capacity 85044K, committed 85632K, reserved 1124352K
  class space    used 10520K, capacity 11183K, committed 11392K, reserved 1048576K
Heap Regions: E=young(eden), S=young(survivor), O=old, HS=humongous(starts), HC=humongous(continues), CS=collection set, F=free, A=archive, TAMS=top-at-mark-start (previous, next)
|   0|0x00000000a0000000, 0x00000000a0100000, 0x00000000a0100000|100%|HS|  |TAMS 0x00000000a0100000, 0x00000000a0000000| Complete 
|   1|0x00000000a0100000, 0x00000000a0200000, 0x00000000a0200000|100%|HC|  |TAMS 0x00000000a0200000, 0x00000000a0100000| Complete 
|   2|0x00000000a0200000, 0x00000000a0300000, 0x00000000a0300000|100%|HS|  |TAMS 0x00000000a0300000, 0x00000000a0200000| Complete 
|   3|0x00000000a0300000, 0x00000000a0400000, 0x00000000a0400000|100%|HS|  |TAMS 0x00000000a0400000, 0x00000000a0300000| Complete 
|   4|0x00000000a0400000, 0x00000000a0500000, 0x00000000a0500000|100%|HC|  |TAMS 0x00000000a0500000, 0x00000000a0400000| Complete 
|   5|0x00000000a0500000, 0x00000000a0600000, 0x00000000a0600000|100%| O|  |TAMS 0x00000000a0600000, 0x00000000a0500000| Untracked 
|   6|0x00000000a0600000, 0x00000000a0700000, 0x00000000a0700000|100%| O|  |TAMS 0x00000000a0700000, 0x00000000a0600000| Untracked 
|   7|0x00000000a0700000, 0x00000000a0800000, 0x00000000a0800000|100%|HS|  |TAMS 0x00000000a0800000, 0x00000000a0700000| Complete 
|   8|0x00000000a0800000, 0x00000000a0900000, 0x00000000a0900000|100%|HC|  |TAMS 0x00000000a0900000, 0x00000000a0800000| Complete 
|   9|0x00000000a0900000, 0x00000000a0a00000, 0x00000000a0a00000|100%|HC|  |TAMS 0x00000000a0a00000, 0x00000000a0900000| Complete 
|  10|0x00000000a0a00000, 0x00000000a0b00000, 0x00000000a0b00000|100%|HS|  |TAMS 0x00000000a0b00000, 0x00000000a0a00000| Complete 
|  11|0x00000000a0b00000, 0x00000000a0c00000, 0x00000000a0c00000|100%|HC|  |TAMS 0x00000000a0c00000, 0x00000000a0b00000| Complete 
|  12|0x00000000a0c00000, 0x00000000a0d00000, 0x00000000a0d00000|100%|HC|  |TAMS 0x00000000a0d00000, 0x00000000a0c00000| Complete 
|  13|0x00000000a0d00000, 0x00000000a0e00000, 0x00000000a0e00000|100%|HC|  |TAMS 0x00000000a0e00000, 0x00000000a0d00000| Complete 
|  14|0x00000000a0e00000, 0x00000000a0f00000, 0x00000000a0f00000|100%| O|  |TAMS 0x00000000a0f00000, 0x00000000a0e00000| Untracked 
|  15|0x00000000a0f00000, 0x00000000a1000000, 0x00000000a1000000|100%| O|  |TAMS 0x00000000a1000000, 0x00000000a0f00000| Untracked 
|  16|0x00000000a1000000, 0x00000000a1100000, 0x00000000a1100000|100%| O|  |TAMS 0x00000000a1100000, 0x00000000a1000000| Untracked 
|  17|0x00000000a1100000, 0x00000000a1200000, 0x00000000a1200000|100%| O|  |TAMS 0x00000000a1200000, 0x00000000a1100000| Untracked 
|  18|0x00000000a1200000, 0x00000000a1300000, 0x00000000a1300000|100%| O|  |TAMS 0x00000000a1300000, 0x00000000a1200000| Untracked 
|  19|0x00000000a1300000, 0x00000000a1400000, 0x00000000a1400000|100%| O|  |TAMS 0x00000000a1400000, 0x00000000a1300000| Untracked 
|  20|0x00000000a1400000, 0x00000000a1500000, 0x00000000a1500000|100%| O|  |TAMS 0x00000000a1500000, 0x00000000a1400000| Untracked 
|  21|0x00000000a1500000, 0x00000000a1600000, 0x00000000a1600000|100%| O|  |TAMS 0x00000000a1600000, 0x00000000a1500000| Untracked 
|  22|0x00000000a1600000, 0x00000000a1700000, 0x00000000a1700000|100%| O|  |TAMS 0x00000000a1700000, 0x00000000a1600000| Untracked 
|  23|0x00000000a1700000, 0x00000000a1800000, 0x00000000a1800000|100%| O|  |TAMS 0x00000000a1800000, 0x00000000a1700000| Untracked 
|  24|0x00000000a1800000, 0x00000000a1900000, 0x00000000a1900000|100%| O|  |TAMS 0x00000000a1900000, 0x00000000a1800000| Untracked 
|  25|0x00000000a1900000, 0x00000000a1a00000, 0x00000000a1a00000|100%| O|  |TAMS 0x00000000a1a00000, 0x00000000a1900000| Untracked 
|  26|0x00000000a1a00000, 0x00000000a1b00000, 0x00000000a1b00000|100%| O|  |TAMS 0x00000000a1b00000, 0x00000000a1a00000| Untracked 
|  27|0x00000000a1b00000, 0x00000000a1c00000, 0x00000000a1c00000|100%| O|  |TAMS 0x00000000a1c00000, 0x00000000a1b00000| Untracked 
|  28|0x00000000a1c00000, 0x00000000a1d00000, 0x00000000a1d00000|100%| O|  |TAMS 0x00000000a1d00000, 0x00000000a1c00000| Untracked 
|  29|0x00000000a1d00000, 0x00000000a1e00000, 0x00000000a1e00000|100%| O|  |TAMS 0x00000000a1e00000, 0x00000000a1d00000| Untracked 
|  30|0x00000000a1e00000, 0x00000000a1f00000, 0x00000000a1f00000|100%|HS|  |TAMS 0x00000000a1f00000, 0x00000000a1e00000| Complete 
|  31|0x00000000a1f00000, 0x00000000a2000000, 0x00000000a2000000|100%|HC|  |TAMS 0x00000000a2000000, 0x00000000a1f00000| Complete 
|  32|0x00000000a2000000, 0x00000000a2100000, 0x00000000a2100000|100%| O|  |TAMS 0x00000000a2100000, 0x00000000a2000000| Untracked 
|  33|0x00000000a2100000, 0x00000000a2200000, 0x00000000a2200000|100%| O|  |TAMS 0x00000000a2200000, 0x00000000a2100000| Untracked 
|  34|0x00000000a2200000, 0x00000000a2300000, 0x00000000a2300000|100%| O|  |TAMS 0x00000000a2300000, 0x00000000a2200000| Untracked 
|  35|0x00000000a2300000, 0x00000000a2400000, 0x00000000a2400000|100%| O|  |TAMS 0x00000000a2400000, 0x00000000a2300000| Untracked 
|  36|0x00000000a2400000, 0x00000000a2500000, 0x00000000a2500000|100%| O|  |TAMS 0x00000000a2500000, 0x00000000a2400000| Untracked 
|  37|0x00000000a2500000, 0x00000000a2600000, 0x00000000a2600000|100%| O|  |TAMS 0x00000000a2600000, 0x00000000a2500000| Untracked 
|  38|0x00000000a2600000, 0x00000000a2700000, 0x00000000a2700000|100%| O|  |TAMS 0x00000000a2700000, 0x00000000a2600000| Untracked 
|  39|0x00000000a2700000, 0x00000000a2800000, 0x00000000a2800000|100%| O|  |TAMS 0x00000000a2800000, 0x00000000a2700000| Untracked 
|  40|0x00000000a2800000, 0x00000000a2900000, 0x00000000a2900000|100%| O|  |TAMS 0x00000000a2900000, 0x00000000a2800000| Untracked 
|  41|0x00000000a2900000, 0x00000000a2a00000, 0x00000000a2a00000|100%| O|  |TAMS 0x00000000a2a00000, 0x00000000a2900000| Untracked 
|  42|0x00000000a2a00000, 0x00000000a2b00000, 0x00000000a2b00000|100%| O|  |TAMS 0x00000000a2b00000, 0x00000000a2a00000| Untracked 
|  43|0x00000000a2b00000, 0x00000000a2c00000, 0x00000000a2c00000|100%| O|  |TAMS 0x00000000a2c00000, 0x00000000a2b00000| Untracked 
|  44|0x00000000a2c00000, 0x00000000a2d00000, 0x00000000a2d00000|100%| O|  |TAMS 0x00000000a2d00000, 0x00000000a2c00000| Untracked 
|  45|0x00000000a2d00000, 0x00000000a2e00000, 0x00000000a2e00000|100%| O|  |TAMS 0x00000000a2e00000, 0x00000000a2d00000| Untracked 
|  46|0x00000000a2e00000, 0x00000000a2f00000, 0x00000000a2f00000|100%| O|  |TAMS 0x00000000a2f00000, 0x00000000a2e00000| Untracked 
|  47|0x00000000a2f00000, 0x00000000a3000000, 0x00000000a3000000|100%| O|  |TAMS 0x00000000a3000000, 0x00000000a2f00000| Untracked 
|  48|0x00000000a3000000, 0x00000000a3100000, 0x00000000a3100000|100%| O|  |TAMS 0x00000000a3100000, 0x00000000a3000000| Untracked 
|  49|0x00000000a3100000, 0x00000000a3200000, 0x00000000a3200000|100%| O|  |TAMS 0x00000000a3200000, 0x00000000a3100000| Untracked 
|  50|0x00000000a3200000, 0x00000000a3300000, 0x00000000a3300000|100%| O|  |TAMS 0x00000000a3300000, 0x00000000a3200000| Untracked 
|  51|0x00000000a3300000, 0x00000000a3400000, 0x00000000a3400000|100%| O|  |TAMS 0x00000000a3300000, 0x00000000a3300000| Untracked 
|  52|0x00000000a3400000, 0x00000000a3500000, 0x00000000a3500000|100%| O|  |TAMS 0x00000000a3500000, 0x00000000a3400000| Untracked 
|  53|0x00000000a3500000, 0x00000000a3600000, 0x00000000a3600000|100%| O|  |TAMS 0x00000000a3600000, 0x00000000a3500000| Untracked 
|  54|0x00000000a3600000, 0x00000000a3700000, 0x00000000a3700000|100%| O|  |TAMS 0x00000000a3700000, 0x00000000a3600000| Untracked 
|  55|0x00000000a3700000, 0x00000000a3800000, 0x00000000a3800000|100%| O|  |TAMS 0x00000000a3800000, 0x00000000a3700000| Untracked 
|  56|0x00000000a3800000, 0x00000000a3900000, 0x00000000a3900000|100%| O|  |TAMS 0x00000000a3900000, 0x00000000a3800000| Untracked 
|  57|0x00000000a3900000, 0x00000000a3a00000, 0x00000000a3a00000|100%| O|  |TAMS 0x00000000a3a00000, 0x00000000a3900000| Untracked 
|  58|0x00000000a3a00000, 0x00000000a3b00000, 0x00000000a3b00000|100%| O|  |TAMS 0x00000000a3b00000, 0x00000000a3a00000| Untracked 
|  59|0x00000000a3b00000, 0x00000000a3c00000, 0x00000000a3c00000|100%| O|  |TAMS 0x00000000a3c00000, 0x00000000a3b00000| Untracked 
|  60|0x00000000a3c00000, 0x00000000a3d00000, 0x00000000a3d00000|100%| O|  |TAMS 0x00000000a3d00000, 0x00000000a3c00000| Untracked 
|  61|0x00000000a3d00000, 0x00000000a3e00000, 0x00000000a3e00000|100%| O|  |TAMS 0x00000000a3e00000, 0x00000000a3d00000| Untracked 
|  62|0x00000000a3e00000, 0x00000000a3f00000, 0x00000000a3f00000|100%| O|  |TAMS 0x00000000a3f00000, 0x00000000a3e00000| Untracked 
|  63|0x00000000a3f00000, 0x00000000a4000000, 0x00000000a4000000|100%| O|  |TAMS 0x00000000a4000000, 0x00000000a3f00000| Untracked 
|  64|0x00000000a4000000, 0x00000000a4100000, 0x00000000a4100000|100%| O|  |TAMS 0x00000000a4100000, 0x00000000a4000000| Untracked 
|  65|0x00000000a4100000, 0x00000000a4200000, 0x00000000a4200000|100%| O|  |TAMS 0x00000000a4200000, 0x00000000a4100000| Untracked 
|  66|0x00000000a4200000, 0x00000000a4300000, 0x00000000a4300000|100%| O|  |TAMS 0x00000000a4300000, 0x00000000a4200000| Untracked 
|  67|0x00000000a4300000, 0x00000000a4400000, 0x00000000a4400000|100%| O|  |TAMS 0x00000000a4400000, 0x00000000a4300000| Untracked 
|  68|0x00000000a4400000, 0x00000000a4500000, 0x00000000a4500000|100%| O|  |TAMS 0x00000000a4500000, 0x00000000a4400000| Untracked 
|  69|0x00000000a4500000, 0x00000000a4600000, 0x00000000a4600000|100%| O|  |TAMS 0x00000000a4600000, 0x00000000a4500000| Untracked 
|  70|0x00000000a4600000, 0x00000000a4700000, 0x00000000a4700000|100%| O|  |TAMS 0x00000000a4700000, 0x00000000a4600000| Untracked 
|  71|0x00000000a4700000, 0x00000000a4800000, 0x00000000a4800000|100%| O|  |TAMS 0x00000000a4800000, 0x00000000a4700000| Untracked 
|  72|0x00000000a4800000, 0x00000000a4900000, 0x00000000a4900000|100%| O|  |TAMS 0x00000000a4900000, 0x00000000a4800000| Untracked 
|  73|0x00000000a4900000, 0x00000000a4a00000, 0x00000000a4a00000|100%| O|  |TAMS 0x00000000a4a00000, 0x00000000a4900000| Untracked 
|  74|0x00000000a4a00000, 0x00000000a4b00000, 0x00000000a4b00000|100%| O|  |TAMS 0x00000000a4b00000, 0x00000000a4a00000| Untracked 
|  75|0x00000000a4b00000, 0x00000000a4c00000, 0x00000000a4c00000|100%| O|  |TAMS 0x00000000a4c00000, 0x00000000a4b00000| Untracked 
|  76|0x00000000a4c00000, 0x00000000a4d00000, 0x00000000a4d00000|100%| O|  |TAMS 0x00000000a4d00000, 0x00000000a4c00000| Untracked 
|  77|0x00000000a4d00000, 0x00000000a4e00000, 0x00000000a4e00000|100%| O|  |TAMS 0x00000000a4e00000, 0x00000000a4d00000| Untracked 
|  78|0x00000000a4e00000, 0x00000000a4f00000, 0x00000000a4f00000|100%| O|  |TAMS 0x00000000a4f00000, 0x00000000a4e00000| Untracked 
|  79|0x00000000a4f00000, 0x00000000a5000000, 0x00000000a5000000|100%| O|  |TAMS 0x00000000a5000000, 0x00000000a4f00000| Untracked 
|  80|0x00000000a5000000, 0x00000000a5100000, 0x00000000a5100000|100%| O|  |TAMS 0x00000000a5100000, 0x00000000a5000000| Untracked 
|  81|0x00000000a5100000, 0x00000000a5200000, 0x00000000a5200000|100%| O|  |TAMS 0x00000000a5200000, 0x00000000a5100000| Untracked 
|  82|0x00000000a5200000, 0x00000000a5300000, 0x00000000a5300000|100%| O|  |TAMS 0x00000000a5300000, 0x00000000a5200000| Untracked 
|  83|0x00000000a5300000, 0x00000000a5400000, 0x00000000a5400000|100%| O|  |TAMS 0x00000000a5400000, 0x00000000a5300000| Untracked 
|  84|0x00000000a5400000, 0x00000000a5500000, 0x00000000a5500000|100%| O|  |TAMS 0x00000000a5400000, 0x00000000a5400000| Untracked 
|  85|0x00000000a5500000, 0x00000000a5600000, 0x00000000a5600000|100%| O|  |TAMS 0x00000000a5600000, 0x00000000a5500000| Untracked 
|  86|0x00000000a5600000, 0x00000000a5700000, 0x00000000a5700000|100%| O|  |TAMS 0x00000000a5700000, 0x00000000a5600000| Untracked 
|  87|0x00000000a5700000, 0x00000000a5800000, 0x00000000a5800000|100%| O|  |TAMS 0x00000000a5800000, 0x00000000a5700000| Untracked 
|  88|0x00000000a5800000, 0x00000000a5900000, 0x00000000a5900000|100%| O|  |TAMS 0x00000000a5900000, 0x00000000a5800000| Untracked 
|  89|0x00000000a5900000, 0x00000000a5a00000, 0x00000000a5a00000|100%| O|  |TAMS 0x00000000a5a00000, 0x00000000a5900000| Untracked 
|  90|0x00000000a5a00000, 0x00000000a5b00000, 0x00000000a5b00000|100%| O|  |TAMS 0x00000000a5b00000, 0x00000000a5a00000| Untracked 
|  91|0x00000000a5b00000, 0x00000000a5c00000, 0x00000000a5c00000|100%| O|  |TAMS 0x00000000a5c00000, 0x00000000a5b00000| Untracked 
|  92|0x00000000a5c00000, 0x00000000a5d00000, 0x00000000a5d00000|100%| O|  |TAMS 0x00000000a5d00000, 0x00000000a5c00000| Untracked 
|  93|0x00000000a5d00000, 0x00000000a5e00000, 0x00000000a5e00000|100%| O|  |TAMS 0x00000000a5e00000, 0x00000000a5d00000| Untracked 
|  94|0x00000000a5e00000, 0x00000000a5f00000, 0x00000000a5f00000|100%| O|  |TAMS 0x00000000a5f00000, 0x00000000a5e00000| Untracked 
|  95|0x00000000a5f00000, 0x00000000a6000000, 0x00000000a6000000|100%| O|  |TAMS 0x00000000a6000000, 0x00000000a5f00000| Untracked 
|  96|0x00000000a6000000, 0x00000000a6100000, 0x00000000a6100000|100%| O|  |TAMS 0x00000000a6100000, 0x00000000a6000000| Untracked 
|  97|0x00000000a6100000, 0x00000000a6200000, 0x00000000a6200000|100%| O|  |TAMS 0x00000000a6200000, 0x00000000a6100000| Untracked 
|  98|0x00000000a6200000, 0x00000000a6300000, 0x00000000a6300000|100%| O|  |TAMS 0x00000000a6300000, 0x00000000a6200000| Untracked 
|  99|0x00000000a6300000, 0x00000000a6400000, 0x00000000a6400000|100%| O|  |TAMS 0x00000000a6400000, 0x00000000a6300000| Untracked 
| 100|0x00000000a6400000, 0x00000000a6500000, 0x00000000a6500000|100%| O|  |TAMS 0x00000000a6500000, 0x00000000a6400000| Untracked 
| 101|0x00000000a6500000, 0x00000000a6600000, 0x00000000a6600000|100%| O|  |TAMS 0x00000000a6500000, 0x00000000a6500000| Untracked 
| 102|0x00000000a6600000, 0x00000000a6700000, 0x00000000a6700000|100%| O|  |TAMS 0x00000000a6700000, 0x00000000a6600000| Untracked 
| 103|0x00000000a6700000, 0x00000000a6800000, 0x00000000a6800000|100%| O|  |TAMS 0x00000000a6800000, 0x00000000a6700000| Untracked 
| 104|0x00000000a6800000, 0x00000000a6900000, 0x00000000a6900000|100%| O|  |TAMS 0x00000000a6900000, 0x00000000a6800000| Untracked 
| 105|0x00000000a6900000, 0x00000000a6a00000, 0x00000000a6a00000|100%| O|  |TAMS 0x00000000a6a00000, 0x00000000a6900000| Untracked 
| 106|0x00000000a6a00000, 0x00000000a6b00000, 0x00000000a6b00000|100%| O|  |TAMS 0x00000000a6b00000, 0x00000000a6a00000| Untracked 
| 107|0x00000000a6b00000, 0x00000000a6c00000, 0x00000000a6c00000|100%| O|  |TAMS 0x00000000a6c00000, 0x00000000a6b00000| Untracked 
| 108|0x00000000a6c00000, 0x00000000a6d00000, 0x00000000a6d00000|100%| O|  |TAMS 0x00000000a6d00000, 0x00000000a6c00000| Untracked 
| 109|0x00000000a6d00000, 0x00000000a6e00000, 0x00000000a6e00000|100%| O|  |TAMS 0x00000000a6e00000, 0x00000000a6d00000| Untracked 
| 110|0x00000000a6e00000, 0x00000000a6f00000, 0x00000000a6f00000|100%| O|  |TAMS 0x00000000a6e00000, 0x00000000a6e00000| Untracked 
| 111|0x00000000a6f00000, 0x00000000a7000000, 0x00000000a7000000|100%| O|  |TAMS 0x00000000a7000000, 0x00000000a6f00000| Untracked 
| 112|0x00000000a7000000, 0x00000000a7100000, 0x00000000a7100000|100%| O|  |TAMS 0x00000000a7100000, 0x00000000a7000000| Untracked 
| 113|0x00000000a7100000, 0x00000000a7200000, 0x00000000a7200000|100%| O|  |TAMS 0x00000000a7200000, 0x00000000a7100000| Untracked 
| 114|0x00000000a7200000, 0x00000000a7300000, 0x00000000a7300000|100%| O|  |TAMS 0x00000000a7300000, 0x00000000a7200000| Untracked 
| 115|0x00000000a7300000, 0x00000000a7400000, 0x00000000a7400000|100%| O|  |TAMS 0x00000000a7400000, 0x00000000a7300000| Untracked 
| 116|0x00000000a7400000, 0x00000000a7500000, 0x00000000a7500000|100%| O|  |TAMS 0x00000000a7500000, 0x00000000a7400000| Untracked 
| 117|0x00000000a7500000, 0x00000000a7600000, 0x00000000a7600000|100%| O|  |TAMS 0x00000000a7600000, 0x00000000a7500000| Untracked 
| 118|0x00000000a7600000, 0x00000000a7700000, 0x00000000a7700000|100%| O|  |TAMS 0x00000000a7700000, 0x00000000a7600000| Untracked 
| 119|0x00000000a7700000, 0x00000000a7800000, 0x00000000a7800000|100%| O|  |TAMS 0x00000000a7800000, 0x00000000a7700000| Untracked 
| 120|0x00000000a7800000, 0x00000000a7900000, 0x00000000a7900000|100%| O|  |TAMS 0x00000000a7900000, 0x00000000a7800000| Untracked 
| 121|0x00000000a7900000, 0x00000000a7a00000, 0x00000000a7a00000|100%| O|  |TAMS 0x00000000a7a00000, 0x00000000a7900000| Untracked 
| 122|0x00000000a7a00000, 0x00000000a7b00000, 0x00000000a7b00000|100%| O|  |TAMS 0x00000000a7b00000, 0x00000000a7a00000| Untracked 
| 123|0x00000000a7b00000, 0x00000000a7c00000, 0x00000000a7c00000|100%| O|  |TAMS 0x00000000a7c00000, 0x00000000a7b00000| Untracked 
| 124|0x00000000a7c00000, 0x00000000a7d00000, 0x00000000a7d00000|100%| O|  |TAMS 0x00000000a7d00000, 0x00000000a7c00000| Untracked 
| 125|0x00000000a7d00000, 0x00000000a7e00000, 0x00000000a7e00000|100%| O|  |TAMS 0x00000000a7e00000, 0x00000000a7d00000| Untracked 
| 126|0x00000000a7e00000, 0x00000000a7f00000, 0x00000000a7f00000|100%| O|  |TAMS 0x00000000a7f00000, 0x00000000a7e00000| Untracked 
| 127|0x00000000a7f00000, 0x00000000a8000000, 0x00000000a8000000|100%| O|  |TAMS 0x00000000a8000000, 0x00000000a7f00000| Untracked 
| 128|0x00000000a8000000, 0x00000000a8100000, 0x00000000a8100000|100%| O|  |TAMS 0x00000000a8100000, 0x00000000a8000000| Untracked 
| 129|0x00000000a8100000, 0x00000000a8200000, 0x00000000a8200000|100%| O|  |TAMS 0x00000000a8200000, 0x00000000a8100000| Untracked 
| 130|0x00000000a8200000, 0x00000000a8300000, 0x00000000a8300000|100%| O|  |TAMS 0x00000000a8207000, 0x00000000a8200000| Untracked 
| 131|0x00000000a8300000, 0x00000000a8400000, 0x00000000a8400000|100%| O|  |TAMS 0x00000000a8300000, 0x00000000a8300000| Untracked 
| 132|0x00000000a8400000, 0x00000000a8500000, 0x00000000a8500000|100%| O|  |TAMS 0x00000000a8400000, 0x00000000a8400000| Untracked 
| 133|0x00000000a8500000, 0x00000000a8600000, 0x00000000a8600000|100%| O|  |TAMS 0x00000000a8500000, 0x00000000a8500000| Untracked 
| 134|0x00000000a8600000, 0x00000000a8700000, 0x00000000a8700000|100%| O|  |TAMS 0x00000000a8600000, 0x00000000a8600000| Untracked 
| 135|0x00000000a8700000, 0x00000000a8800000, 0x00000000a8800000|100%| O|  |TAMS 0x00000000a8700000, 0x00000000a8700000| Untracked 
| 136|0x00000000a8800000, 0x00000000a8900000, 0x00000000a8900000|100%| O|  |TAMS 0x00000000a8800000, 0x00000000a8800000| Untracked 
| 137|0x00000000a8900000, 0x00000000a8a00000, 0x00000000a8a00000|100%| O|  |TAMS 0x00000000a8900000, 0x00000000a8900000| Untracked 
| 138|0x00000000a8a00000, 0x00000000a8b00000, 0x00000000a8b00000|100%| O|  |TAMS 0x00000000a8a00000, 0x00000000a8a00000| Untracked 
| 139|0x00000000a8b00000, 0x00000000a8c00000, 0x00000000a8c00000|100%| O|  |TAMS 0x00000000a8b00000, 0x00000000a8b00000| Untracked 
| 140|0x00000000a8c00000, 0x00000000a8d00000, 0x00000000a8d00000|100%| O|  |TAMS 0x00000000a8c00000, 0x00000000a8c00000| Untracked 
| 141|0x00000000a8d00000, 0x00000000a8e00000, 0x00000000a8e00000|100%| O|  |TAMS 0x00000000a8d00000, 0x00000000a8d00000| Untracked 
| 142|0x00000000a8e00000, 0x00000000a8f00000, 0x00000000a8f00000|100%| O|  |TAMS 0x00000000a8e00000, 0x00000000a8e00000| Untracked 
| 143|0x00000000a8f00000, 0x00000000a9000000, 0x00000000a9000000|100%| O|  |TAMS 0x00000000a8f00000, 0x00000000a8f00000| Untracked 
| 144|0x00000000a9000000, 0x00000000a9100000, 0x00000000a9100000|100%| O|  |TAMS 0x00000000a9000000, 0x00000000a9000000| Untracked 
| 145|0x00000000a9100000, 0x00000000a9200000, 0x00000000a9200000|100%| O|  |TAMS 0x00000000a9100000, 0x00000000a9100000| Untracked 
| 146|0x00000000a9200000, 0x00000000a9300000, 0x00000000a9300000|100%| O|  |TAMS 0x00000000a9200000, 0x00000000a9200000| Untracked 
| 147|0x00000000a9300000, 0x00000000a9400000, 0x00000000a9400000|100%| O|  |TAMS 0x00000000a9300000, 0x00000000a9300000| Untracked 
| 148|0x00000000a9400000, 0x00000000a9500000, 0x00000000a9500000|100%| O|  |TAMS 0x00000000a9400000, 0x00000000a9400000| Untracked 
| 149|0x00000000a9500000, 0x00000000a9600000, 0x00000000a9600000|100%| O|  |TAMS 0x00000000a9500000, 0x00000000a9500000| Untracked 
| 150|0x00000000a9600000, 0x00000000a9700000, 0x00000000a9700000|100%| O|  |TAMS 0x00000000a9600000, 0x00000000a9600000| Untracked 
| 151|0x00000000a9700000, 0x00000000a9800000, 0x00000000a9800000|100%| O|  |TAMS 0x00000000a9700000, 0x00000000a9700000| Untracked 
| 152|0x00000000a9800000, 0x00000000a9900000, 0x00000000a9900000|100%| O|  |TAMS 0x00000000a9800000, 0x00000000a9800000| Untracked 
| 153|0x00000000a9900000, 0x00000000a9a00000, 0x00000000a9a00000|100%| O|  |TAMS 0x00000000a9900000, 0x00000000a9900000| Untracked 
| 154|0x00000000a9a00000, 0x00000000a9b00000, 0x00000000a9b00000|100%| O|  |TAMS 0x00000000a9a00000, 0x00000000a9a00000| Untracked 
| 155|0x00000000a9b00000, 0x00000000a9c00000, 0x00000000a9c00000|100%| O|  |TAMS 0x00000000a9b00000, 0x00000000a9b00000| Untracked 
| 156|0x00000000a9c00000, 0x00000000a9d00000, 0x00000000a9d00000|100%| O|  |TAMS 0x00000000a9c00000, 0x00000000a9c00000| Untracked 
| 157|0x00000000a9d00000, 0x00000000a9e00000, 0x00000000a9e00000|100%| O|  |TAMS 0x00000000a9d00000, 0x00000000a9d00000| Untracked 
| 158|0x00000000a9e00000, 0x00000000a9f00000, 0x00000000a9f00000|100%| O|  |TAMS 0x00000000a9e00000, 0x00000000a9e00000| Untracked 
| 159|0x00000000a9f00000, 0x00000000aa000000, 0x00000000aa000000|100%| O|  |TAMS 0x00000000a9f00000, 0x00000000a9f00000| Untracked 
| 160|0x00000000aa000000, 0x00000000aa100000, 0x00000000aa100000|100%| O|  |TAMS 0x00000000aa000000, 0x00000000aa000000| Untracked 
| 161|0x00000000aa100000, 0x00000000aa200000, 0x00000000aa200000|100%| O|  |TAMS 0x00000000aa100000, 0x00000000aa100000| Untracked 
| 162|0x00000000aa200000, 0x00000000aa22d800, 0x00000000aa300000| 17%| O|  |TAMS 0x00000000aa200000, 0x00000000aa200000| Untracked 
| 163|0x00000000aa300000, 0x00000000aa300000, 0x00000000aa400000|  0%| F|  |TAMS 0x00000000aa300000, 0x00000000aa300000| Untracked 
| 164|0x00000000aa400000, 0x00000000aa400000, 0x00000000aa500000|  0%| F|  |TAMS 0x00000000aa400000, 0x00000000aa400000| Untracked 
| 165|0x00000000aa500000, 0x00000000aa500000, 0x00000000aa600000|  0%| F|  |TAMS 0x00000000aa500000, 0x00000000aa500000| Untracked 
| 166|0x00000000aa600000, 0x00000000aa600000, 0x00000000aa700000|  0%| F|  |TAMS 0x00000000aa600000, 0x00000000aa600000| Untracked 
| 167|0x00000000aa700000, 0x00000000aa700000, 0x00000000aa800000|  0%| F|  |TAMS 0x00000000aa700000, 0x00000000aa700000| Untracked 
| 168|0x00000000aa800000, 0x00000000aa800000, 0x00000000aa900000|  0%| F|  |TAMS 0x00000000aa800000, 0x00000000aa800000| Untracked 
| 169|0x00000000aa900000, 0x00000000aa900000, 0x00000000aaa00000|  0%| F|  |TAMS 0x00000000aa900000, 0x00000000aa900000| Untracked 
| 170|0x00000000aaa00000, 0x00000000aaa00000, 0x00000000aab00000|  0%| F|  |TAMS 0x00000000aaa00000, 0x00000000aaa00000| Untracked 
| 171|0x00000000aab00000, 0x00000000aab00000, 0x00000000aac00000|  0%| F|  |TAMS 0x00000000aab00000, 0x00000000aab00000| Untracked 
| 172|0x00000000aac00000, 0x00000000aac00000, 0x00000000aad00000|  0%| F|  |TAMS 0x00000000aac00000, 0x00000000aac00000| Untracked 
| 173|0x00000000aad00000, 0x00000000aad00000, 0x00000000aae00000|  0%| F|  |TAMS 0x00000000aad00000, 0x00000000aad00000| Untracked 
| 174|0x00000000aae00000, 0x00000000aae00000, 0x00000000aaf00000|  0%| F|  |TAMS 0x00000000aae00000, 0x00000000aae00000| Untracked 
| 175|0x00000000aaf00000, 0x00000000aaf00000, 0x00000000ab000000|  0%| F|  |TAMS 0x00000000aaf00000, 0x00000000aaf00000| Untracked 
| 176|0x00000000ab000000, 0x00000000ab000000, 0x00000000ab100000|  0%| F|  |TAMS 0x00000000ab000000, 0x00000000ab000000| Untracked 
| 177|0x00000000ab100000, 0x00000000ab100000, 0x00000000ab200000|  0%| F|  |TAMS 0x00000000ab100000, 0x00000000ab100000| Untracked 
| 178|0x00000000ab200000, 0x00000000ab200000, 0x00000000ab300000|  0%| F|  |TAMS 0x00000000ab200000, 0x00000000ab200000| Untracked 
| 179|0x00000000ab300000, 0x00000000ab300000, 0x00000000ab400000|  0%| F|  |TAMS 0x00000000ab300000, 0x00000000ab300000| Untracked 
| 180|0x00000000ab400000, 0x00000000ab400000, 0x00000000ab500000|  0%| F|  |TAMS 0x00000000ab400000, 0x00000000ab400000| Untracked 
| 181|0x00000000ab500000, 0x00000000ab500000, 0x00000000ab600000|  0%| F|  |TAMS 0x00000000ab500000, 0x00000000ab500000| Untracked 
| 182|0x00000000ab600000, 0x00000000ab600000, 0x00000000ab700000|  0%| F|  |TAMS 0x00000000ab600000, 0x00000000ab600000| Untracked 
| 183|0x00000000ab700000, 0x00000000ab700000, 0x00000000ab800000|  0%| F|  |TAMS 0x00000000ab700000, 0x00000000ab700000| Untracked 
| 184|0x00000000ab800000, 0x00000000ab800000, 0x00000000ab900000|  0%| F|  |TAMS 0x00000000ab800000, 0x00000000ab800000| Untracked 
| 185|0x00000000ab900000, 0x00000000ab900000, 0x00000000aba00000|  0%| F|  |TAMS 0x00000000ab900000, 0x00000000ab900000| Untracked 
| 186|0x00000000aba00000, 0x00000000aba00000, 0x00000000abb00000|  0%| F|  |TAMS 0x00000000aba00000, 0x00000000aba00000| Untracked 
| 187|0x00000000abb00000, 0x00000000abb00000, 0x00000000abc00000|  0%| F|  |TAMS 0x00000000abb00000, 0x00000000abb00000| Untracked 
| 188|0x00000000abc00000, 0x00000000abc00000, 0x00000000abd00000|  0%| F|  |TAMS 0x00000000abc00000, 0x00000000abc00000| Untracked 
| 189|0x00000000abd00000, 0x00000000abd00000, 0x00000000abe00000|  0%| F|  |TAMS 0x00000000abd00000, 0x00000000abd00000| Untracked 
| 190|0x00000000abe00000, 0x00000000abe00000, 0x00000000abf00000|  0%| F|  |TAMS 0x00000000abe00000, 0x00000000abe00000| Untracked 
| 191|0x00000000abf00000, 0x00000000abf00000, 0x00000000ac000000|  0%| F|  |TAMS 0x00000000abf00000, 0x00000000abf00000| Untracked 
| 192|0x00000000ac000000, 0x00000000ac000000, 0x00000000ac100000|  0%| F|  |TAMS 0x00000000ac000000, 0x00000000ac000000| Untracked 
| 193|0x00000000ac100000, 0x00000000ac100000, 0x00000000ac200000|  0%| F|  |TAMS 0x00000000ac100000, 0x00000000ac100000| Untracked 
| 194|0x00000000ac200000, 0x00000000ac200000, 0x00000000ac300000|  0%| F|  |TAMS 0x00000000ac200000, 0x00000000ac200000| Untracked 
| 195|0x00000000ac300000, 0x00000000ac300000, 0x00000000ac400000|  0%| F|  |TAMS 0x00000000ac300000, 0x00000000ac300000| Untracked 
| 196|0x00000000ac400000, 0x00000000ac400000, 0x00000000ac500000|  0%| F|  |TAMS 0x00000000ac400000, 0x00000000ac400000| Untracked 
| 197|0x00000000ac500000, 0x00000000ac500000, 0x00000000ac600000|  0%| F|  |TAMS 0x00000000ac500000, 0x00000000ac500000| Untracked 
| 198|0x00000000ac600000, 0x00000000ac600000, 0x00000000ac700000|  0%| F|  |TAMS 0x00000000ac600000, 0x00000000ac600000| Untracked 
| 199|0x00000000ac700000, 0x00000000ac700000, 0x00000000ac800000|  0%| F|  |TAMS 0x00000000ac700000, 0x00000000ac700000| Untracked 
| 200|0x00000000ac800000, 0x00000000ac800000, 0x00000000ac900000|  0%| F|  |TAMS 0x00000000ac800000, 0x00000000ac800000| Untracked 
| 201|0x00000000ac900000, 0x00000000ac900000, 0x00000000aca00000|  0%| F|  |TAMS 0x00000000ac900000, 0x00000000ac900000| Untracked 
| 202|0x00000000aca00000, 0x00000000aca00000, 0x00000000acb00000|  0%| F|  |TAMS 0x00000000aca00000, 0x00000000aca00000| Untracked 
| 203|0x00000000acb00000, 0x00000000acb00000, 0x00000000acc00000|  0%| F|  |TAMS 0x00000000acb00000, 0x00000000acb00000| Untracked 
| 204|0x00000000acc00000, 0x00000000acc00000, 0x00000000acd00000|  0%| F|  |TAMS 0x00000000acc00000, 0x00000000acc00000| Untracked 
| 205|0x00000000acd00000, 0x00000000acd00000, 0x00000000ace00000|  0%| F|  |TAMS 0x00000000acd00000, 0x00000000acd00000| Untracked 
| 206|0x00000000ace00000, 0x00000000ace00000, 0x00000000acf00000|  0%| F|  |TAMS 0x00000000ace00000, 0x00000000ace00000| Untracked 
| 207|0x00000000acf00000, 0x00000000acf00000, 0x00000000ad000000|  0%| F|  |TAMS 0x00000000acf00000, 0x00000000acf00000| Untracked 
| 208|0x00000000ad000000, 0x00000000ad000000, 0x00000000ad100000|  0%| F|  |TAMS 0x00000000ad000000, 0x00000000ad000000| Untracked 
| 209|0x00000000ad100000, 0x00000000ad100000, 0x00000000ad200000|  0%| F|  |TAMS 0x00000000ad100000, 0x00000000ad100000| Untracked 
| 210|0x00000000ad200000, 0x00000000ad200000, 0x00000000ad300000|  0%| F|  |TAMS 0x00000000ad200000, 0x00000000ad200000| Untracked 
| 211|0x00000000ad300000, 0x00000000ad300000, 0x00000000ad400000|  0%| F|  |TAMS 0x00000000ad300000, 0x00000000ad300000| Untracked 
| 212|0x00000000ad400000, 0x00000000ad400000, 0x00000000ad500000|  0%| F|  |TAMS 0x00000000ad400000, 0x00000000ad400000| Untracked 
| 213|0x00000000ad500000, 0x00000000ad500000, 0x00000000ad600000|  0%| F|  |TAMS 0x00000000ad500000, 0x00000000ad500000| Untracked 
| 214|0x00000000ad600000, 0x00000000ad600000, 0x00000000ad700000|  0%| F|  |TAMS 0x00000000ad600000, 0x00000000ad600000| Untracked 
| 215|0x00000000ad700000, 0x00000000ad75cdf0, 0x00000000ad800000| 36%| S|CS|TAMS 0x00000000ad700000, 0x00000000ad700000| Complete 
| 216|0x00000000ad800000, 0x00000000ad900000, 0x00000000ad900000|100%| S|CS|TAMS 0x00000000ad800000, 0x00000000ad800000| Complete 
| 217|0x00000000ad900000, 0x00000000ad900000, 0x00000000ada00000|  0%| F|  |TAMS 0x00000000ad900000, 0x00000000ad900000| Untracked 
| 218|0x00000000ada00000, 0x00000000ada00000, 0x00000000adb00000|  0%| F|  |TAMS 0x00000000ada00000, 0x00000000ada00000| Untracked 
| 219|0x00000000adb00000, 0x00000000adb00000, 0x00000000adc00000|  0%| F|  |TAMS 0x00000000adb00000, 0x00000000adb00000| Untracked 
| 220|0x00000000adc00000, 0x00000000adc00000, 0x00000000add00000|  0%| F|  |TAMS 0x00000000adc00000, 0x00000000adc00000| Untracked 
| 221|0x00000000add00000, 0x00000000add00000, 0x00000000ade00000|  0%| F|  |TAMS 0x00000000add00000, 0x00000000add00000| Untracked 
| 222|0x00000000ade00000, 0x00000000ade00000, 0x00000000adf00000|  0%| F|  |TAMS 0x00000000ade00000, 0x00000000ade00000| Untracked 
| 223|0x00000000adf00000, 0x00000000adf00000, 0x00000000ae000000|  0%| F|  |TAMS 0x00000000adf00000, 0x00000000adf00000| Untracked 
| 224|0x00000000ae000000, 0x00000000ae100000, 0x00000000ae100000|100%| S|CS|TAMS 0x00000000ae000000, 0x00000000ae000000| Complete 
| 225|0x00000000ae100000, 0x00000000ae200000, 0x00000000ae200000|100%| S|CS|TAMS 0x00000000ae100000, 0x00000000ae100000| Complete 
| 226|0x00000000ae200000, 0x00000000ae300000, 0x00000000ae300000|100%| S|CS|TAMS 0x00000000ae200000, 0x00000000ae200000| Complete 
| 227|0x00000000ae300000, 0x00000000ae400000, 0x00000000ae400000|100%| S|CS|TAMS 0x00000000ae300000, 0x00000000ae300000| Complete 
| 228|0x00000000ae400000, 0x00000000ae500000, 0x00000000ae500000|100%| S|CS|TAMS 0x00000000ae400000, 0x00000000ae400000| Complete 
| 229|0x00000000ae500000, 0x00000000ae600000, 0x00000000ae600000|100%| S|CS|TAMS 0x00000000ae500000, 0x00000000ae500000| Complete 
| 230|0x00000000ae600000, 0x00000000ae600000, 0x00000000ae700000|  0%| F|  |TAMS 0x00000000ae600000, 0x00000000ae600000| Untracked 
| 231|0x00000000ae700000, 0x00000000ae700000, 0x00000000ae800000|  0%| F|  |TAMS 0x00000000ae700000, 0x00000000ae700000| Untracked 
| 232|0x00000000ae800000, 0x00000000ae800000, 0x00000000ae900000|  0%| F|  |TAMS 0x00000000ae800000, 0x00000000ae800000| Untracked 
| 233|0x00000000ae900000, 0x00000000ae900000, 0x00000000aea00000|  0%| F|  |TAMS 0x00000000ae900000, 0x00000000ae900000| Untracked 
| 234|0x00000000aea00000, 0x00000000aea00000, 0x00000000aeb00000|  0%| F|  |TAMS 0x00000000aea00000, 0x00000000aea00000| Untracked 
| 235|0x00000000aeb00000, 0x00000000aeb00000, 0x00000000aec00000|  0%| F|  |TAMS 0x00000000aeb00000, 0x00000000aeb00000| Untracked 
| 236|0x00000000aec00000, 0x00000000aec00000, 0x00000000aed00000|  0%| F|  |TAMS 0x00000000aec00000, 0x00000000aec00000| Untracked 
| 237|0x00000000aed00000, 0x00000000aed00000, 0x00000000aee00000|  0%| F|  |TAMS 0x00000000aed00000, 0x00000000aed00000| Untracked 
| 238|0x00000000aee00000, 0x00000000aee00000, 0x00000000aef00000|  0%| F|  |TAMS 0x00000000aee00000, 0x00000000aee00000| Untracked 
| 239|0x00000000aef00000, 0x00000000aef00000, 0x00000000af000000|  0%| F|  |TAMS 0x00000000aef00000, 0x00000000aef00000| Untracked 
| 240|0x00000000af000000, 0x00000000af000000, 0x00000000af100000|  0%| F|  |TAMS 0x00000000af000000, 0x00000000af000000| Untracked 
| 241|0x00000000af100000, 0x00000000af100000, 0x00000000af200000|  0%| F|  |TAMS 0x00000000af100000, 0x00000000af100000| Untracked 
| 242|0x00000000af200000, 0x00000000af200000, 0x00000000af300000|  0%| F|  |TAMS 0x00000000af200000, 0x00000000af200000| Untracked 
| 243|0x00000000af300000, 0x00000000af300000, 0x00000000af400000|  0%| F|  |TAMS 0x00000000af300000, 0x00000000af300000| Untracked 
| 244|0x00000000af400000, 0x00000000af400000, 0x00000000af500000|  0%| F|  |TAMS 0x00000000af400000, 0x00000000af400000| Untracked 
| 245|0x00000000af500000, 0x00000000af500000, 0x00000000af600000|  0%| F|  |TAMS 0x00000000af500000, 0x00000000af500000| Untracked 
| 246|0x00000000af600000, 0x00000000af600000, 0x00000000af700000|  0%| F|  |TAMS 0x00000000af600000, 0x00000000af600000| Untracked 
| 247|0x00000000af700000, 0x00000000af700000, 0x00000000af800000|  0%| F|  |TAMS 0x00000000af700000, 0x00000000af700000| Untracked 
| 248|0x00000000af800000, 0x00000000af800000, 0x00000000af900000|  0%| F|  |TAMS 0x00000000af800000, 0x00000000af800000| Untracked 
| 249|0x00000000af900000, 0x00000000af900000, 0x00000000afa00000|  0%| F|  |TAMS 0x00000000af900000, 0x00000000af900000| Untracked 
| 250|0x00000000afa00000, 0x00000000afa00000, 0x00000000afb00000|  0%| F|  |TAMS 0x00000000afa00000, 0x00000000afa00000| Untracked 
| 251|0x00000000afb00000, 0x00000000afb00000, 0x00000000afc00000|  0%| F|  |TAMS 0x00000000afb00000, 0x00000000afb00000| Untracked 
| 252|0x00000000afc00000, 0x00000000afc00000, 0x00000000afd00000|  0%| F|  |TAMS 0x00000000afc00000, 0x00000000afc00000| Untracked 
| 253|0x00000000afd00000, 0x00000000afd00000, 0x00000000afe00000|  0%| F|  |TAMS 0x00000000afd00000, 0x00000000afd00000| Untracked 
| 254|0x00000000afe00000, 0x00000000afe00000, 0x00000000aff00000|  0%| F|  |TAMS 0x00000000afe00000, 0x00000000afe00000| Untracked 
| 255|0x00000000aff00000, 0x00000000aff00000, 0x00000000b0000000|  0%| F|  |TAMS 0x00000000aff00000, 0x00000000aff00000| Untracked 
| 256|0x00000000b0000000, 0x00000000b0000000, 0x00000000b0100000|  0%| F|  |TAMS 0x00000000b0000000, 0x00000000b0000000| Untracked 
| 257|0x00000000b0100000, 0x00000000b0100000, 0x00000000b0200000|  0%| F|  |TAMS 0x00000000b0100000, 0x00000000b0100000| Untracked 
| 258|0x00000000b0200000, 0x00000000b0200000, 0x00000000b0300000|  0%| F|  |TAMS 0x00000000b0200000, 0x00000000b0200000| Untracked 
| 259|0x00000000b0300000, 0x00000000b0300000, 0x00000000b0400000|  0%| F|  |TAMS 0x00000000b0300000, 0x00000000b0300000| Untracked 
| 260|0x00000000b0400000, 0x00000000b0400000, 0x00000000b0500000|  0%| F|  |TAMS 0x00000000b0400000, 0x00000000b0400000| Untracked 
| 261|0x00000000b0500000, 0x00000000b0500000, 0x00000000b0600000|  0%| F|  |TAMS 0x00000000b0500000, 0x00000000b0500000| Untracked 
| 262|0x00000000b0600000, 0x00000000b0600000, 0x00000000b0700000|  0%| F|  |TAMS 0x00000000b0600000, 0x00000000b0600000| Untracked 
| 263|0x00000000b0700000, 0x00000000b0700000, 0x00000000b0800000|  0%| F|  |TAMS 0x00000000b0700000, 0x00000000b0700000| Untracked 
| 264|0x00000000b0800000, 0x00000000b0800000, 0x00000000b0900000|  0%| F|  |TAMS 0x00000000b0800000, 0x00000000b0800000| Untracked 
| 265|0x00000000b0900000, 0x00000000b0900000, 0x00000000b0a00000|  0%| F|  |TAMS 0x00000000b0900000, 0x00000000b0900000| Untracked 
| 266|0x00000000b0a00000, 0x00000000b0a00000, 0x00000000b0b00000|  0%| F|  |TAMS 0x00000000b0a00000, 0x00000000b0a00000| Untracked 
| 267|0x00000000b0b00000, 0x00000000b0b00000, 0x00000000b0c00000|  0%| F|  |TAMS 0x00000000b0b00000, 0x00000000b0b00000| Untracked 
| 268|0x00000000b0c00000, 0x00000000b0c00000, 0x00000000b0d00000|  0%| F|  |TAMS 0x00000000b0c00000, 0x00000000b0c00000| Untracked 
| 269|0x00000000b0d00000, 0x00000000b0d00000, 0x00000000b0e00000|  0%| F|  |TAMS 0x00000000b0d00000, 0x00000000b0d00000| Untracked 
| 270|0x00000000b0e00000, 0x00000000b0e00000, 0x00000000b0f00000|  0%| F|  |TAMS 0x00000000b0e00000, 0x00000000b0e00000| Untracked 
| 271|0x00000000b0f00000, 0x00000000b0f00000, 0x00000000b1000000|  0%| F|  |TAMS 0x00000000b0f00000, 0x00000000b0f00000| Untracked 
| 272|0x00000000b1000000, 0x00000000b1000000, 0x00000000b1100000|  0%| F|  |TAMS 0x00000000b1000000, 0x00000000b1000000| Untracked 
| 273|0x00000000b1100000, 0x00000000b1100000, 0x00000000b1200000|  0%| F|  |TAMS 0x00000000b1100000, 0x00000000b1100000| Untracked 
| 274|0x00000000b1200000, 0x00000000b1200000, 0x00000000b1300000|  0%| F|  |TAMS 0x00000000b1200000, 0x00000000b1200000| Untracked 
| 275|0x00000000b1300000, 0x00000000b1300000, 0x00000000b1400000|  0%| F|  |TAMS 0x00000000b1300000, 0x00000000b1300000| Untracked 
| 276|0x00000000b1400000, 0x00000000b1400000, 0x00000000b1500000|  0%| F|  |TAMS 0x00000000b1400000, 0x00000000b1400000| Untracked 
| 277|0x00000000b1500000, 0x00000000b1500000, 0x00000000b1600000|  0%| F|  |TAMS 0x00000000b1500000, 0x00000000b1500000| Untracked 
| 278|0x00000000b1600000, 0x00000000b1600000, 0x00000000b1700000|  0%| F|  |TAMS 0x00000000b1600000, 0x00000000b1600000| Untracked 
| 279|0x00000000b1700000, 0x00000000b1700000, 0x00000000b1800000|  0%| F|  |TAMS 0x00000000b1700000, 0x00000000b1700000| Untracked 
| 280|0x00000000b1800000, 0x00000000b1800000, 0x00000000b1900000|  0%| F|  |TAMS 0x00000000b1800000, 0x00000000b1800000| Untracked 
| 281|0x00000000b1900000, 0x00000000b1900000, 0x00000000b1a00000|  0%| F|  |TAMS 0x00000000b1900000, 0x00000000b1900000| Untracked 
| 282|0x00000000b1a00000, 0x00000000b1a00000, 0x00000000b1b00000|  0%| F|  |TAMS 0x00000000b1a00000, 0x00000000b1a00000| Untracked 
| 283|0x00000000b1b00000, 0x00000000b1b00000, 0x00000000b1c00000|  0%| F|  |TAMS 0x00000000b1b00000, 0x00000000b1b00000| Untracked 
| 284|0x00000000b1c00000, 0x00000000b1c00000, 0x00000000b1d00000|  0%| F|  |TAMS 0x00000000b1c00000, 0x00000000b1c00000| Untracked 
| 285|0x00000000b1d00000, 0x00000000b1d00000, 0x00000000b1e00000|  0%| F|  |TAMS 0x00000000b1d00000, 0x00000000b1d00000| Untracked 
| 286|0x00000000b1e00000, 0x00000000b1e00000, 0x00000000b1f00000|  0%| F|  |TAMS 0x00000000b1e00000, 0x00000000b1e00000| Untracked 
| 287|0x00000000b1f00000, 0x00000000b1f00000, 0x00000000b2000000|  0%| F|  |TAMS 0x00000000b1f00000, 0x00000000b1f00000| Untracked 
| 288|0x00000000b2000000, 0x00000000b2000000, 0x00000000b2100000|  0%| F|  |TAMS 0x00000000b2000000, 0x00000000b2000000| Untracked 
| 289|0x00000000b2100000, 0x00000000b2100000, 0x00000000b2200000|  0%| F|  |TAMS 0x00000000b2100000, 0x00000000b2100000| Untracked 
| 290|0x00000000b2200000, 0x00000000b2200000, 0x00000000b2300000|  0%| F|  |TAMS 0x00000000b2200000, 0x00000000b2200000| Untracked 
| 291|0x00000000b2300000, 0x00000000b2300000, 0x00000000b2400000|  0%| F|  |TAMS 0x00000000b2300000, 0x00000000b2300000| Untracked 
| 292|0x00000000b2400000, 0x00000000b2400000, 0x00000000b2500000|  0%| F|  |TAMS 0x00000000b2400000, 0x00000000b2400000| Untracked 
| 293|0x00000000b2500000, 0x00000000b2500000, 0x00000000b2600000|  0%| F|  |TAMS 0x00000000b2500000, 0x00000000b2500000| Untracked 
| 294|0x00000000b2600000, 0x00000000b2600000, 0x00000000b2700000|  0%| F|  |TAMS 0x00000000b2600000, 0x00000000b2600000| Untracked 
| 295|0x00000000b2700000, 0x00000000b2700000, 0x00000000b2800000|  0%| F|  |TAMS 0x00000000b2700000, 0x00000000b2700000| Untracked 
| 296|0x00000000b2800000, 0x00000000b2800000, 0x00000000b2900000|  0%| F|  |TAMS 0x00000000b2800000, 0x00000000b2800000| Untracked 
| 297|0x00000000b2900000, 0x00000000b2900000, 0x00000000b2a00000|  0%| F|  |TAMS 0x00000000b2900000, 0x00000000b2900000| Untracked 
| 298|0x00000000b2a00000, 0x00000000b2a00000, 0x00000000b2b00000|  0%| F|  |TAMS 0x00000000b2a00000, 0x00000000b2a00000| Untracked 
| 299|0x00000000b2b00000, 0x00000000b2b00000, 0x00000000b2c00000|  0%| F|  |TAMS 0x00000000b2b00000, 0x00000000b2b00000| Untracked 
| 300|0x00000000b2c00000, 0x00000000b2c00000, 0x00000000b2d00000|  0%| F|  |TAMS 0x00000000b2c00000, 0x00000000b2c00000| Untracked 
| 301|0x00000000b2d00000, 0x00000000b2d00000, 0x00000000b2e00000|  0%| F|  |TAMS 0x00000000b2d00000, 0x00000000b2d00000| Untracked 
| 302|0x00000000b2e00000, 0x00000000b2e00000, 0x00000000b2f00000|  0%| F|  |TAMS 0x00000000b2e00000, 0x00000000b2e00000| Untracked 
| 303|0x00000000b2f00000, 0x00000000b2f00000, 0x00000000b3000000|  0%| F|  |TAMS 0x00000000b2f00000, 0x00000000b2f00000| Untracked 
| 304|0x00000000b3000000, 0x00000000b3000000, 0x00000000b3100000|  0%| F|  |TAMS 0x00000000b3000000, 0x00000000b3000000| Untracked 
| 305|0x00000000b3100000, 0x00000000b3100000, 0x00000000b3200000|  0%| F|  |TAMS 0x00000000b3100000, 0x00000000b3100000| Untracked 
| 306|0x00000000b3200000, 0x00000000b3200000, 0x00000000b3300000|  0%| F|  |TAMS 0x00000000b3200000, 0x00000000b3200000| Untracked 
| 307|0x00000000b3300000, 0x00000000b3300000, 0x00000000b3400000|  0%| F|  |TAMS 0x00000000b3300000, 0x00000000b3300000| Untracked 
| 308|0x00000000b3400000, 0x00000000b3400000, 0x00000000b3500000|  0%| F|  |TAMS 0x00000000b3400000, 0x00000000b3400000| Untracked 
| 309|0x00000000b3500000, 0x00000000b3500000, 0x00000000b3600000|  0%| F|  |TAMS 0x00000000b3500000, 0x00000000b3500000| Untracked 
| 310|0x00000000b3600000, 0x00000000b3600000, 0x00000000b3700000|  0%| F|  |TAMS 0x00000000b3600000, 0x00000000b3600000| Untracked 
| 311|0x00000000b3700000, 0x00000000b3700000, 0x00000000b3800000|  0%| F|  |TAMS 0x00000000b3700000, 0x00000000b3700000| Untracked 
| 312|0x00000000b3800000, 0x00000000b3800000, 0x00000000b3900000|  0%| F|  |TAMS 0x00000000b3800000, 0x00000000b3800000| Untracked 
| 313|0x00000000b3900000, 0x00000000b3900000, 0x00000000b3a00000|  0%| F|  |TAMS 0x00000000b3900000, 0x00000000b3900000| Untracked 
| 314|0x00000000b3a00000, 0x00000000b3a00000, 0x00000000b3b00000|  0%| F|  |TAMS 0x00000000b3a00000, 0x00000000b3a00000| Untracked 
| 315|0x00000000b3b00000, 0x00000000b3b00000, 0x00000000b3c00000|  0%| F|  |TAMS 0x00000000b3b00000, 0x00000000b3b00000| Untracked 
| 316|0x00000000b3c00000, 0x00000000b3c00000, 0x00000000b3d00000|  0%| F|  |TAMS 0x00000000b3c00000, 0x00000000b3c00000| Untracked 
| 317|0x00000000b3d00000, 0x00000000b3d00000, 0x00000000b3e00000|  0%| F|  |TAMS 0x00000000b3d00000, 0x00000000b3d00000| Untracked 
| 318|0x00000000b3e00000, 0x00000000b3e00000, 0x00000000b3f00000|  0%| F|  |TAMS 0x00000000b3e00000, 0x00000000b3e00000| Untracked 
| 319|0x00000000b3f00000, 0x00000000b3f00000, 0x00000000b4000000|  0%| F|  |TAMS 0x00000000b3f00000, 0x00000000b3f00000| Untracked 
| 320|0x00000000b4000000, 0x00000000b4000000, 0x00000000b4100000|  0%| F|  |TAMS 0x00000000b4000000, 0x00000000b4000000| Untracked 
| 321|0x00000000b4100000, 0x00000000b4100000, 0x00000000b4200000|  0%| F|  |TAMS 0x00000000b4100000, 0x00000000b4100000| Untracked 
| 322|0x00000000b4200000, 0x00000000b4200000, 0x00000000b4300000|  0%| F|  |TAMS 0x00000000b4200000, 0x00000000b4200000| Untracked 
| 323|0x00000000b4300000, 0x00000000b4300000, 0x00000000b4400000|  0%| F|  |TAMS 0x00000000b4300000, 0x00000000b4300000| Untracked 
| 324|0x00000000b4400000, 0x00000000b4400000, 0x00000000b4500000|  0%| F|  |TAMS 0x00000000b4400000, 0x00000000b4400000| Untracked 
| 325|0x00000000b4500000, 0x00000000b4500000, 0x00000000b4600000|  0%| F|  |TAMS 0x00000000b4500000, 0x00000000b4500000| Untracked 
| 326|0x00000000b4600000, 0x00000000b4600000, 0x00000000b4700000|  0%| F|  |TAMS 0x00000000b4600000, 0x00000000b4600000| Untracked 
| 327|0x00000000b4700000, 0x00000000b4700000, 0x00000000b4800000|  0%| F|  |TAMS 0x00000000b4700000, 0x00000000b4700000| Untracked 
| 328|0x00000000b4800000, 0x00000000b4800000, 0x00000000b4900000|  0%| F|  |TAMS 0x00000000b4800000, 0x00000000b4800000| Untracked 
| 329|0x00000000b4900000, 0x00000000b4900000, 0x00000000b4a00000|  0%| F|  |TAMS 0x00000000b4900000, 0x00000000b4900000| Untracked 
| 330|0x00000000b4a00000, 0x00000000b4a00000, 0x00000000b4b00000|  0%| F|  |TAMS 0x00000000b4a00000, 0x00000000b4a00000| Untracked 
| 331|0x00000000b4b00000, 0x00000000b4b00000, 0x00000000b4c00000|  0%| F|  |TAMS 0x00000000b4b00000, 0x00000000b4b00000| Untracked 
| 332|0x00000000b4c00000, 0x00000000b4c00000, 0x00000000b4d00000|  0%| F|  |TAMS 0x00000000b4c00000, 0x00000000b4c00000| Untracked 
| 333|0x00000000b4d00000, 0x00000000b4d00000, 0x00000000b4e00000|  0%| F|  |TAMS 0x00000000b4d00000, 0x00000000b4d00000| Untracked 
| 334|0x00000000b4e00000, 0x00000000b4e00000, 0x00000000b4f00000|  0%| F|  |TAMS 0x00000000b4e00000, 0x00000000b4e00000| Untracked 
| 335|0x00000000b4f00000, 0x00000000b4f00000, 0x00000000b5000000|  0%| F|  |TAMS 0x00000000b4f00000, 0x00000000b4f00000| Untracked 
| 336|0x00000000b5000000, 0x00000000b5000000, 0x00000000b5100000|  0%| F|  |TAMS 0x00000000b5000000, 0x00000000b5000000| Untracked 
| 337|0x00000000b5100000, 0x00000000b5100000, 0x00000000b5200000|  0%| F|  |TAMS 0x00000000b5100000, 0x00000000b5100000| Untracked 
| 338|0x00000000b5200000, 0x00000000b5200000, 0x00000000b5300000|  0%| F|  |TAMS 0x00000000b5200000, 0x00000000b5200000| Untracked 
| 339|0x00000000b5300000, 0x00000000b5300000, 0x00000000b5400000|  0%| F|  |TAMS 0x00000000b5300000, 0x00000000b5300000| Untracked 
| 340|0x00000000b5400000, 0x00000000b5400000, 0x00000000b5500000|  0%| F|  |TAMS 0x00000000b5400000, 0x00000000b5400000| Untracked 
| 341|0x00000000b5500000, 0x00000000b5500000, 0x00000000b5600000|  0%| F|  |TAMS 0x00000000b5500000, 0x00000000b5500000| Untracked 
| 342|0x00000000b5600000, 0x00000000b5600000, 0x00000000b5700000|  0%| F|  |TAMS 0x00000000b5600000, 0x00000000b5600000| Untracked 
| 343|0x00000000b5700000, 0x00000000b5700000, 0x00000000b5800000|  0%| F|  |TAMS 0x00000000b5700000, 0x00000000b5700000| Untracked 
| 344|0x00000000b5800000, 0x00000000b5800000, 0x00000000b5900000|  0%| F|  |TAMS 0x00000000b5800000, 0x00000000b5800000| Untracked 
| 345|0x00000000b5900000, 0x00000000b5900000, 0x00000000b5a00000|  0%| F|  |TAMS 0x00000000b5900000, 0x00000000b5900000| Untracked 
| 346|0x00000000b5a00000, 0x00000000b5a00000, 0x00000000b5b00000|  0%| F|  |TAMS 0x00000000b5a00000, 0x00000000b5a00000| Untracked 
| 347|0x00000000b5b00000, 0x00000000b5b00000, 0x00000000b5c00000|  0%| F|  |TAMS 0x00000000b5b00000, 0x00000000b5b00000| Untracked 
| 348|0x00000000b5c00000, 0x00000000b5c00000, 0x00000000b5d00000|  0%| F|  |TAMS 0x00000000b5c00000, 0x00000000b5c00000| Untracked 
| 349|0x00000000b5d00000, 0x00000000b5d00000, 0x00000000b5e00000|  0%| F|  |TAMS 0x00000000b5d00000, 0x00000000b5d00000| Untracked 
| 350|0x00000000b5e00000, 0x00000000b5e00000, 0x00000000b5f00000|  0%| F|  |TAMS 0x00000000b5e00000, 0x00000000b5e00000| Untracked 
| 351|0x00000000b5f00000, 0x00000000b5f00000, 0x00000000b6000000|  0%| F|  |TAMS 0x00000000b5f00000, 0x00000000b5f00000| Untracked 
| 352|0x00000000b6000000, 0x00000000b6000000, 0x00000000b6100000|  0%| F|  |TAMS 0x00000000b6000000, 0x00000000b6000000| Untracked 
| 353|0x00000000b6100000, 0x00000000b6100000, 0x00000000b6200000|  0%| F|  |TAMS 0x00000000b6100000, 0x00000000b6100000| Untracked 
| 354|0x00000000b6200000, 0x00000000b6200000, 0x00000000b6300000|  0%| F|  |TAMS 0x00000000b6200000, 0x00000000b6200000| Untracked 
| 355|0x00000000b6300000, 0x00000000b6300000, 0x00000000b6400000|  0%| F|  |TAMS 0x00000000b6300000, 0x00000000b6300000| Untracked 
| 356|0x00000000b6400000, 0x00000000b6400000, 0x00000000b6500000|  0%| F|  |TAMS 0x00000000b6400000, 0x00000000b6400000| Untracked 
| 357|0x00000000b6500000, 0x00000000b6500000, 0x00000000b6600000|  0%| F|  |TAMS 0x00000000b6500000, 0x00000000b6500000| Untracked 
| 358|0x00000000b6600000, 0x00000000b6600000, 0x00000000b6700000|  0%| F|  |TAMS 0x00000000b6600000, 0x00000000b6600000| Untracked 
| 359|0x00000000b6700000, 0x00000000b6700000, 0x00000000b6800000|  0%| F|  |TAMS 0x00000000b6700000, 0x00000000b6700000| Untracked 
| 360|0x00000000b6800000, 0x00000000b6800000, 0x00000000b6900000|  0%| F|  |TAMS 0x00000000b6800000, 0x00000000b6800000| Untracked 
| 361|0x00000000b6900000, 0x00000000b6900000, 0x00000000b6a00000|  0%| F|  |TAMS 0x00000000b6900000, 0x00000000b6900000| Untracked 
| 362|0x00000000b6a00000, 0x00000000b6a00000, 0x00000000b6b00000|  0%| F|  |TAMS 0x00000000b6a00000, 0x00000000b6a00000| Untracked 
| 363|0x00000000b6b00000, 0x00000000b6b00000, 0x00000000b6c00000|  0%| F|  |TAMS 0x00000000b6b00000, 0x00000000b6b00000| Untracked 
| 364|0x00000000b6c00000, 0x00000000b6c00000, 0x00000000b6d00000|  0%| F|  |TAMS 0x00000000b6c00000, 0x00000000b6c00000| Untracked 
| 365|0x00000000b6d00000, 0x00000000b6d00000, 0x00000000b6e00000|  0%| F|  |TAMS 0x00000000b6d00000, 0x00000000b6d00000| Untracked 
| 366|0x00000000b6e00000, 0x00000000b6e00000, 0x00000000b6f00000|  0%| F|  |TAMS 0x00000000b6e00000, 0x00000000b6e00000| Untracked 
| 367|0x00000000b6f00000, 0x00000000b6f00000, 0x00000000b7000000|  0%| F|  |TAMS 0x00000000b6f00000, 0x00000000b6f00000| Untracked 
| 368|0x00000000b7000000, 0x00000000b7000000, 0x00000000b7100000|  0%| F|  |TAMS 0x00000000b7000000, 0x00000000b7000000| Untracked 
| 369|0x00000000b7100000, 0x00000000b7100000, 0x00000000b7200000|  0%| F|  |TAMS 0x00000000b7100000, 0x00000000b7100000| Untracked 
| 370|0x00000000b7200000, 0x00000000b7200000, 0x00000000b7300000|  0%| F|  |TAMS 0x00000000b7200000, 0x00000000b7200000| Untracked 
| 371|0x00000000b7300000, 0x00000000b7300000, 0x00000000b7400000|  0%| F|  |TAMS 0x00000000b7300000, 0x00000000b7300000| Untracked 
| 372|0x00000000b7400000, 0x00000000b7400000, 0x00000000b7500000|  0%| F|  |TAMS 0x00000000b7400000, 0x00000000b7400000| Untracked 
| 373|0x00000000b7500000, 0x00000000b7500000, 0x00000000b7600000|  0%| F|  |TAMS 0x00000000b7500000, 0x00000000b7500000| Untracked 
| 374|0x00000000b7600000, 0x00000000b7600000, 0x00000000b7700000|  0%| F|  |TAMS 0x00000000b7600000, 0x00000000b7600000| Untracked 
| 375|0x00000000b7700000, 0x00000000b7700000, 0x00000000b7800000|  0%| F|  |TAMS 0x00000000b7700000, 0x00000000b7700000| Untracked 
| 376|0x00000000b7800000, 0x00000000b7800000, 0x00000000b7900000|  0%| F|  |TAMS 0x00000000b7800000, 0x00000000b7800000| Untracked 
| 377|0x00000000b7900000, 0x00000000b7900000, 0x00000000b7a00000|  0%| F|  |TAMS 0x00000000b7900000, 0x00000000b7900000| Untracked 
| 378|0x00000000b7a00000, 0x00000000b7a00000, 0x00000000b7b00000|  0%| F|  |TAMS 0x00000000b7a00000, 0x00000000b7a00000| Untracked 
| 379|0x00000000b7b00000, 0x00000000b7b00000, 0x00000000b7c00000|  0%| F|  |TAMS 0x00000000b7b00000, 0x00000000b7b00000| Untracked 
| 380|0x00000000b7c00000, 0x00000000b7c00000, 0x00000000b7d00000|  0%| F|  |TAMS 0x00000000b7c00000, 0x00000000b7c00000| Untracked 
| 381|0x00000000b7d00000, 0x00000000b7d00000, 0x00000000b7e00000|  0%| F|  |TAMS 0x00000000b7d00000, 0x00000000b7d00000| Untracked 
| 382|0x00000000b7e00000, 0x00000000b7e00000, 0x00000000b7f00000|  0%| F|  |TAMS 0x00000000b7e00000, 0x00000000b7e00000| Untracked 
| 383|0x00000000b7f00000, 0x00000000b7f00000, 0x00000000b8000000|  0%| F|  |TAMS 0x00000000b7f00000, 0x00000000b7f00000| Untracked 
| 384|0x00000000b8000000, 0x00000000b8000000, 0x00000000b8100000|  0%| F|  |TAMS 0x00000000b8000000, 0x00000000b8000000| Untracked 
| 385|0x00000000b8100000, 0x00000000b8100000, 0x00000000b8200000|  0%| F|  |TAMS 0x00000000b8100000, 0x00000000b8100000| Untracked 
| 386|0x00000000b8200000, 0x00000000b8200000, 0x00000000b8300000|  0%| F|  |TAMS 0x00000000b8200000, 0x00000000b8200000| Untracked 
| 387|0x00000000b8300000, 0x00000000b8300000, 0x00000000b8400000|  0%| F|  |TAMS 0x00000000b8300000, 0x00000000b8300000| Untracked 
| 388|0x00000000b8400000, 0x00000000b8400000, 0x00000000b8500000|  0%| F|  |TAMS 0x00000000b8400000, 0x00000000b8400000| Untracked 
| 389|0x00000000b8500000, 0x00000000b8500000, 0x00000000b8600000|  0%| F|  |TAMS 0x00000000b8500000, 0x00000000b8500000| Untracked 
| 390|0x00000000b8600000, 0x00000000b8600000, 0x00000000b8700000|  0%| F|  |TAMS 0x00000000b8600000, 0x00000000b8600000| Untracked 
| 391|0x00000000b8700000, 0x00000000b8700000, 0x00000000b8800000|  0%| F|  |TAMS 0x00000000b8700000, 0x00000000b8700000| Untracked 
| 392|0x00000000b8800000, 0x00000000b8800000, 0x00000000b8900000|  0%| F|  |TAMS 0x00000000b8800000, 0x00000000b8800000| Untracked 
| 393|0x00000000b8900000, 0x00000000b8900000, 0x00000000b8a00000|  0%| F|  |TAMS 0x00000000b8900000, 0x00000000b8900000| Untracked 
| 394|0x00000000b8a00000, 0x00000000b8a00000, 0x00000000b8b00000|  0%| F|  |TAMS 0x00000000b8a00000, 0x00000000b8a00000| Untracked 
| 395|0x00000000b8b00000, 0x00000000b8b00000, 0x00000000b8c00000|  0%| F|  |TAMS 0x00000000b8b00000, 0x00000000b8b00000| Untracked 
| 396|0x00000000b8c00000, 0x00000000b8c00000, 0x00000000b8d00000|  0%| F|  |TAMS 0x00000000b8c00000, 0x00000000b8c00000| Untracked 
| 397|0x00000000b8d00000, 0x00000000b8d00000, 0x00000000b8e00000|  0%| F|  |TAMS 0x00000000b8d00000, 0x00000000b8d00000| Untracked 
| 398|0x00000000b8e00000, 0x00000000b8e00000, 0x00000000b8f00000|  0%| F|  |TAMS 0x00000000b8e00000, 0x00000000b8e00000| Untracked 
| 399|0x00000000b8f00000, 0x00000000b8f00000, 0x00000000b9000000|  0%| F|  |TAMS 0x00000000b8f00000, 0x00000000b8f00000| Untracked 
| 400|0x00000000b9000000, 0x00000000b9000000, 0x00000000b9100000|  0%| F|  |TAMS 0x00000000b9000000, 0x00000000b9000000| Untracked 
| 401|0x00000000b9100000, 0x00000000b9100000, 0x00000000b9200000|  0%| F|  |TAMS 0x00000000b9100000, 0x00000000b9100000| Untracked 
| 402|0x00000000b9200000, 0x00000000b9200000, 0x00000000b9300000|  0%| F|  |TAMS 0x00000000b9200000, 0x00000000b9200000| Untracked 
| 403|0x00000000b9300000, 0x00000000b9300000, 0x00000000b9400000|  0%| F|  |TAMS 0x00000000b9300000, 0x00000000b9300000| Untracked 
| 404|0x00000000b9400000, 0x00000000b9400000, 0x00000000b9500000|  0%| F|  |TAMS 0x00000000b9400000, 0x00000000b9400000| Untracked 
| 405|0x00000000b9500000, 0x00000000b9500000, 0x00000000b9600000|  0%| F|  |TAMS 0x00000000b9500000, 0x00000000b9500000| Untracked 

Card table byte_map: [0x0000028fb0e30000,0x0000028fb1130000] _byte_map_base: 0x0000028fb0930000

Marking Bits (Prev, Next): (CMBitMap*) 0x0000028f9d754388, (CMBitMap*) 0x0000028f9d7543c0
 Prev Bits: [0x0000028fb1430000, 0x0000028fb2c30000)
 Next Bits: [0x0000028fb2c30000, 0x0000028fb4430000)

Polling page: 0x0000028fa10a0000

Metaspace:

Usage:
  Non-class:     72.13 MB capacity,    70.86 MB ( 98%) used,     1.07 MB (  1%) free+waste,   200.13 KB ( <1%) overhead. 
      Class:     10.92 MB capacity,    10.27 MB ( 94%) used,   574.69 KB (  5%) free+waste,    87.50 KB ( <1%) overhead. 
       Both:     83.05 MB capacity,    81.13 MB ( 98%) used,     1.64 MB (  2%) free+waste,   287.63 KB ( <1%) overhead. 

Virtual space:
  Non-class space:       74.00 MB reserved,      72.50 MB ( 98%) committed 
      Class space:        1.00 GB reserved,      11.13 MB (  1%) committed 
             Both:        1.07 GB reserved,      83.63 MB (  8%) committed 

Chunk freelists:
   Non-Class:  187.00 KB
       Class:  145.00 KB
        Both:  332.00 KB

MaxMetaspaceSize: 17179869184.00 GB
CompressedClassSpaceSize: 1.00 GB

CodeHeap 'non-profiled nmethods': size=120000Kb used=3613Kb max_used=3867Kb free=116387Kb
 bounds [0x0000028fa8b90000, 0x0000028fa8f60000, 0x0000028fb00c0000]
CodeHeap 'profiled nmethods': size=120000Kb used=28708Kb max_used=28708Kb free=91291Kb
 bounds [0x0000028fa1660000, 0x0000028fa3280000, 0x0000028fa8b90000]
CodeHeap 'non-nmethods': size=5760Kb used=2266Kb max_used=2301Kb free=3493Kb
 bounds [0x0000028fa10c0000, 0x0000028fa1330000, 0x0000028fa1660000]
 total_blobs=12956 nmethods=12091 adapters=775
 compilation: enabled
              stopped_count=0, restarted_count=0
 full_count=0

Compilation events (20 events):
Event: 25.446 Thread 0x0000028fb77cf800 14023   !   2       java.util.zip.Deflater::deflate (413 bytes)
Event: 25.448 Thread 0x0000028fb77cf800 nmethod 14023 0x0000028fa3270e90 code [0x0000028fa32710e0, 0x0000028fa3271ac8]
Event: 25.448 Thread 0x0000028fb77cf800 14024       2       java.time.Instant::ofEpochSecond (31 bytes)
Event: 25.449 Thread 0x0000028fb77cf800 nmethod 14024 0x0000028fa3272190 code [0x0000028fa3272360, 0x0000028fa3272678]
Event: 25.449 Thread 0x0000028fb77cf800 14025       2       java.time.temporal.ChronoField::checkValidValue (10 bytes)
Event: 25.450 Thread 0x0000028fb77cf800 nmethod 14025 0x0000028fa3272810 code [0x0000028fa32729e0, 0x0000028fa3272bb8]
Event: 25.450 Thread 0x0000028fb77cf800 14026       2       java.time.temporal.ValueRange::checkValidValue (24 bytes)
Event: 25.450 Thread 0x0000028fb77cf800 nmethod 14026 0x0000028fa3272d10 code [0x0000028fa3272ee0, 0x0000028fa32730b8]
Event: 25.451 Thread 0x0000028fb77cf800 14027       2       java.time.Clock$SystemClock::instant (86 bytes)
Event: 25.452 Thread 0x0000028fb77cf800 nmethod 14027 0x0000028fa3273190 code [0x0000028fa3273400, 0x0000028fa3273a78]
Event: 25.462 Thread 0x0000028fb77cf800 14029       2       java.util.TimeZone::getDefaultRef (32 bytes)
Event: 25.462 Thread 0x0000028fb77cf800 nmethod 14029 0x0000028fa3273e10 code [0x0000028fa3273fc0, 0x0000028fa32740c8]
Event: 25.462 Thread 0x0000028fb77cf800 14030       2       sun.util.calendar.ZoneInfo::clone (15 bytes)
Event: 25.463 Thread 0x0000028fb77cf800 nmethod 14030 0x0000028fa3274190 code [0x0000028fa3274360, 0x0000028fa32745b8]
Event: 25.463 Thread 0x0000028fb77cf800 14031       2       java.util.TimeZone::getDefault (10 bytes)
Event: 25.464 Thread 0x0000028fb77cf800 nmethod 14031 0x0000028fa3274710 code [0x0000028fa32748e0, 0x0000028fa3274a38]
Event: 25.465 Thread 0x0000028fb77cf800 14032       2       java.util.zip.ZipOutputStream::ensureOpen (18 bytes)
Event: 25.466 Thread 0x0000028fb77cf800 nmethod 14032 0x0000028fa3274b10 code [0x0000028fa3274cc0, 0x0000028fa3274e68]
Event: 25.468 Thread 0x0000028fb77cf800 14033       1       java.time.ZoneOffset::getTotalSeconds (5 bytes)
Event: 25.468 Thread 0x0000028fb77cf800 nmethod 14033 0x0000028fa8c99c90 code [0x0000028fa8c99e40, 0x0000028fa8c99ef8]

GC Heap History (20 events):
Event: 21.421 GC heap after
{Heap after GC invocations=34 (full 0):
 garbage-first heap   total 315392K, used 142684K [0x00000000a0000000, 0x0000000100000000)
  region size 1024K, 2 young (2048K), 2 survivors (2048K)
 Metaspace       used 81643K, capacity 83592K, committed 84224K, reserved 1122304K
  class space    used 10438K, capacity 11089K, committed 11264K, reserved 1048576K
}
Event: 21.670 GC heap before
{Heap before GC invocations=34 (full 0):
 garbage-first heap   total 315392K, used 258396K [0x00000000a0000000, 0x0000000100000000)
  region size 1024K, 116 young (118784K), 2 survivors (2048K)
 Metaspace       used 82236K, capacity 84130K, committed 84864K, reserved 1122304K
  class space    used 10488K, capacity 11158K, committed 11392K, reserved 1048576K
}
Event: 21.679 GC heap after
{Heap after GC invocations=35 (full 0):
 garbage-first heap   total 366592K, used 145096K [0x00000000a0000000, 0x0000000100000000)
  region size 1024K, 5 young (5120K), 5 survivors (5120K)
 Metaspace       used 82236K, capacity 84130K, committed 84864K, reserved 1122304K
  class space    used 10488K, capacity 11158K, committed 11392K, reserved 1048576K
}
Event: 21.924 GC heap before
{Heap before GC invocations=35 (full 0):
 garbage-first heap   total 366592K, used 281288K [0x00000000a0000000, 0x0000000100000000)
  region size 1024K, 138 young (141312K), 5 survivors (5120K)
 Metaspace       used 82435K, capacity 84334K, committed 84864K, reserved 1122304K
  class space    used 10493K, capacity 11161K, committed 11392K, reserved 1048576K
}
Event: 21.934 GC heap after
{Heap after GC invocations=36 (full 0):
 garbage-first heap   total 366592K, used 147937K [0x00000000a0000000, 0x0000000100000000)
  region size 1024K, 7 young (7168K), 7 survivors (7168K)
 Metaspace       used 82435K, capacity 84334K, committed 84864K, reserved 1122304K
  class space    used 10493K, capacity 11161K, committed 11392K, reserved 1048576K
}
Event: 22.231 GC heap before
{Heap before GC invocations=36 (full 0):
 garbage-first heap   total 366592K, used 304609K [0x00000000a0000000, 0x0000000100000000)
  region size 1024K, 161 young (164864K), 7 survivors (7168K)
 Metaspace       used 82477K, capacity 84418K, committed 85120K, reserved 1122304K
  class space    used 10496K, capacity 11166K, committed 11392K, reserved 1048576K
}
Event: 22.243 GC heap after
{Heap after GC invocations=37 (full 0):
 garbage-first heap   total 366592K, used 151732K [0x00000000a0000000, 0x0000000100000000)
  region size 1024K, 11 young (11264K), 11 survivors (11264K)
 Metaspace       used 82477K, capacity 84418K, committed 85120K, reserved 1122304K
  class space    used 10496K, capacity 11166K, committed 11392K, reserved 1048576K
}
Event: 22.552 GC heap before
{Heap before GC invocations=37 (full 0):
 garbage-first heap   total 366592K, used 310452K [0x00000000a0000000, 0x0000000100000000)
  region size 1024K, 164 young (167936K), 11 survivors (11264K)
 Metaspace       used 82607K, capacity 84495K, committed 85120K, reserved 1122304K
  class space    used 10500K, capacity 11171K, committed 11392K, reserved 1048576K
}
Event: 22.566 GC heap after
{Heap after GC invocations=38 (full 0):
 garbage-first heap   total 366592K, used 152031K [0x00000000a0000000, 0x0000000100000000)
  region size 1024K, 11 young (11264K), 11 survivors (11264K)
 Metaspace       used 82607K, capacity 84495K, committed 85120K, reserved 1122304K
  class space    used 10500K, capacity 11171K, committed 11392K, reserved 1048576K
}
Event: 22.890 GC heap before
{Heap before GC invocations=38 (full 0):
 garbage-first heap   total 366592K, used 309727K [0x00000000a0000000, 0x0000000100000000)
  region size 1024K, 166 young (169984K), 11 survivors (11264K)
 Metaspace       used 82763K, capacity 84675K, committed 85120K, reserved 1122304K
  class space    used 10516K, capacity 11181K, committed 11392K, reserved 1048576K
}
Event: 22.902 GC heap after
{Heap after GC invocations=39 (full 0):
 garbage-first heap   total 366592K, used 154189K [0x00000000a0000000, 0x0000000100000000)
  region size 1024K, 13 young (13312K), 13 survivors (13312K)
 Metaspace       used 82763K, capacity 84675K, committed 85120K, reserved 1122304K
  class space    used 10516K, capacity 11181K, committed 11392K, reserved 1048576K
}
Event: 23.450 GC heap before
{Heap before GC invocations=39 (full 0):
 garbage-first heap   total 366592K, used 311885K [0x00000000a0000000, 0x0000000100000000)
  region size 1024K, 168 young (172032K), 13 survivors (13312K)
 Metaspace       used 82864K, capacity 84774K, committed 85376K, reserved 1124352K
  class space    used 10516K, capacity 11182K, committed 11392K, reserved 1048576K
}
Event: 23.468 GC heap after
{Heap after GC invocations=40 (full 0):
 garbage-first heap   total 415744K, used 158318K [0x00000000a0000000, 0x0000000100000000)
  region size 1024K, 15 young (15360K), 15 survivors (15360K)
 Metaspace       used 82864K, capacity 84774K, committed 85376K, reserved 1124352K
  class space    used 10516K, capacity 11182K, committed 11392K, reserved 1048576K
}
Event: 24.032 GC heap before
{Heap before GC invocations=40 (full 0):
 garbage-first heap   total 415744K, used 340590K [0x00000000a0000000, 0x0000000100000000)
  region size 1024K, 194 young (198656K), 15 survivors (15360K)
 Metaspace       used 82901K, capacity 84904K, committed 85376K, reserved 1124352K
  class space    used 10516K, capacity 11182K, committed 11392K, reserved 1048576K
}
Event: 24.057 GC heap after
{Heap after GC invocations=41 (full 0):
 garbage-first heap   total 415744K, used 168853K [0x00000000a0000000, 0x0000000100000000)
  region size 1024K, 24 young (24576K), 24 survivors (24576K)
 Metaspace       used 82901K, capacity 84904K, committed 85376K, reserved 1124352K
  class space    used 10516K, capacity 11182K, committed 11392K, reserved 1048576K
}
Event: 24.614 GC heap before
{Heap before GC invocations=41 (full 0):
 garbage-first heap   total 415744K, used 346005K [0x00000000a0000000, 0x0000000100000000)
  region size 1024K, 198 young (202752K), 24 survivors (24576K)
 Metaspace       used 82957K, capacity 84972K, committed 85376K, reserved 1124352K
  class space    used 10516K, capacity 11182K, committed 11392K, reserved 1048576K
}
Event: 24.633 GC heap after
{Heap after GC invocations=42 (full 0):
 garbage-first heap   total 415744K, used 170612K [0x00000000a0000000, 0x0000000100000000)
  region size 1024K, 14 young (14336K), 14 survivors (14336K)
 Metaspace       used 82957K, capacity 84972K, committed 85376K, reserved 1124352K
  class space    used 10516K, capacity 11182K, committed 11392K, reserved 1048576K
}
Event: 25.096 GC heap before
{Heap before GC invocations=42 (full 0):
 garbage-first heap   total 415744K, used 351860K [0x00000000a0000000, 0x0000000100000000)
  region size 1024K, 191 young (195584K), 14 survivors (14336K)
 Metaspace       used 83006K, capacity 84973K, committed 85376K, reserved 1124352K
  class space    used 10517K, capacity 11182K, committed 11392K, reserved 1048576K
}
Event: 25.112 GC heap after
{Heap after GC invocations=43 (full 0):
 garbage-first heap   total 415744K, used 173238K [0x00000000a0000000, 0x0000000100000000)
  region size 1024K, 7 young (7168K), 7 survivors (7168K)
 Metaspace       used 83006K, capacity 84973K, committed 85376K, reserved 1124352K
  class space    used 10517K, capacity 11182K, committed 11392K, reserved 1048576K
}
Event: 25.473 GC heap before
{Heap before GC invocations=43 (full 0):
 garbage-first heap   total 415744K, used 352438K [0x00000000a0000000, 0x0000000100000000)
  region size 1024K, 183 young (187392K), 7 survivors (7168K)
 Metaspace       used 83081K, capacity 85044K, committed 85632K, reserved 1124352K
  class space    used 10520K, capacity 11183K, committed 11392K, reserved 1048576K
}

Deoptimization events (20 events):
Event: 25.339 Thread 0x0000028fbb910800 DEOPT PACKING pc=0x0000028fa323d1e4 sp=0x000000a1bfbfb480
Event: 25.340 Thread 0x0000028fbb910800 DEOPT UNPACKING pc=0x0000028fa10e72ce sp=0x000000a1bfbfa958 mode 0
Event: 25.342 Thread 0x0000028fbb910800 DEOPT PACKING pc=0x0000028fa323c791 sp=0x000000a1bfbfb2c0
Event: 25.342 Thread 0x0000028fbb910800 DEOPT UNPACKING pc=0x0000028fa10e72ce sp=0x000000a1bfbfa7d0 mode 0
Event: 25.347 Thread 0x0000028fbb915800 DEOPT PACKING pc=0x0000028fa323c791 sp=0x000000a1bf7fb6d0
Event: 25.347 Thread 0x0000028fbb915800 DEOPT UNPACKING pc=0x0000028fa10e72ce sp=0x000000a1bf7fabe0 mode 0
Event: 25.354 Thread 0x0000028fbb910800 DEOPT PACKING pc=0x0000028fa323c791 sp=0x000000a1bfbfbb00
Event: 25.354 Thread 0x0000028fbb910800 DEOPT UNPACKING pc=0x0000028fa10e72ce sp=0x000000a1bfbfb010 mode 0
Event: 25.358 Thread 0x0000028fbb910800 DEOPT PACKING pc=0x0000028fa323c791 sp=0x000000a1bfbfb810
Event: 25.358 Thread 0x0000028fbb910800 DEOPT UNPACKING pc=0x0000028fa10e72ce sp=0x000000a1bfbfad20 mode 0
Event: 25.361 Thread 0x0000028fbb910800 DEOPT PACKING pc=0x0000028fa323c791 sp=0x000000a1bfbfb550
Event: 25.361 Thread 0x0000028fbb910800 DEOPT UNPACKING pc=0x0000028fa10e72ce sp=0x000000a1bfbfaa60 mode 0
Event: 25.366 Thread 0x0000028fbb915800 DEOPT PACKING pc=0x0000028fa323c791 sp=0x000000a1bf7fb890
Event: 25.366 Thread 0x0000028fbb915800 DEOPT UNPACKING pc=0x0000028fa10e72ce sp=0x000000a1bf7fada0 mode 0
Event: 25.424 Thread 0x0000028fbb910800 Uncommon trap: trap_request=0xffffff4d fr.pc=0x0000028fa8e26ff0 relative=0x0000000000000250
Event: 25.426 Thread 0x0000028fbb910800 Uncommon trap: reason=unstable_if action=reinterpret pc=0x0000028fa8e26ff0 method=java.io.BufferedOutputStream.write(I)V @ 9 c2
Event: 25.426 Thread 0x0000028fbb910800 DEOPT PACKING pc=0x0000028fa8e26ff0 sp=0x000000a1bfbfbe30
Event: 25.426 Thread 0x0000028fbb910800 DEOPT UNPACKING pc=0x0000028fa10e74af sp=0x000000a1bfbfbde8 mode 2
Event: 25.435 Thread 0x0000028fb8ca1800 DEOPT PACKING pc=0x0000028fa2ff1bf4 sp=0x000000a1bddf80f0
Event: 25.435 Thread 0x0000028fb8ca1800 DEOPT UNPACKING pc=0x0000028fa10e72ce sp=0x000000a1bddf78a0 mode 0

Classes redefined (0 events):
No events

Internal exceptions (20 events):
Event: 23.514 Thread 0x0000028fbb916800 Exception <a 'sun/nio/fs/WindowsException'{0x00000000b8794a10}> (0x00000000b8794a10) thrown at [./src/hotspot/share/prims/jni.cpp, line 615]
Event: 23.520 Thread 0x0000028fbb910000 Exception <a 'sun/nio/fs/WindowsException'{0x00000000b84c73e8}> (0x00000000b84c73e8) thrown at [./src/hotspot/share/prims/jni.cpp, line 615]
Event: 23.569 Thread 0x0000028fbb915800 Exception <a 'sun/nio/fs/WindowsException'{0x00000000b76472f8}> (0x00000000b76472f8) thrown at [./src/hotspot/share/prims/jni.cpp, line 615]
Event: 23.644 Thread 0x0000028fbb915800 Exception <a 'sun/nio/fs/WindowsException'{0x00000000b5bc9858}> (0x00000000b5bc9858) thrown at [./src/hotspot/share/prims/jni.cpp, line 615]
Event: 23.751 Thread 0x0000028fbb916800 Exception <a 'sun/nio/fs/WindowsException'{0x00000000b33b98b0}> (0x00000000b33b98b0) thrown at [./src/hotspot/share/prims/jni.cpp, line 615]
Event: 23.928 Thread 0x0000028fbb916800 Exception <a 'sun/nio/fs/WindowsException'{0x00000000afeb75c0}> (0x00000000afeb75c0) thrown at [./src/hotspot/share/prims/jni.cpp, line 615]
Event: 23.969 Thread 0x0000028fbb915800 Exception <a 'sun/nio/fs/WindowsException'{0x00000000ae934bb0}> (0x00000000ae934bb0) thrown at [./src/hotspot/share/prims/jni.cpp, line 615]
Event: 24.265 Thread 0x0000028fbb910800 Exception <a 'sun/nio/fs/WindowsException'{0x00000000b62ecc58}> (0x00000000b62ecc58) thrown at [./src/hotspot/share/prims/jni.cpp, line 615]
Event: 24.472 Thread 0x0000028fbb916800 Exception <a 'sun/nio/fs/WindowsException'{0x00000000b26751b8}> (0x00000000b26751b8) thrown at [./src/hotspot/share/prims/jni.cpp, line 615]
Event: 24.531 Thread 0x0000028fbb910800 Exception <a 'sun/nio/fs/WindowsException'{0x00000000b136a530}> (0x00000000b136a530) thrown at [./src/hotspot/share/prims/jni.cpp, line 615]
Event: 24.610 Thread 0x0000028fbb910800 Exception <a 'sun/nio/fs/WindowsException'{0x00000000ae9c9d18}> (0x00000000ae9c9d18) thrown at [./src/hotspot/share/prims/jni.cpp, line 615]
Event: 24.735 Thread 0x0000028fbb915800 Exception <a 'sun/nio/fs/WindowsException'{0x00000000b6462b60}> (0x00000000b6462b60) thrown at [./src/hotspot/share/prims/jni.cpp, line 615]
Event: 24.885 Thread 0x0000028fbb916800 Exception <a 'sun/nio/fs/WindowsException'{0x00000000b2b3de38}> (0x00000000b2b3de38) thrown at [./src/hotspot/share/prims/jni.cpp, line 615]
Event: 24.956 Thread 0x0000028fbb915800 Exception <a 'sun/nio/fs/WindowsException'{0x00000000b10050a0}> (0x00000000b10050a0) thrown at [./src/hotspot/share/prims/jni.cpp, line 615]
Event: 25.011 Thread 0x0000028fbb915800 Exception <a 'sun/nio/fs/WindowsException'{0x00000000b00a2090}> (0x00000000b00a2090) thrown at [./src/hotspot/share/prims/jni.cpp, line 615]
Event: 25.201 Thread 0x0000028fbb916800 Exception <a 'sun/nio/fs/WindowsException'{0x00000000b6e22ae0}> (0x00000000b6e22ae0) thrown at [./src/hotspot/share/prims/jni.cpp, line 615]
Event: 25.417 Thread 0x0000028fbb910800 Exception <a 'sun/nio/fs/WindowsException'{0x00000000b0abfb28}> (0x00000000b0abfb28) thrown at [./src/hotspot/share/prims/jni.cpp, line 615]
Event: 25.418 Thread 0x0000028fbb910800 Exception <a 'sun/nio/fs/WindowsException'{0x00000000b0abfc88}> (0x00000000b0abfc88) thrown at [./src/hotspot/share/prims/jni.cpp, line 615]
Event: 25.418 Thread 0x0000028fbb910800 Exception <a 'sun/nio/fs/WindowsException'{0x00000000b0ac1470}> (0x00000000b0ac1470) thrown at [./src/hotspot/share/prims/jni.cpp, line 615]
Event: 25.419 Thread 0x0000028fbb910800 Exception <a 'sun/nio/fs/WindowsException'{0x00000000b0ac22f8}> (0x00000000b0ac22f8) thrown at [./src/hotspot/share/prims/jni.cpp, line 615]

Events (20 events):
Event: 24.884 loading class com/android/tools/build/jetifier/core/rule/RewriteRule$TypeRewriteResult
Event: 24.884 loading class com/android/tools/build/jetifier/core/rule/RewriteRule$TypeRewriteResult done
Event: 24.890 loading class com/android/tools/build/jetifier/core/rule/RewriteRule$TypeRewriteResult$Companion
Event: 24.890 loading class com/android/tools/build/jetifier/core/rule/RewriteRule$TypeRewriteResult$Companion done
Event: 25.082 Executing VM operation: G1CollectForAllocation
Event: 25.112 Executing VM operation: G1CollectForAllocation done
Event: 25.399 loading class com/android/tools/build/jetifier/processor/archive/FileSearchResult
Event: 25.399 loading class com/android/tools/build/jetifier/processor/archive/FileSearchResult done
Event: 25.400 loading class com/android/tools/build/jetifier/processor/Processor$runSignatureDetectionFor$2$1
Event: 25.400 loading class com/android/tools/build/jetifier/processor/Processor$runSignatureDetectionFor$2$1 done
Event: 25.401 loading class com/android/tools/build/jetifier/processor/SignatureDetectionKt
Event: 25.401 loading class com/android/tools/build/jetifier/processor/SignatureDetectionKt done
Event: 25.419 loading class sun/nio/fs/WindowsUriSupport
Event: 25.419 loading class sun/nio/fs/WindowsUriSupport done
Event: 25.421 loading class java/util/zip/ZipOutputStream$XEntry
Event: 25.422 loading class java/util/zip/ZipOutputStream$XEntry done
Event: 25.424 Executing VM operation: RevokeBias
Event: 25.426 Executing VM operation: RevokeBias done
Event: 25.453 Loaded shared library C:\Program Files\Android\Android Studio\jre\bin\java.dll
Event: 25.470 Executing VM operation: G1CollectForAllocation


Dynamic libraries:
0x00007ff72bc50000 - 0x00007ff72bc5a000 	C:\Program Files\Android\Android Studio\jre\bin\java.exe
0x00007ffb7dff0000 - 0x00007ffb7e1e5000 	C:\Windows\SYSTEM32\ntdll.dll
0x00007ffb7cbe0000 - 0x00007ffb7cc9d000 	C:\Windows\System32\KERNEL32.DLL
0x00007ffb7b830000 - 0x00007ffb7baf9000 	C:\Windows\System32\KERNELBASE.dll
0x00007ffb7bbf0000 - 0x00007ffb7bcf0000 	C:\Windows\System32\ucrtbase.dll
0x00007ffa860b0000 - 0x00007ffa860c7000 	C:\Program Files\Android\Android Studio\jre\bin\VCRUNTIME140.dll
0x00007ffb59f30000 - 0x00007ffb59f49000 	C:\Program Files\Android\Android Studio\jre\bin\jli.dll
0x00007ffb7c6e0000 - 0x00007ffb7c880000 	C:\Windows\System32\USER32.dll
0x00007ffb7c030000 - 0x00007ffb7c052000 	C:\Windows\System32\win32u.dll
0x00007ffb6a400000 - 0x00007ffb6a69a000 	C:\Windows\WinSxS\amd64_microsoft.windows.common-controls_6595b64144ccf1df_6.0.19041.1110_none_60b5254171f9507e\COMCTL32.dll
0x00007ffb7cbb0000 - 0x00007ffb7cbda000 	C:\Windows\System32\GDI32.dll
0x00007ffb7be50000 - 0x00007ffb7bf5b000 	C:\Windows\System32\gdi32full.dll
0x00007ffb7bf60000 - 0x00007ffb7bffd000 	C:\Windows\System32\msvcp_win.dll
0x00007ffb7cca0000 - 0x00007ffb7cd3e000 	C:\Windows\System32\msvcrt.dll
0x00007ffb7cb80000 - 0x00007ffb7cbb0000 	C:\Windows\System32\IMM32.DLL
0x00007ffa86010000 - 0x00007ffa860ad000 	C:\Program Files\Android\Android Studio\jre\bin\msvcp140.dll
0x00007ffaf6a80000 - 0x00007ffaf753c000 	C:\Program Files\Android\Android Studio\jre\bin\server\jvm.dll
0x00007ffb7c880000 - 0x00007ffb7c92c000 	C:\Windows\System32\ADVAPI32.dll
0x00007ffb7d440000 - 0x00007ffb7d4db000 	C:\Windows\System32\sechost.dll
0x00007ffb7c130000 - 0x00007ffb7c25a000 	C:\Windows\System32\RPCRT4.dll
0x00007ffb7d210000 - 0x00007ffb7d218000 	C:\Windows\System32\PSAPI.DLL
0x00007ffb6ab80000 - 0x00007ffb6aba7000 	C:\Windows\SYSTEM32\WINMM.dll
0x00007ffb6e860000 - 0x00007ffb6e869000 	C:\Windows\SYSTEM32\WSOCK32.dll
0x00007ffb7d3d0000 - 0x00007ffb7d43b000 	C:\Windows\System32\WS2_32.dll
0x00007ffb757b0000 - 0x00007ffb757ba000 	C:\Windows\SYSTEM32\VERSION.dll
0x00007ffb79ff0000 - 0x00007ffb7a002000 	C:\Windows\SYSTEM32\kernel.appcore.dll
0x00007ffb750a0000 - 0x00007ffb750b1000 	C:\Program Files\Android\Android Studio\jre\bin\verify.dll
0x00007ffb79d10000 - 0x00007ffb79ef4000 	C:\Windows\SYSTEM32\DBGHELP.DLL
0x00007ffb72e70000 - 0x00007ffb72e9c000 	C:\Windows\SYSTEM32\dbgcore.DLL
0x00007ffb7bb60000 - 0x00007ffb7bbe3000 	C:\Windows\System32\bcryptPrimitives.dll
0x00007ffb74b60000 - 0x00007ffb74b89000 	C:\Program Files\Android\Android Studio\jre\bin\java.dll
0x00007ffb75090000 - 0x00007ffb7509b000 	C:\Program Files\Android\Android Studio\jre\bin\jimage.dll
0x00007ffb74040000 - 0x00007ffb74058000 	C:\Program Files\Android\Android Studio\jre\bin\zip.dll
0x00007ffb7d870000 - 0x00007ffb7dfaf000 	C:\Windows\System32\SHELL32.dll
0x00007ffb794a0000 - 0x00007ffb79c31000 	C:\Windows\SYSTEM32\windows.storage.dll
0x00007ffb7c380000 - 0x00007ffb7c6d5000 	C:\Windows\System32\combase.dll
0x00007ffb7b1a0000 - 0x00007ffb7b1cc000 	C:\Windows\SYSTEM32\Wldp.dll
0x00007ffb7d7c0000 - 0x00007ffb7d86e000 	C:\Windows\System32\SHCORE.dll
0x00007ffb7c960000 - 0x00007ffb7c9b5000 	C:\Windows\System32\shlwapi.dll
0x00007ffb7b670000 - 0x00007ffb7b68f000 	C:\Windows\SYSTEM32\profapi.dll
0x00007ffb73e00000 - 0x00007ffb73e1a000 	C:\Program Files\Android\Android Studio\jre\bin\net.dll
0x00007ffb70f70000 - 0x00007ffb7107a000 	C:\Windows\SYSTEM32\WINHTTP.dll
0x00007ffb7af00000 - 0x00007ffb7af6a000 	C:\Windows\system32\mswsock.dll
0x00007ffb720b0000 - 0x00007ffb720c4000 	C:\Program Files\Android\Android Studio\jre\bin\nio.dll
0x00007ffb4fd50000 - 0x00007ffb4fd76000 	C:\Users\hp\.gradle\native\29\windows-amd64\native-platform.dll
0x00007ffb74a40000 - 0x00007ffb74a4a000 	C:\Program Files\Android\Android Studio\jre\bin\management.dll
0x00007ffb74680000 - 0x00007ffb7468c000 	C:\Program Files\Android\Android Studio\jre\bin\management_ext.dll
0x00007ffb7b0e0000 - 0x00007ffb7b0f8000 	C:\Windows\SYSTEM32\CRYPTSP.dll
0x00007ffb7a830000 - 0x00007ffb7a864000 	C:\Windows\system32\rsaenh.dll
0x00007ffb7c000000 - 0x00007ffb7c027000 	C:\Windows\System32\bcrypt.dll
0x00007ffb7b630000 - 0x00007ffb7b65e000 	C:\Windows\SYSTEM32\USERENV.dll
0x00007ffb7b100000 - 0x00007ffb7b10c000 	C:\Windows\SYSTEM32\CRYPTBASE.dll
0x00007ffb7aba0000 - 0x00007ffb7abdb000 	C:\Windows\SYSTEM32\IPHLPAPI.DLL
0x00007ffb7d540000 - 0x00007ffb7d548000 	C:\Windows\System32\NSI.dll
0x00007ffb733f0000 - 0x00007ffb73407000 	C:\Windows\SYSTEM32\dhcpcsvc6.DLL
0x00007ffb734c0000 - 0x00007ffb734dd000 	C:\Windows\SYSTEM32\dhcpcsvc.DLL
0x00007ffb7abe0000 - 0x00007ffb7acac000 	C:\Windows\SYSTEM32\DNSAPI.dll

dbghelp: loaded successfully - version: 4.0.5 - missing functions: none
symbol engine: initialized successfully - sym options: 0x614 - pdb path: .;C:\Program Files\Android\Android Studio\jre\bin;C:\Windows\SYSTEM32;C:\Windows\WinSxS\amd64_microsoft.windows.common-controls_6595b64144ccf1df_6.0.19041.1110_none_60b5254171f9507e;C:\Program Files\Android\Android Studio\jre\bin\server;C:\Users\hp\.gradle\native\29\windows-amd64

VM Arguments:
jvm_args: --add-opens=java.base/java.util=ALL-UNNAMED --add-opens=java.base/java.lang=ALL-UNNAMED --add-opens=java.base/java.lang.invoke=ALL-UNNAMED --add-opens=java.prefs/java.util.prefs=ALL-UNNAMED -Xmx1536m -Dfile.encoding=windows-1252 -Duser.country=US -Duser.language=en -Duser.variant 
java_command: org.gradle.launcher.daemon.bootstrap.GradleDaemon 5.4.1
java_class_path (initial): C:\Users\hp\.gradle\wrapper\dists\gradle-5.4.1-all\3221gyojl5jsh0helicew7rwx\gradle-5.4.1\lib\gradle-launcher-5.4.1.jar
Launcher Type: SUN_STANDARD

[Global flags]
     intx CICompilerCount                          = 4                                         {product} {ergonomic}
     uint ConcGCThreads                            = 2                                         {product} {ergonomic}
     uint G1ConcRefinementThreads                  = 8                                         {product} {ergonomic}
   size_t G1HeapRegionSize                         = 1048576                                   {product} {ergonomic}
    uintx GCDrainStackTargetSize                   = 64                                        {product} {ergonomic}
   size_t InitialHeapSize                          = 268435456                                 {product} {ergonomic}
   size_t MarkStackSize                            = 4194304                                   {product} {ergonomic}
   size_t MaxHeapSize                              = 1610612736                                {product} {command line}
   size_t MaxNewSize                               = 965738496                                 {product} {ergonomic}
   size_t MinHeapDeltaBytes                        = 1048576                                   {product} {ergonomic}
    uintx NonNMethodCodeHeapSize                   = 5836300                                {pd product} {ergonomic}
    uintx NonProfiledCodeHeapSize                  = 122910970                              {pd product} {ergonomic}
    uintx ProfiledCodeHeapSize                     = 122910970                              {pd product} {ergonomic}
    uintx ReservedCodeCacheSize                    = 251658240                              {pd product} {ergonomic}
     bool SegmentedCodeCache                       = true                                      {product} {ergonomic}
     bool UseCompressedClassPointers               = true                                 {lp64_product} {ergonomic}
     bool UseCompressedOops                        = true                                 {lp64_product} {ergonomic}
     bool UseG1GC                                  = true                                      {product} {ergonomic}
     bool UseLargePagesIndividualAllocation        = false                                  {pd product} {ergonomic}

Logging:
Log output configuration:
 #0: stdout all=warning uptime,level,tags
 #1: stderr all=off uptime,level,tags

Environment Variables:
PATH=C:\Program Files (x86)\VMware\VMware Workstation\bin\;C:\Program Files (x86)\NVIDIA Corporation\PhysX\Common;C:\Windows\system32;C:\Windows;C:\Windows\System32\Wbem;C:\Windows\System32\WindowsPowerShell\v1.0\;C:\Windows\System32\OpenSSH\;C:\Program Files\MATLAB\R2021a\runtime\win64;C:\Program Files\MATLAB\R2021a\bin;C:\Program Files (x86)\Windows Kits\8.1\Windows Performance Toolkit\;C:\Users\hp\AppData\Local\Microsoft\WindowsApps;
USERNAME=hp
OS=Windows_NT
PROCESSOR_IDENTIFIER=Intel64 Family 6 Model 142 Stepping 10, GenuineIntel



---------------  S Y S T E M  ---------------

OS: Windows 10 , 64 bit Build 19041 (10.0.19041.1023)
OS uptime: 1 days 7:19 hours

CPU:total 8 (initial active 8) (4 cores per cpu, 2 threads per core) family 6 model 142 stepping 10, cmov, cx8, fxsr, mmx, sse, sse2, sse3, ssse3, sse4.1, sse4.2, popcnt, avx, avx2, aes, clmul, erms, 3dnowpref, lzcnt, ht, tsc, tscinvbit, bmi1, bmi2, adx, fma

Memory: 4k page, system-wide physical 16264M (221M free)
TotalPageFile size 65416M (AvailPageFile size 1M)
current process WorkingSet (physical memory assigned to process): 695M, peak: 699M
current process commit charge ("private bytes"): 810M, peak: 810M

vm_info: OpenJDK 64-Bit Server VM (11.0.8+10-b944.6842174) for windows-amd64 JRE (11.0.8+10-b944.6842174), built on Sep 19 2020 01:11:42 by "builder" with MS VC++ 14.0 (VS2015)

END.
