#
# There is insufficient memory for the Java Runtime Environment to continue.
# Native memory allocation (mmap) failed to map 121634816 bytes for Failed to commit area from 0x00000000b0000000 to 0x00000000b7400000 of length 121634816.
# Possible reasons:
#   The system is out of physical RAM or swap space
#   The process is running with CompressedOops enabled, and the Java Heap may be blocking the growth of the native heap
# Possible solutions:
#   Reduce memory load on the system
#   Increase physical memory or swap space
#   Check if swap backing store is full
#   Decrease Java heap size (-Xmx/-Xms)
#   Decrease number of Java threads
#   Decrease Java thread stack sizes (-Xss)
#   Set larger code cache with -XX:ReservedCodeCacheSize=
#   JVM is running with Unscaled Compressed Oops mode in which the Java heap is
#     placed in the first 4GB address space. The Java Heap base address is the
#     maximum limit for the native heap growth. Please use -XX:HeapBaseMinAddress
#     to set the Java Heap base and to place the Java Heap above 4GB virtual address.
# This output file may be truncated or incomplete.
#
#  Out of Memory Error (./src/hotspot/os/windows/os_windows.cpp:3303), pid=7312, tid=12268
#
# JRE version: OpenJDK Runtime Environment (11.0.8+10) (build 11.0.8+10-b944.6842174)
# Java VM: OpenJDK 64-Bit Server VM (11.0.8+10-b944.6842174, mixed mode, tiered, compressed oops, g1 gc, windows-amd64)
# No core dump will be written. Minidumps are not enabled by default on client versions of Windows
#

---------------  S U M M A R Y ------------

Command Line: --add-opens=java.base/java.util=ALL-UNNAMED --add-opens=java.base/java.lang=ALL-UNNAMED --add-opens=java.base/java.lang.invoke=ALL-UNNAMED --add-opens=java.prefs/java.util.prefs=ALL-UNNAMED -Xmx1536m -Dfile.encoding=windows-1252 -Duser.country=US -Duser.language=en -Duser.variant org.gradle.launcher.daemon.bootstrap.GradleDaemon 5.4.1

Host: Intel(R) Core(TM) i7-8550U CPU @ 1.80GHz, 8 cores, 15G,  Windows 10 , 64 bit Build 19041 (10.0.19041.1023)
Time: Mon Jul 19 04:33:21 2021 India Standard Time elapsed time: 2709 seconds (0d 0h 45m 9s)

---------------  T H R E A D  ---------------

Current thread (0x00000252a9b66000):  VMThread "VM Thread" [stack: 0x000000fe1cd00000,0x000000fe1ce00000] [id=12268]

Stack: [0x000000fe1cd00000,0x000000fe1ce00000]
[error occurred during error reporting (printing stack bounds), id 0xc0000005, EXCEPTION_ACCESS_VIOLATION (0xc0000005) at pc=0x0000025293c90dad]

Native frames: (J=compiled Java code, j=interpreted, Vv=VM code, C=native code)
V  [jvm.dll+0x5de50a]
V  [jvm.dll+0x7122f5]
V  [jvm.dll+0x71384d]
V  [jvm.dll+0x713e65]
V  [jvm.dll+0x713e1b]
V  [jvm.dll+0x5dd958]
V  [jvm.dll+0x5de0f8]
C  [ntdll.dll+0xa217f]
C  [ntdll.dll+0x51454]
C  [ntdll.dll+0xa0cae]
C  0x0000025293c90dad

VM_Operation (0x000000fe21ffd7c0): G1CollectForAllocation, mode: safepoint, requested by thread 0x00000252adcda000


---------------  P R O C E S S  ---------------

Threads class SMR info:
_java_thread_list=0x00000252b051c610, length=69, elements={
0x000002529030d000, 0x00000252a9b8d800, 0x00000252a9b96000, 0x00000252a9bf2800,
0x00000252a9bf4000, 0x00000252a9bf7000, 0x00000252a9c03000, 0x00000252a9c07800,
0x00000252a9d70800, 0x00000252a9d8b000, 0x00000252ab174800, 0x00000252ab47b800,
0x00000252a9e44800, 0x00000252ab698000, 0x00000252ab699800, 0x00000252ab697000,
0x00000252ac231000, 0x00000252ac238800, 0x00000252b645a000, 0x00000252b6455000,
0x00000252b6454800, 0x00000252b6458800, 0x00000252b645b000, 0x00000252b645c800,
0x00000252b6456800, 0x00000252b6461800, 0x00000252b645f000, 0x00000252b645f800,
0x00000252b6460800, 0x00000252b6462000, 0x00000252b6463000, 0x00000252ac22a800,
0x00000252ac22e800, 0x00000252ac22f800, 0x00000252ac22c000, 0x00000252ac232000,
0x00000252ac22d000, 0x00000252ac233800, 0x00000252ac22d800, 0x00000252ac232800,
0x00000252ac234800, 0x00000252ac235000, 0x00000252ac236000, 0x00000252ac236800,
0x00000252ab69c000, 0x00000252b328d800, 0x00000252b3288800, 0x00000252b328b800,
0x00000252b3291800, 0x00000252b3292000, 0x00000252b328c800, 0x00000252b3294800,
0x00000252b3293000, 0x00000252b3294000, 0x00000252b3295800, 0x00000252b3296800,
0x00000252b3297000, 0x00000252adcd6000, 0x00000252adcdb000, 0x00000252adcd5000,
0x00000252adcd7800, 0x00000252adcdb800, 0x00000252adcdc800, 0x00000252adcd9000,
0x00000252adcd7000, 0x00000252adcda000, 0x00000252adcde000, 0x00000252adcd8800,
0x00000252adce0800
}

Java Threads: ( => current thread )
  0x000002529030d000 JavaThread "main" [_thread_blocked, id=1072, stack(0x000000fe1c700000,0x000000fe1c800000)]
  0x00000252a9b8d800 JavaThread "Reference Handler" daemon [_thread_blocked, id=15852, stack(0x000000fe1ce00000,0x000000fe1cf00000)]
  0x00000252a9b96000 JavaThread "Finalizer" daemon [_thread_blocked, id=11720, stack(0x000000fe1cf00000,0x000000fe1d000000)]
  0x00000252a9bf2800 JavaThread "Signal Dispatcher" daemon [_thread_blocked, id=10388, stack(0x000000fe1d000000,0x000000fe1d100000)]
  0x00000252a9bf4000 JavaThread "Attach Listener" daemon [_thread_blocked, id=13740, stack(0x000000fe1d100000,0x000000fe1d200000)]
  0x00000252a9bf7000 JavaThread "C2 CompilerThread0" daemon [_thread_in_native, id=13384, stack(0x000000fe1d200000,0x000000fe1d300000)]
  0x00000252a9c03000 JavaThread "C1 CompilerThread0" daemon [_thread_blocked, id=1672, stack(0x000000fe1d300000,0x000000fe1d400000)]
  0x00000252a9c07800 JavaThread "Sweeper thread" daemon [_thread_blocked, id=6544, stack(0x000000fe1d400000,0x000000fe1d500000)]
  0x00000252a9d70800 JavaThread "Common-Cleaner" daemon [_thread_blocked, id=14912, stack(0x000000fe1d500000,0x000000fe1d600000)]
  0x00000252a9d8b000 JavaThread "Service Thread" daemon [_thread_blocked, id=1132, stack(0x000000fe1d600000,0x000000fe1d700000)]
  0x00000252ab174800 JavaThread "Daemon health stats" [_thread_blocked, id=13860, stack(0x000000fe1df00000,0x000000fe1e000000)]
  0x00000252ab47b800 JavaThread "Incoming local TCP Connector on port 55857" [_thread_in_native, id=13204, stack(0x000000fe1d800000,0x000000fe1d900000)]
  0x00000252a9e44800 JavaThread "Daemon periodic checks" [_thread_blocked, id=3700, stack(0x000000fe1d900000,0x000000fe1da00000)]
  0x00000252ab698000 JavaThread "Cache worker for file hash cache (C:\Users\hp\.gradle\caches\5.4.1\fileHashes)" [_thread_blocked, id=12100, stack(0x000000fe1e700000,0x000000fe1e800000)]
  0x00000252ab699800 JavaThread "File lock request listener" [_thread_in_native, id=13336, stack(0x000000fe1e800000,0x000000fe1e900000)]
  0x00000252ab697000 JavaThread "Cache worker for journal cache (C:\Users\hp\.gradle\caches\journal-1)" [_thread_blocked, id=12460, stack(0x000000fe1e900000,0x000000fe1ea00000)]
  0x00000252ac231000 JavaThread "Cache worker for execution history cache (C:\Users\hp\.gradle\caches\5.4.1\executionHistory)" [_thread_blocked, id=12084, stack(0x000000fe1f000000,0x000000fe1f100000)]
  0x00000252ac238800 JavaThread "Memory manager" [_thread_blocked, id=13412, stack(0x000000fe1e500000,0x000000fe1e600000)]
  0x00000252b645a000 JavaThread "Daemon Thread 6" [_thread_blocked, id=20376, stack(0x000000fe1c400000,0x000000fe1c500000)]
  0x00000252b6455000 JavaThread "Handler for socket connection from /127.0.0.1:55857 to /127.0.0.1:52871" [_thread_in_native, id=2944, stack(0x000000fe1c500000,0x000000fe1c600000)]
  0x00000252b6454800 JavaThread "Cancel handler" [_thread_blocked, id=16256, stack(0x000000fe1c600000,0x000000fe1c700000)]
  0x00000252b6458800 JavaThread "Daemon worker Thread 5" [_thread_blocked, id=10808, stack(0x000000fe1e000000,0x000000fe1e100000)]
  0x00000252b645b000 JavaThread "Asynchronous log dispatcher for DefaultDaemonConnection: socket connection from /127.0.0.1:55857 to /127.0.0.1:52871" [_thread_blocked, id=7764, stack(0x000000fe1e100000,0x000000fe1e200000)]
  0x00000252b645c800 JavaThread "Thread-115" [_thread_blocked, id=18728, stack(0x000000fe1e300000,0x000000fe1e400000)]
  0x00000252b6456800 JavaThread "Cache worker for file hash cache (D:\Users\Aditya Sharma\AndroidStudioProjects\IMGProject5\.gradle\5.4.1\fileHashes)" [_thread_blocked, id=10484, stack(0x000000fe1e400000,0x000000fe1e500000)]
  0x00000252b6461800 JavaThread "Cache worker for cache directory md-supplier (C:\Users\hp\.gradle\caches\5.4.1\md-supplier)" [_thread_blocked, id=29348, stack(0x000000fe1e600000,0x000000fe1e700000)]
  0x00000252b645f000 JavaThread "Cache worker for cache directory md-rule (C:\Users\hp\.gradle\caches\5.4.1\md-rule)" [_thread_blocked, id=19096, stack(0x000000fe1ea00000,0x000000fe1eb00000)]
  0x00000252b645f800 JavaThread "Build operations" [_thread_blocked, id=28324, stack(0x000000fe1ef00000,0x000000fe1f000000)]
  0x00000252b6460800 JavaThread "Build operations Thread 2" [_thread_blocked, id=20420, stack(0x000000fe1f100000,0x000000fe1f200000)]
  0x00000252b6462000 JavaThread "Build operations Thread 3" [_thread_blocked, id=30380, stack(0x000000fe1f200000,0x000000fe1f300000)]
  0x00000252b6463000 JavaThread "Build operations Thread 4" [_thread_blocked, id=29728, stack(0x000000fe1f300000,0x000000fe1f400000)]
  0x00000252ac22a800 JavaThread "Build operations Thread 5" [_thread_blocked, id=23076, stack(0x000000fe1f400000,0x000000fe1f500000)]
  0x00000252ac22e800 JavaThread "Build operations Thread 6" [_thread_blocked, id=15148, stack(0x000000fe1f500000,0x000000fe1f600000)]
  0x00000252ac22f800 JavaThread "Build operations Thread 7" [_thread_blocked, id=4104, stack(0x000000fe1f600000,0x000000fe1f700000)]
  0x00000252ac22c000 JavaThread "Build operations Thread 8" [_thread_blocked, id=20228, stack(0x000000fe1f700000,0x000000fe1f800000)]
  0x00000252ac232000 JavaThread "Cache worker for Build Output Cleanup Cache (D:\Users\Aditya Sharma\AndroidStudioProjects\IMGProject5\.gradle\buildOutputCleanup)" [_thread_blocked, id=29224, stack(0x000000fe1f800000,0x000000fe1f900000)]
  0x00000252ac22d000 JavaThread "Cache worker for file content cache (C:\Users\hp\.gradle\caches\5.4.1\fileContent)" [_thread_blocked, id=29364, stack(0x000000fe1f900000,0x000000fe1fa00000)]
  0x00000252ac233800 JavaThread "Cache worker for file content cache (D:\Users\Aditya Sharma\AndroidStudioProjects\IMGProject5\.gradle\5.4.1\fileContent)" [_thread_blocked, id=29360, stack(0x000000fe1fa00000,0x000000fe1fb00000)]
  0x00000252ac22d800 JavaThread "Execution worker for ':'" [_thread_blocked, id=29368, stack(0x000000fe1fb00000,0x000000fe1fc00000)]
  0x00000252ac232800 JavaThread "Execution worker for ':' Thread 2" [_thread_blocked, id=2496, stack(0x000000fe1fc00000,0x000000fe1fd00000)]
  0x00000252ac234800 JavaThread "Execution worker for ':' Thread 3" [_thread_blocked, id=2264, stack(0x000000fe1fd00000,0x000000fe1fe00000)]
  0x00000252ac235000 JavaThread "Execution worker for ':' Thread 4" [_thread_blocked, id=30712, stack(0x000000fe1fe00000,0x000000fe1ff00000)]
  0x00000252ac236000 JavaThread "Execution worker for ':' Thread 5" [_thread_blocked, id=13308, stack(0x000000fe1ff00000,0x000000fe20000000)]
  0x00000252ac236800 JavaThread "Execution worker for ':' Thread 6" [_thread_blocked, id=2068, stack(0x000000fe20000000,0x000000fe20100000)]
  0x00000252ab69c000 JavaThread "Execution worker for ':' Thread 7" [_thread_blocked, id=28348, stack(0x000000fe20100000,0x000000fe20200000)]
  0x00000252b328d800 JavaThread "Cache worker for execution history cache (D:\Users\Aditya Sharma\AndroidStudioProjects\IMGProject5\.gradle\5.4.1\executionHistory)" [_thread_blocked, id=30036, stack(0x000000fe20200000,0x000000fe20300000)]
  0x00000252b3288800 JavaThread "WorkerExecutor Queue Thread 2" [_thread_blocked, id=10980, stack(0x000000fe20400000,0x000000fe20500000)]
  0x00000252b328b800 JavaThread "Java2D Disposer" daemon [_thread_blocked, id=13696, stack(0x000000fe20d00000,0x000000fe20e00000)]
  0x00000252b3291800 JavaThread "pool-12-thread-1" [_thread_blocked, id=11816, stack(0x000000fe20e00000,0x000000fe20f00000)]
  0x00000252b3292000 JavaThread "stderr" [_thread_in_native, id=30256, stack(0x000000fe20f00000,0x000000fe21000000)]
  0x00000252b328c800 JavaThread "stdout" [_thread_in_native, id=8868, stack(0x000000fe21000000,0x000000fe21100000)]
  0x00000252b3294800 JavaThread "stderr" [_thread_in_native, id=2020, stack(0x000000fe21100000,0x000000fe21200000)]
  0x00000252b3293000 JavaThread "stdout" [_thread_in_native, id=30168, stack(0x000000fe21200000,0x000000fe21300000)]
  0x00000252b3294000 JavaThread "stderr" [_thread_in_native, id=13292, stack(0x000000fe21300000,0x000000fe21400000)]
  0x00000252b3295800 JavaThread "stdout" [_thread_in_native, id=14512, stack(0x000000fe21400000,0x000000fe21500000)]
  0x00000252b3296800 JavaThread "stderr" [_thread_in_native, id=9896, stack(0x000000fe21500000,0x000000fe21600000)]
  0x00000252b3297000 JavaThread "stdout" [_thread_in_native, id=9676, stack(0x000000fe21600000,0x000000fe21700000)]
  0x00000252adcd6000 JavaThread "stderr" [_thread_in_native, id=9960, stack(0x000000fe21700000,0x000000fe21800000)]
  0x00000252adcdb000 JavaThread "stdout" [_thread_in_native, id=10296, stack(0x000000fe21800000,0x000000fe21900000)]
  0x00000252adcd5000 JavaThread "stderr" [_thread_in_native, id=29184, stack(0x000000fe21900000,0x000000fe21a00000)]
  0x00000252adcd7800 JavaThread "stdout" [_thread_in_native, id=10288, stack(0x000000fe21a00000,0x000000fe21b00000)]
  0x00000252adcdb800 JavaThread "stderr" [_thread_in_native, id=29924, stack(0x000000fe21b00000,0x000000fe21c00000)]
  0x00000252adcdc800 JavaThread "stdout" [_thread_in_native, id=30420, stack(0x000000fe21c00000,0x000000fe21d00000)]
  0x00000252adcd9000 JavaThread "stderr" [_thread_in_native, id=20360, stack(0x000000fe21d00000,0x000000fe21e00000)]
  0x00000252adcd7000 JavaThread "stdout" [_thread_in_native, id=15604, stack(0x000000fe21e00000,0x000000fe21f00000)]
  0x00000252adcda000 JavaThread "WorkerExecutor Queue Thread 9" [_thread_blocked, id=7816, stack(0x000000fe21f00000,0x000000fe22000000)]
  0x00000252adcde000 JavaThread "Cache worker for Java compile cache (C:\Users\hp\.gradle\caches\5.4.1\javaCompile)" [_thread_blocked, id=15652, stack(0x000000fe20300000,0x000000fe20400000)]
  0x00000252adcd8800 JavaThread "Cache worker for Java compile cache (D:\Users\Aditya Sharma\AndroidStudioProjects\IMGProject5\.gradle\5.4.1\javaCompile)" [_thread_blocked, id=30316, stack(0x000000fe20500000,0x000000fe20600000)]
  0x00000252adce0800 JavaThread "WorkerExecutor Queue Thread 10" [_thread_blocked, id=27916, stack(0x000000fe1e200000,0x000000fe1e300000)]

Other Threads:
=>0x00000252a9b66000 VMThread "VM Thread" [stack: 0x000000fe1cd00000,0x000000fe1ce00000] [id=12268]
  0x00000252a9d8c800 WatcherThread [stack: 0x000000fe1d700000,0x000000fe1d800000] [id=11536]
  0x0000025290325000 GCTaskThread "GC Thread#0" [stack: 0x000000fe1c800000,0x000000fe1c900000] [id=14276]
  0x00000252aad52000 GCTaskThread "GC Thread#1" [stack: 0x000000fe1da00000,0x000000fe1db00000] [id=16308]
  0x00000252aad52800 GCTaskThread "GC Thread#2" [stack: 0x000000fe1db00000,0x000000fe1dc00000] [id=15252]
  0x00000252aa83e800 GCTaskThread "GC Thread#3" [stack: 0x000000fe1dc00000,0x000000fe1dd00000] [id=14480]
  0x00000252aad53000 GCTaskThread "GC Thread#4" [stack: 0x000000fe1dd00000,0x000000fe1de00000] [id=5632]
  0x00000252aac70800 GCTaskThread "GC Thread#5" [stack: 0x000000fe1de00000,0x000000fe1df00000] [id=3520]
  0x00000252ab556800 GCTaskThread "GC Thread#6" [stack: 0x000000fe1eb00000,0x000000fe1ec00000] [id=9400]
  0x00000252abc83800 GCTaskThread "GC Thread#7" [stack: 0x000000fe1ec00000,0x000000fe1ed00000] [id=1032]
  0x000002529034b800 ConcurrentGCThread "G1 Main Marker" [stack: 0x000000fe1c900000,0x000000fe1ca00000] [id=15164]
  0x000002529034e000 ConcurrentGCThread "G1 Conc#0" [stack: 0x000000fe1ca00000,0x000000fe1cb00000] [id=2616]
  0x00000252aaf17800 ConcurrentGCThread "G1 Conc#1" [stack: 0x000000fe1ed00000,0x000000fe1ee00000] [id=2464]
  0x00000252903ee800 ConcurrentGCThread "G1 Refine#0" [stack: 0x000000fe1cb00000,0x000000fe1cc00000] [id=1976]
  0x00000252a91cf000 ConcurrentGCThread "G1 Young RemSet Sampling" [stack: 0x000000fe1cc00000,0x000000fe1cd00000] [id=15584]

Threads with active compile tasks:
C2 CompilerThread02709945 26031       4       org.gradle.api.internal.tasks.compile.incremental.asm.ClassDependenciesVisitor::visitMethod (67 bytes)
C1 CompilerThread02709945 28045       2       com.android.tools.r8.ir.regalloc.LinearScanRegisterAllocator::allocateRegisters (1295 bytes)

VM state:at safepoint (normal execution)

VM Mutex/Monitor currently owned by a thread:  ([mutex/lock_event])
[0x0000025290308a90] Threads_lock - owner thread: 0x00000252a9b66000
[0x000002529030a3e0] Heap_lock - owner thread: 0x00000252adcda000

Heap address: 0x00000000a0000000, size: 1536 MB, Compressed Oops mode: 32-bit
Narrow klass base: 0x0000000000000000, Narrow klass shift: 3
Compressed class space size: 1073741824 Address: 0x0000000100000000

Heap:
 garbage-first heap   total 380928K, used 168230K [0x00000000a0000000, 0x0000000100000000)
  region size 1024K, 3 young (3072K), 3 survivors (3072K)
 Metaspace       used 161268K, capacity 165313K, committed 165928K, reserved 1193984K
  class space    used 19121K, capacity 20402K, committed 20656K, reserved 1048576K
Heap Regions: E=young(eden), S=young(survivor), O=old, HS=humongous(starts), HC=humongous(continues), CS=collection set, F=free, A=archive, TAMS=top-at-mark-start (previous, next)
|   0|0x00000000a0000000, 0x00000000a0100000, 0x00000000a0100000|100%|HS|  |TAMS 0x00000000a0100000, 0x00000000a0100000| Complete 
|   1|0x00000000a0100000, 0x00000000a0200000, 0x00000000a0200000|100%|HC|  |TAMS 0x00000000a0200000, 0x00000000a0200000| Complete 
|   2|0x00000000a0200000, 0x00000000a0300000, 0x00000000a0300000|100%|HS|  |TAMS 0x00000000a0300000, 0x00000000a0300000| Complete 
|   3|0x00000000a0300000, 0x00000000a0400000, 0x00000000a0400000|100%|HS|  |TAMS 0x00000000a0400000, 0x00000000a0400000| Complete 
|   4|0x00000000a0400000, 0x00000000a0500000, 0x00000000a0500000|100%|HC|  |TAMS 0x00000000a0500000, 0x00000000a0500000| Complete 
|   5|0x00000000a0500000, 0x00000000a0600000, 0x00000000a0600000|100%| O|  |TAMS 0x00000000a0600000, 0x00000000a0600000| Untracked 
|   6|0x00000000a0600000, 0x00000000a0700000, 0x00000000a0700000|100%| O|  |TAMS 0x00000000a0700000, 0x00000000a0700000| Untracked 
|   7|0x00000000a0700000, 0x00000000a0800000, 0x00000000a0800000|100%|HS|  |TAMS 0x00000000a0800000, 0x00000000a0800000| Complete 
|   8|0x00000000a0800000, 0x00000000a0900000, 0x00000000a0900000|100%|HC|  |TAMS 0x00000000a0900000, 0x00000000a0900000| Complete 
|   9|0x00000000a0900000, 0x00000000a0a00000, 0x00000000a0a00000|100%|HC|  |TAMS 0x00000000a0a00000, 0x00000000a0a00000| Complete 
|  10|0x00000000a0a00000, 0x00000000a0b00000, 0x00000000a0b00000|100%|HS|  |TAMS 0x00000000a0b00000, 0x00000000a0b00000| Complete 
|  11|0x00000000a0b00000, 0x00000000a0c00000, 0x00000000a0c00000|100%|HC|  |TAMS 0x00000000a0c00000, 0x00000000a0c00000| Complete 
|  12|0x00000000a0c00000, 0x00000000a0d00000, 0x00000000a0d00000|100%|HC|  |TAMS 0x00000000a0d00000, 0x00000000a0d00000| Complete 
|  13|0x00000000a0d00000, 0x00000000a0e00000, 0x00000000a0e00000|100%|HC|  |TAMS 0x00000000a0e00000, 0x00000000a0e00000| Complete 
|  14|0x00000000a0e00000, 0x00000000a0f00000, 0x00000000a0f00000|100%| O|  |TAMS 0x00000000a0f00000, 0x00000000a0f00000| Untracked 
|  15|0x00000000a0f00000, 0x00000000a1000000, 0x00000000a1000000|100%| O|  |TAMS 0x00000000a1000000, 0x00000000a1000000| Untracked 
|  16|0x00000000a1000000, 0x00000000a1100000, 0x00000000a1100000|100%| O|  |TAMS 0x00000000a1100000, 0x00000000a1100000| Untracked 
|  17|0x00000000a1100000, 0x00000000a1200000, 0x00000000a1200000|100%| O|  |TAMS 0x00000000a1200000, 0x00000000a1200000| Untracked 
|  18|0x00000000a1200000, 0x00000000a1300000, 0x00000000a1300000|100%| O|  |TAMS 0x00000000a1300000, 0x00000000a1300000| Untracked 
|  19|0x00000000a1300000, 0x00000000a1400000, 0x00000000a1400000|100%| O|  |TAMS 0x00000000a1400000, 0x00000000a1400000| Untracked 
|  20|0x00000000a1400000, 0x00000000a1400000, 0x00000000a1500000|  0%| F|  |TAMS 0x00000000a1400000, 0x00000000a1400000| Untracked 
|  21|0x00000000a1500000, 0x00000000a1600000, 0x00000000a1600000|100%| O|  |TAMS 0x00000000a1600000, 0x00000000a1600000| Untracked 
|  22|0x00000000a1600000, 0x00000000a1700000, 0x00000000a1700000|100%| O|  |TAMS 0x00000000a1700000, 0x00000000a1700000| Untracked 
|  23|0x00000000a1700000, 0x00000000a1800000, 0x00000000a1800000|100%| O|  |TAMS 0x00000000a1800000, 0x00000000a1800000| Untracked 
|  24|0x00000000a1800000, 0x00000000a1800000, 0x00000000a1900000|  0%| F|  |TAMS 0x00000000a1800000, 0x00000000a1800000| Untracked 
|  25|0x00000000a1900000, 0x00000000a1a00000, 0x00000000a1a00000|100%| O|  |TAMS 0x00000000a1a00000, 0x00000000a1a00000| Untracked 
|  26|0x00000000a1a00000, 0x00000000a1b00000, 0x00000000a1b00000|100%| O|  |TAMS 0x00000000a1b00000, 0x00000000a1b00000| Untracked 
|  27|0x00000000a1b00000, 0x00000000a1c00000, 0x00000000a1c00000|100%| O|  |TAMS 0x00000000a1c00000, 0x00000000a1c00000| Untracked 
|  28|0x00000000a1c00000, 0x00000000a1d00000, 0x00000000a1d00000|100%| O|  |TAMS 0x00000000a1d00000, 0x00000000a1d00000| Untracked 
|  29|0x00000000a1d00000, 0x00000000a1e00000, 0x00000000a1e00000|100%| O|  |TAMS 0x00000000a1e00000, 0x00000000a1e00000| Untracked 
|  30|0x00000000a1e00000, 0x00000000a1f00000, 0x00000000a1f00000|100%| O|  |TAMS 0x00000000a1f00000, 0x00000000a1f00000| Untracked 
|  31|0x00000000a1f00000, 0x00000000a2000000, 0x00000000a2000000|100%| O|  |TAMS 0x00000000a2000000, 0x00000000a2000000| Untracked 
|  32|0x00000000a2000000, 0x00000000a2100000, 0x00000000a2100000|100%| O|  |TAMS 0x00000000a2100000, 0x00000000a2100000| Untracked 
|  33|0x00000000a2100000, 0x00000000a2200000, 0x00000000a2200000|100%| O|  |TAMS 0x00000000a2200000, 0x00000000a2200000| Untracked 
|  34|0x00000000a2200000, 0x00000000a2300000, 0x00000000a2300000|100%| O|  |TAMS 0x00000000a2300000, 0x00000000a2300000| Untracked 
|  35|0x00000000a2300000, 0x00000000a2400000, 0x00000000a2400000|100%| O|  |TAMS 0x00000000a2400000, 0x00000000a2400000| Untracked 
|  36|0x00000000a2400000, 0x00000000a2500000, 0x00000000a2500000|100%| O|  |TAMS 0x00000000a2500000, 0x00000000a2500000| Untracked 
|  37|0x00000000a2500000, 0x00000000a2600000, 0x00000000a2600000|100%| O|  |TAMS 0x00000000a2600000, 0x00000000a2600000| Untracked 
|  38|0x00000000a2600000, 0x00000000a2700000, 0x00000000a2700000|100%| O|  |TAMS 0x00000000a2700000, 0x00000000a2700000| Untracked 
|  39|0x00000000a2700000, 0x00000000a2800000, 0x00000000a2800000|100%| O|  |TAMS 0x00000000a2800000, 0x00000000a2800000| Untracked 
|  40|0x00000000a2800000, 0x00000000a2900000, 0x00000000a2900000|100%| O|  |TAMS 0x00000000a2900000, 0x00000000a2900000| Untracked 
|  41|0x00000000a2900000, 0x00000000a2a00000, 0x00000000a2a00000|100%| O|  |TAMS 0x00000000a2a00000, 0x00000000a2a00000| Untracked 
|  42|0x00000000a2a00000, 0x00000000a2a00000, 0x00000000a2b00000|  0%| F|  |TAMS 0x00000000a2a00000, 0x00000000a2a00000| Untracked 
|  43|0x00000000a2b00000, 0x00000000a2c00000, 0x00000000a2c00000|100%|HS|  |TAMS 0x00000000a2c00000, 0x00000000a2c00000| Complete 
|  44|0x00000000a2c00000, 0x00000000a2d00000, 0x00000000a2d00000|100%|HC|  |TAMS 0x00000000a2d00000, 0x00000000a2d00000| Complete 
|  45|0x00000000a2d00000, 0x00000000a2e00000, 0x00000000a2e00000|100%|HC|  |TAMS 0x00000000a2e00000, 0x00000000a2e00000| Complete 
|  46|0x00000000a2e00000, 0x00000000a2f00000, 0x00000000a2f00000|100%|HS|  |TAMS 0x00000000a2f00000, 0x00000000a2f00000| Complete 
|  47|0x00000000a2f00000, 0x00000000a3000000, 0x00000000a3000000|100%|HC|  |TAMS 0x00000000a3000000, 0x00000000a3000000| Complete 
|  48|0x00000000a3000000, 0x00000000a3100000, 0x00000000a3100000|100%| O|  |TAMS 0x00000000a3100000, 0x00000000a3100000| Untracked 
|  49|0x00000000a3100000, 0x00000000a3200000, 0x00000000a3200000|100%| O|  |TAMS 0x00000000a3200000, 0x00000000a3200000| Untracked 
|  50|0x00000000a3200000, 0x00000000a3300000, 0x00000000a3300000|100%| O|  |TAMS 0x00000000a3300000, 0x00000000a3300000| Untracked 
|  51|0x00000000a3300000, 0x00000000a3400000, 0x00000000a3400000|100%| O|  |TAMS 0x00000000a3400000, 0x00000000a3400000| Untracked 
|  52|0x00000000a3400000, 0x00000000a3400000, 0x00000000a3500000|  0%| F|  |TAMS 0x00000000a3400000, 0x00000000a3400000| Untracked 
|  53|0x00000000a3500000, 0x00000000a3600000, 0x00000000a3600000|100%| O|  |TAMS 0x00000000a3600000, 0x00000000a3600000| Untracked 
|  54|0x00000000a3600000, 0x00000000a3700000, 0x00000000a3700000|100%| O|  |TAMS 0x00000000a3700000, 0x00000000a3700000| Untracked 
|  55|0x00000000a3700000, 0x00000000a3800000, 0x00000000a3800000|100%| O|  |TAMS 0x00000000a3800000, 0x00000000a3800000| Untracked 
|  56|0x00000000a3800000, 0x00000000a3900000, 0x00000000a3900000|100%| O|  |TAMS 0x00000000a3900000, 0x00000000a3900000| Untracked 
|  57|0x00000000a3900000, 0x00000000a3a00000, 0x00000000a3a00000|100%| O|  |TAMS 0x00000000a3a00000, 0x00000000a3a00000| Untracked 
|  58|0x00000000a3a00000, 0x00000000a3b00000, 0x00000000a3b00000|100%| O|  |TAMS 0x00000000a3b00000, 0x00000000a3b00000| Untracked 
|  59|0x00000000a3b00000, 0x00000000a3c00000, 0x00000000a3c00000|100%| O|  |TAMS 0x00000000a3c00000, 0x00000000a3c00000| Untracked 
|  60|0x00000000a3c00000, 0x00000000a3d00000, 0x00000000a3d00000|100%| O|  |TAMS 0x00000000a3d00000, 0x00000000a3d00000| Untracked 
|  61|0x00000000a3d00000, 0x00000000a3e00000, 0x00000000a3e00000|100%| O|  |TAMS 0x00000000a3e00000, 0x00000000a3e00000| Untracked 
|  62|0x00000000a3e00000, 0x00000000a3f00000, 0x00000000a3f00000|100%| O|  |TAMS 0x00000000a3f00000, 0x00000000a3f00000| Untracked 
|  63|0x00000000a3f00000, 0x00000000a3f00000, 0x00000000a4000000|  0%| F|  |TAMS 0x00000000a3f00000, 0x00000000a3f00000| Untracked 
|  64|0x00000000a4000000, 0x00000000a4100000, 0x00000000a4100000|100%| O|  |TAMS 0x00000000a4100000, 0x00000000a4100000| Untracked 
|  65|0x00000000a4100000, 0x00000000a4200000, 0x00000000a4200000|100%| O|  |TAMS 0x00000000a4200000, 0x00000000a4200000| Untracked 
|  66|0x00000000a4200000, 0x00000000a4300000, 0x00000000a4300000|100%| O|  |TAMS 0x00000000a4300000, 0x00000000a4300000| Untracked 
|  67|0x00000000a4300000, 0x00000000a4300000, 0x00000000a4400000|  0%| F|  |TAMS 0x00000000a4300000, 0x00000000a4300000| Untracked 
|  68|0x00000000a4400000, 0x00000000a4500000, 0x00000000a4500000|100%| O|  |TAMS 0x00000000a4500000, 0x00000000a4500000| Untracked 
|  69|0x00000000a4500000, 0x00000000a4600000, 0x00000000a4600000|100%| O|  |TAMS 0x00000000a4600000, 0x00000000a4600000| Untracked 
|  70|0x00000000a4600000, 0x00000000a4700000, 0x00000000a4700000|100%| O|  |TAMS 0x00000000a4700000, 0x00000000a4700000| Untracked 
|  71|0x00000000a4700000, 0x00000000a4800000, 0x00000000a4800000|100%| O|  |TAMS 0x00000000a4800000, 0x00000000a4800000| Untracked 
|  72|0x00000000a4800000, 0x00000000a4900000, 0x00000000a4900000|100%| O|  |TAMS 0x00000000a4900000, 0x00000000a4900000| Untracked 
|  73|0x00000000a4900000, 0x00000000a4a00000, 0x00000000a4a00000|100%| O|  |TAMS 0x00000000a4a00000, 0x00000000a4a00000| Untracked 
|  74|0x00000000a4a00000, 0x00000000a4b00000, 0x00000000a4b00000|100%| O|  |TAMS 0x00000000a4b00000, 0x00000000a4b00000| Untracked 
|  75|0x00000000a4b00000, 0x00000000a4c00000, 0x00000000a4c00000|100%| O|  |TAMS 0x00000000a4c00000, 0x00000000a4c00000| Untracked 
|  76|0x00000000a4c00000, 0x00000000a4d00000, 0x00000000a4d00000|100%| O|  |TAMS 0x00000000a4d00000, 0x00000000a4d00000| Untracked 
|  77|0x00000000a4d00000, 0x00000000a4e00000, 0x00000000a4e00000|100%| O|  |TAMS 0x00000000a4e00000, 0x00000000a4e00000| Untracked 
|  78|0x00000000a4e00000, 0x00000000a4f00000, 0x00000000a4f00000|100%| O|  |TAMS 0x00000000a4f00000, 0x00000000a4f00000| Untracked 
|  79|0x00000000a4f00000, 0x00000000a4f00000, 0x00000000a5000000|  0%| F|  |TAMS 0x00000000a4f00000, 0x00000000a4f00000| Untracked 
|  80|0x00000000a5000000, 0x00000000a5100000, 0x00000000a5100000|100%| O|  |TAMS 0x00000000a5100000, 0x00000000a5100000| Untracked 
|  81|0x00000000a5100000, 0x00000000a5200000, 0x00000000a5200000|100%| O|  |TAMS 0x00000000a5200000, 0x00000000a5200000| Untracked 
|  82|0x00000000a5200000, 0x00000000a5300000, 0x00000000a5300000|100%| O|  |TAMS 0x00000000a5300000, 0x00000000a5300000| Untracked 
|  83|0x00000000a5300000, 0x00000000a5400000, 0x00000000a5400000|100%| O|  |TAMS 0x00000000a5400000, 0x00000000a5400000| Untracked 
|  84|0x00000000a5400000, 0x00000000a5500000, 0x00000000a5500000|100%| O|  |TAMS 0x00000000a5500000, 0x00000000a5500000| Untracked 
|  85|0x00000000a5500000, 0x00000000a5600000, 0x00000000a5600000|100%| O|  |TAMS 0x00000000a5600000, 0x00000000a5600000| Untracked 
|  86|0x00000000a5600000, 0x00000000a5700000, 0x00000000a5700000|100%| O|  |TAMS 0x00000000a5700000, 0x00000000a5700000| Untracked 
|  87|0x00000000a5700000, 0x00000000a5800000, 0x00000000a5800000|100%| O|  |TAMS 0x00000000a5800000, 0x00000000a5800000| Untracked 
|  88|0x00000000a5800000, 0x00000000a5900000, 0x00000000a5900000|100%| O|  |TAMS 0x00000000a5900000, 0x00000000a5900000| Untracked 
|  89|0x00000000a5900000, 0x00000000a5a00000, 0x00000000a5a00000|100%| O|  |TAMS 0x00000000a5a00000, 0x00000000a5a00000| Untracked 
|  90|0x00000000a5a00000, 0x00000000a5a00000, 0x00000000a5b00000|  0%| F|  |TAMS 0x00000000a5a00000, 0x00000000a5a00000| Untracked 
|  91|0x00000000a5b00000, 0x00000000a5c00000, 0x00000000a5c00000|100%| O|  |TAMS 0x00000000a5c00000, 0x00000000a5c00000| Untracked 
|  92|0x00000000a5c00000, 0x00000000a5d00000, 0x00000000a5d00000|100%| O|  |TAMS 0x00000000a5d00000, 0x00000000a5d00000| Untracked 
|  93|0x00000000a5d00000, 0x00000000a5e00000, 0x00000000a5e00000|100%| O|  |TAMS 0x00000000a5e00000, 0x00000000a5e00000| Untracked 
|  94|0x00000000a5e00000, 0x00000000a5f00000, 0x00000000a5f00000|100%| O|  |TAMS 0x00000000a5f00000, 0x00000000a5f00000| Untracked 
|  95|0x00000000a5f00000, 0x00000000a6000000, 0x00000000a6000000|100%| O|  |TAMS 0x00000000a6000000, 0x00000000a6000000| Untracked 
|  96|0x00000000a6000000, 0x00000000a6100000, 0x00000000a6100000|100%| O|  |TAMS 0x00000000a6100000, 0x00000000a6100000| Untracked 
|  97|0x00000000a6100000, 0x00000000a6200000, 0x00000000a6200000|100%| O|  |TAMS 0x00000000a6200000, 0x00000000a6200000| Untracked 
|  98|0x00000000a6200000, 0x00000000a6300000, 0x00000000a6300000|100%| O|  |TAMS 0x00000000a6300000, 0x00000000a6300000| Untracked 
|  99|0x00000000a6300000, 0x00000000a6400000, 0x00000000a6400000|100%| O|  |TAMS 0x00000000a6400000, 0x00000000a6400000| Untracked 
| 100|0x00000000a6400000, 0x00000000a6400000, 0x00000000a6500000|  0%| F|  |TAMS 0x00000000a6400000, 0x00000000a6400000| Untracked 
| 101|0x00000000a6500000, 0x00000000a6600000, 0x00000000a6600000|100%| O|  |TAMS 0x00000000a6600000, 0x00000000a6600000| Untracked 
| 102|0x00000000a6600000, 0x00000000a6700000, 0x00000000a6700000|100%| O|  |TAMS 0x00000000a6700000, 0x00000000a6700000| Untracked 
| 103|0x00000000a6700000, 0x00000000a6800000, 0x00000000a6800000|100%| O|  |TAMS 0x00000000a6800000, 0x00000000a6800000| Untracked 
| 104|0x00000000a6800000, 0x00000000a6800000, 0x00000000a6900000|  0%| F|  |TAMS 0x00000000a6800000, 0x00000000a6800000| Untracked 
| 105|0x00000000a6900000, 0x00000000a6a00000, 0x00000000a6a00000|100%| O|  |TAMS 0x00000000a6a00000, 0x00000000a6a00000| Untracked 
| 106|0x00000000a6a00000, 0x00000000a6b00000, 0x00000000a6b00000|100%| O|  |TAMS 0x00000000a6b00000, 0x00000000a6b00000| Untracked 
| 107|0x00000000a6b00000, 0x00000000a6c00000, 0x00000000a6c00000|100%| O|  |TAMS 0x00000000a6c00000, 0x00000000a6c00000| Untracked 
| 108|0x00000000a6c00000, 0x00000000a6c00000, 0x00000000a6d00000|  0%| F|  |TAMS 0x00000000a6c00000, 0x00000000a6c00000| Untracked 
| 109|0x00000000a6d00000, 0x00000000a6e00000, 0x00000000a6e00000|100%| O|  |TAMS 0x00000000a6e00000, 0x00000000a6e00000| Untracked 
| 110|0x00000000a6e00000, 0x00000000a6f00000, 0x00000000a6f00000|100%| O|  |TAMS 0x00000000a6f00000, 0x00000000a6f00000| Untracked 
| 111|0x00000000a6f00000, 0x00000000a7000000, 0x00000000a7000000|100%| O|  |TAMS 0x00000000a7000000, 0x00000000a7000000| Untracked 
| 112|0x00000000a7000000, 0x00000000a7100000, 0x00000000a7100000|100%| O|  |TAMS 0x00000000a7100000, 0x00000000a7100000| Untracked 
| 113|0x00000000a7100000, 0x00000000a7200000, 0x00000000a7200000|100%| O|  |TAMS 0x00000000a7200000, 0x00000000a7200000| Untracked 
| 114|0x00000000a7200000, 0x00000000a7300000, 0x00000000a7300000|100%| O|  |TAMS 0x00000000a7300000, 0x00000000a7300000| Untracked 
| 115|0x00000000a7300000, 0x00000000a7400000, 0x00000000a7400000|100%| O|  |TAMS 0x00000000a7400000, 0x00000000a7400000| Untracked 
| 116|0x00000000a7400000, 0x00000000a7400000, 0x00000000a7500000|  0%| F|  |TAMS 0x00000000a7400000, 0x00000000a7400000| Untracked 
| 117|0x00000000a7500000, 0x00000000a7600000, 0x00000000a7600000|100%| O|  |TAMS 0x00000000a7600000, 0x00000000a7600000| Untracked 
| 118|0x00000000a7600000, 0x00000000a7700000, 0x00000000a7700000|100%| O|  |TAMS 0x00000000a7700000, 0x00000000a7700000| Untracked 
| 119|0x00000000a7700000, 0x00000000a7800000, 0x00000000a7800000|100%| O|  |TAMS 0x00000000a7800000, 0x00000000a7800000| Untracked 
| 120|0x00000000a7800000, 0x00000000a7800000, 0x00000000a7900000|  0%| F|  |TAMS 0x00000000a7800000, 0x00000000a7800000| Untracked 
| 121|0x00000000a7900000, 0x00000000a7a00000, 0x00000000a7a00000|100%| O|  |TAMS 0x00000000a7a00000, 0x00000000a7a00000| Untracked 
| 122|0x00000000a7a00000, 0x00000000a7b00000, 0x00000000a7b00000|100%| O|  |TAMS 0x00000000a7b00000, 0x00000000a7b00000| Untracked 
| 123|0x00000000a7b00000, 0x00000000a7c00000, 0x00000000a7c00000|100%| O|  |TAMS 0x00000000a7c00000, 0x00000000a7c00000| Untracked 
| 124|0x00000000a7c00000, 0x00000000a7c00000, 0x00000000a7d00000|  0%| F|  |TAMS 0x00000000a7c00000, 0x00000000a7c00000| Untracked 
| 125|0x00000000a7d00000, 0x00000000a7d00000, 0x00000000a7e00000|  0%| F|  |TAMS 0x00000000a7d00000, 0x00000000a7d00000| Untracked 
| 126|0x00000000a7e00000, 0x00000000a7e00000, 0x00000000a7f00000|  0%| F|  |TAMS 0x00000000a7e00000, 0x00000000a7e00000| Untracked 
| 127|0x00000000a7f00000, 0x00000000a7f00000, 0x00000000a8000000|  0%| F|  |TAMS 0x00000000a7f00000, 0x00000000a7f00000| Untracked 
| 128|0x00000000a8000000, 0x00000000a8100000, 0x00000000a8100000|100%| O|  |TAMS 0x00000000a8100000, 0x00000000a8100000| Untracked 
| 129|0x00000000a8100000, 0x00000000a8200000, 0x00000000a8200000|100%| O|  |TAMS 0x00000000a8200000, 0x00000000a8200000| Untracked 
| 130|0x00000000a8200000, 0x00000000a8300000, 0x00000000a8300000|100%| O|  |TAMS 0x00000000a8300000, 0x00000000a8300000| Untracked 
| 131|0x00000000a8300000, 0x00000000a8400000, 0x00000000a8400000|100%| O|  |TAMS 0x00000000a8400000, 0x00000000a8400000| Untracked 
| 132|0x00000000a8400000, 0x00000000a8500000, 0x00000000a8500000|100%| O|  |TAMS 0x00000000a8500000, 0x00000000a8500000| Untracked 
| 133|0x00000000a8500000, 0x00000000a8600000, 0x00000000a8600000|100%| O|  |TAMS 0x00000000a8600000, 0x00000000a8600000| Untracked 
| 134|0x00000000a8600000, 0x00000000a8700000, 0x00000000a8700000|100%| O|  |TAMS 0x00000000a8700000, 0x00000000a8700000| Untracked 
| 135|0x00000000a8700000, 0x00000000a8800000, 0x00000000a8800000|100%| O|  |TAMS 0x00000000a8800000, 0x00000000a8800000| Untracked 
| 136|0x00000000a8800000, 0x00000000a8900000, 0x00000000a8900000|100%| O|  |TAMS 0x00000000a8900000, 0x00000000a8900000| Untracked 
| 137|0x00000000a8900000, 0x00000000a8a00000, 0x00000000a8a00000|100%| O|  |TAMS 0x00000000a8a00000, 0x00000000a8a00000| Untracked 
| 138|0x00000000a8a00000, 0x00000000a8b00000, 0x00000000a8b00000|100%| O|  |TAMS 0x00000000a8b00000, 0x00000000a8b00000| Untracked 
| 139|0x00000000a8b00000, 0x00000000a8c00000, 0x00000000a8c00000|100%| O|  |TAMS 0x00000000a8c00000, 0x00000000a8c00000| Untracked 
| 140|0x00000000a8c00000, 0x00000000a8d00000, 0x00000000a8d00000|100%| O|  |TAMS 0x00000000a8d00000, 0x00000000a8d00000| Untracked 
| 141|0x00000000a8d00000, 0x00000000a8e00000, 0x00000000a8e00000|100%| O|  |TAMS 0x00000000a8e00000, 0x00000000a8e00000| Untracked 
| 142|0x00000000a8e00000, 0x00000000a8f00000, 0x00000000a8f00000|100%| O|  |TAMS 0x00000000a8f00000, 0x00000000a8f00000| Untracked 
| 143|0x00000000a8f00000, 0x00000000a9000000, 0x00000000a9000000|100%| O|  |TAMS 0x00000000a9000000, 0x00000000a9000000| Untracked 
| 144|0x00000000a9000000, 0x00000000a9000000, 0x00000000a9100000|  0%| F|  |TAMS 0x00000000a9000000, 0x00000000a9000000| Untracked 
| 145|0x00000000a9100000, 0x00000000a9200000, 0x00000000a9200000|100%| O|  |TAMS 0x00000000a9200000, 0x00000000a9200000| Untracked 
| 146|0x00000000a9200000, 0x00000000a9300000, 0x00000000a9300000|100%| O|  |TAMS 0x00000000a9300000, 0x00000000a9300000| Untracked 
| 147|0x00000000a9300000, 0x00000000a9400000, 0x00000000a9400000|100%| O|  |TAMS 0x00000000a9400000, 0x00000000a9400000| Untracked 
| 148|0x00000000a9400000, 0x00000000a9400000, 0x00000000a9500000|  0%| F|  |TAMS 0x00000000a9400000, 0x00000000a9400000| Untracked 
| 149|0x00000000a9500000, 0x00000000a9500000, 0x00000000a9600000|  0%| F|  |TAMS 0x00000000a9500000, 0x00000000a9500000| Untracked 
| 150|0x00000000a9600000, 0x00000000a9700000, 0x00000000a9700000|100%| O|  |TAMS 0x00000000a9700000, 0x00000000a9700000| Untracked 
| 151|0x00000000a9700000, 0x00000000a9800000, 0x00000000a9800000|100%| O|  |TAMS 0x00000000a9800000, 0x00000000a9800000| Untracked 
| 152|0x00000000a9800000, 0x00000000a9900000, 0x00000000a9900000|100%| O|  |TAMS 0x00000000a9900000, 0x00000000a9900000| Untracked 
| 153|0x00000000a9900000, 0x00000000a9a00000, 0x00000000a9a00000|100%| O|  |TAMS 0x00000000a9a00000, 0x00000000a9a00000| Untracked 
| 154|0x00000000a9a00000, 0x00000000a9b00000, 0x00000000a9b00000|100%| O|  |TAMS 0x00000000a9b00000, 0x00000000a9b00000| Untracked 
| 155|0x00000000a9b00000, 0x00000000a9c00000, 0x00000000a9c00000|100%| O|  |TAMS 0x00000000a9c00000, 0x00000000a9c00000| Untracked 
| 156|0x00000000a9c00000, 0x00000000a9d00000, 0x00000000a9d00000|100%| O|  |TAMS 0x00000000a9d00000, 0x00000000a9d00000| Untracked 
| 157|0x00000000a9d00000, 0x00000000a9d00000, 0x00000000a9e00000|  0%| F|  |TAMS 0x00000000a9d00000, 0x00000000a9d00000| Untracked 
| 158|0x00000000a9e00000, 0x00000000a9e00000, 0x00000000a9f00000|  0%| F|  |TAMS 0x00000000a9e00000, 0x00000000a9e00000| Untracked 
| 159|0x00000000a9f00000, 0x00000000aa000000, 0x00000000aa000000|100%| O|  |TAMS 0x00000000a9f00000, 0x00000000aa000000| Untracked 
| 160|0x00000000aa000000, 0x00000000aa100000, 0x00000000aa100000|100%| O|  |TAMS 0x00000000aa000000, 0x00000000aa100000| Untracked 
| 161|0x00000000aa100000, 0x00000000aa200000, 0x00000000aa200000|100%| O|  |TAMS 0x00000000aa100000, 0x00000000aa200000| Untracked 
| 162|0x00000000aa200000, 0x00000000aa300000, 0x00000000aa300000|100%| O|  |TAMS 0x00000000aa200000, 0x00000000aa300000| Untracked 
| 163|0x00000000aa300000, 0x00000000aa400000, 0x00000000aa400000|100%| O|  |TAMS 0x00000000aa300000, 0x00000000aa400000| Untracked 
| 164|0x00000000aa400000, 0x00000000aa500000, 0x00000000aa500000|100%| O|  |TAMS 0x00000000aa400000, 0x00000000aa500000| Untracked 
| 165|0x00000000aa500000, 0x00000000aa600000, 0x00000000aa600000|100%| O|  |TAMS 0x00000000aa500000, 0x00000000aa600000| Untracked 
| 166|0x00000000aa600000, 0x00000000aa700000, 0x00000000aa700000|100%| O|  |TAMS 0x00000000aa600000, 0x00000000aa700000| Untracked 
| 167|0x00000000aa700000, 0x00000000aa800000, 0x00000000aa800000|100%| O|  |TAMS 0x00000000aa700000, 0x00000000aa800000| Untracked 
| 168|0x00000000aa800000, 0x00000000aa900000, 0x00000000aa900000|100%| O|  |TAMS 0x00000000aa800000, 0x00000000aa900000| Untracked 
| 169|0x00000000aa900000, 0x00000000aaa00000, 0x00000000aaa00000|100%| O|  |TAMS 0x00000000aa900000, 0x00000000aaa00000| Untracked 
| 170|0x00000000aaa00000, 0x00000000aab00000, 0x00000000aab00000|100%| O|  |TAMS 0x00000000aaa00000, 0x00000000aab00000| Untracked 
| 171|0x00000000aab00000, 0x00000000aac00000, 0x00000000aac00000|100%| O|  |TAMS 0x00000000aab00000, 0x00000000aac00000| Untracked 
| 172|0x00000000aac00000, 0x00000000aad00000, 0x00000000aad00000|100%| O|  |TAMS 0x00000000aac00000, 0x00000000aad00000| Untracked 
| 173|0x00000000aad00000, 0x00000000aae00000, 0x00000000aae00000|100%| O|  |TAMS 0x00000000aad00000, 0x00000000aae00000| Untracked 
| 174|0x00000000aae00000, 0x00000000aaf00000, 0x00000000aaf00000|100%| O|  |TAMS 0x00000000aae00000, 0x00000000aaf00000| Untracked 
| 175|0x00000000aaf00000, 0x00000000ab000000, 0x00000000ab000000|100%| O|  |TAMS 0x00000000aaf00000, 0x00000000ab000000| Untracked 
| 176|0x00000000ab000000, 0x00000000ab100000, 0x00000000ab100000|100%| O|  |TAMS 0x00000000ab000000, 0x00000000ab100000| Untracked 
| 177|0x00000000ab100000, 0x00000000ab200000, 0x00000000ab200000|100%| O|  |TAMS 0x00000000ab100000, 0x00000000ab200000| Untracked 
| 178|0x00000000ab200000, 0x00000000ab300000, 0x00000000ab300000|100%| O|  |TAMS 0x00000000ab200000, 0x00000000ab300000| Untracked 
| 179|0x00000000ab300000, 0x00000000ab400000, 0x00000000ab400000|100%| O|  |TAMS 0x00000000ab300000, 0x00000000ab400000| Untracked 
| 180|0x00000000ab400000, 0x00000000ab500000, 0x00000000ab500000|100%| O|  |TAMS 0x00000000ab400000, 0x00000000ab500000| Untracked 
| 181|0x00000000ab500000, 0x00000000ab600000, 0x00000000ab600000|100%| O|  |TAMS 0x00000000ab500000, 0x00000000ab600000| Untracked 
| 182|0x00000000ab600000, 0x00000000ab700000, 0x00000000ab700000|100%| O|  |TAMS 0x00000000ab600000, 0x00000000ab700000| Untracked 
| 183|0x00000000ab700000, 0x00000000ab7c8a00, 0x00000000ab800000| 78%| O|  |TAMS 0x00000000ab700000, 0x00000000ab7c8a00| Untracked 
| 184|0x00000000ab800000, 0x00000000ab800000, 0x00000000ab900000|  0%| F|  |TAMS 0x00000000ab800000, 0x00000000ab800000| Untracked 
| 185|0x00000000ab900000, 0x00000000ab900000, 0x00000000aba00000|  0%| F|  |TAMS 0x00000000ab900000, 0x00000000ab900000| Untracked 
| 186|0x00000000aba00000, 0x00000000aba00000, 0x00000000abb00000|  0%| F|  |TAMS 0x00000000aba00000, 0x00000000aba00000| Untracked 
| 187|0x00000000abb00000, 0x00000000abb00000, 0x00000000abc00000|  0%| F|  |TAMS 0x00000000abb00000, 0x00000000abb00000| Untracked 
| 188|0x00000000abc00000, 0x00000000abc00000, 0x00000000abd00000|  0%| F|  |TAMS 0x00000000abc00000, 0x00000000abc00000| Untracked 
| 189|0x00000000abd00000, 0x00000000abd00000, 0x00000000abe00000|  0%| F|  |TAMS 0x00000000abd00000, 0x00000000abd00000| Untracked 
| 190|0x00000000abe00000, 0x00000000abe00000, 0x00000000abf00000|  0%| F|  |TAMS 0x00000000abe00000, 0x00000000abe00000| Untracked 
| 191|0x00000000abf00000, 0x00000000abf00000, 0x00000000ac000000|  0%| F|  |TAMS 0x00000000abf00000, 0x00000000abf00000| Untracked 
| 192|0x00000000ac000000, 0x00000000ac000000, 0x00000000ac100000|  0%| F|  |TAMS 0x00000000ac000000, 0x00000000ac000000| Untracked 
| 193|0x00000000ac100000, 0x00000000ac100000, 0x00000000ac200000|  0%| F|  |TAMS 0x00000000ac100000, 0x00000000ac100000| Untracked 
| 194|0x00000000ac200000, 0x00000000ac200000, 0x00000000ac300000|  0%| F|  |TAMS 0x00000000ac200000, 0x00000000ac200000| Untracked 
| 195|0x00000000ac300000, 0x00000000ac300000, 0x00000000ac400000|  0%| F|  |TAMS 0x00000000ac300000, 0x00000000ac300000| Untracked 
| 196|0x00000000ac400000, 0x00000000ac400000, 0x00000000ac500000|  0%| F|  |TAMS 0x00000000ac400000, 0x00000000ac400000| Untracked 
| 197|0x00000000ac500000, 0x00000000ac500000, 0x00000000ac600000|  0%| F|  |TAMS 0x00000000ac500000, 0x00000000ac500000| Untracked 
| 198|0x00000000ac600000, 0x00000000ac680e08, 0x00000000ac700000| 50%| S|CS|TAMS 0x00000000ac600000, 0x00000000ac600000| Complete 
| 199|0x00000000ac700000, 0x00000000ac800000, 0x00000000ac800000|100%| S|CS|TAMS 0x00000000ac700000, 0x00000000ac700000| Complete 
| 200|0x00000000ac800000, 0x00000000ac900000, 0x00000000ac900000|100%| S|CS|TAMS 0x00000000ac800000, 0x00000000ac800000| Complete 
| 201|0x00000000ac900000, 0x00000000ac900000, 0x00000000aca00000|  0%| F|  |TAMS 0x00000000ac900000, 0x00000000ac900000| Untracked 
| 202|0x00000000aca00000, 0x00000000aca00000, 0x00000000acb00000|  0%| F|  |TAMS 0x00000000aca00000, 0x00000000aca00000| Untracked 
| 203|0x00000000acb00000, 0x00000000acb00000, 0x00000000acc00000|  0%| F|  |TAMS 0x00000000acb00000, 0x00000000acb00000| Untracked 
| 204|0x00000000acc00000, 0x00000000acc00000, 0x00000000acd00000|  0%| F|  |TAMS 0x00000000acc00000, 0x00000000acc00000| Untracked 
| 205|0x00000000acd00000, 0x00000000acd00000, 0x00000000ace00000|  0%| F|  |TAMS 0x00000000acd00000, 0x00000000acd00000| Untracked 
| 206|0x00000000ace00000, 0x00000000ace00000, 0x00000000acf00000|  0%| F|  |TAMS 0x00000000ace00000, 0x00000000ace00000| Untracked 
| 207|0x00000000acf00000, 0x00000000acf00000, 0x00000000ad000000|  0%| F|  |TAMS 0x00000000acf00000, 0x00000000acf00000| Untracked 
| 208|0x00000000ad000000, 0x00000000ad000000, 0x00000000ad100000|  0%| F|  |TAMS 0x00000000ad000000, 0x00000000ad000000| Untracked 
| 209|0x00000000ad100000, 0x00000000ad100000, 0x00000000ad200000|  0%| F|  |TAMS 0x00000000ad100000, 0x00000000ad100000| Untracked 
| 210|0x00000000ad200000, 0x00000000ad200000, 0x00000000ad300000|  0%| F|  |TAMS 0x00000000ad200000, 0x00000000ad200000| Untracked 
| 211|0x00000000ad300000, 0x00000000ad300000, 0x00000000ad400000|  0%| F|  |TAMS 0x00000000ad300000, 0x00000000ad300000| Untracked 
| 212|0x00000000ad400000, 0x00000000ad400000, 0x00000000ad500000|  0%| F|  |TAMS 0x00000000ad400000, 0x00000000ad400000| Untracked 
| 213|0x00000000ad500000, 0x00000000ad500000, 0x00000000ad600000|  0%| F|  |TAMS 0x00000000ad500000, 0x00000000ad500000| Untracked 
| 214|0x00000000ad600000, 0x00000000ad600000, 0x00000000ad700000|  0%| F|  |TAMS 0x00000000ad600000, 0x00000000ad600000| Untracked 
| 215|0x00000000ad700000, 0x00000000ad700000, 0x00000000ad800000|  0%| F|  |TAMS 0x00000000ad700000, 0x00000000ad700000| Untracked 
| 216|0x00000000ad800000, 0x00000000ad800000, 0x00000000ad900000|  0%| F|  |TAMS 0x00000000ad800000, 0x00000000ad800000| Untracked 
| 217|0x00000000ad900000, 0x00000000ad900000, 0x00000000ada00000|  0%| F|  |TAMS 0x00000000ad900000, 0x00000000ad900000| Untracked 
| 218|0x00000000ada00000, 0x00000000ada00000, 0x00000000adb00000|  0%| F|  |TAMS 0x00000000ada00000, 0x00000000ada00000| Untracked 
| 219|0x00000000adb00000, 0x00000000adb00000, 0x00000000adc00000|  0%| F|  |TAMS 0x00000000adb00000, 0x00000000adb00000| Untracked 
| 220|0x00000000adc00000, 0x00000000adc00000, 0x00000000add00000|  0%| F|  |TAMS 0x00000000adc00000, 0x00000000adc00000| Untracked 
| 221|0x00000000add00000, 0x00000000add00000, 0x00000000ade00000|  0%| F|  |TAMS 0x00000000add00000, 0x00000000add00000| Untracked 
| 222|0x00000000ade00000, 0x00000000ade00000, 0x00000000adf00000|  0%| F|  |TAMS 0x00000000ade00000, 0x00000000ade00000| Untracked 
| 223|0x00000000adf00000, 0x00000000adf00000, 0x00000000ae000000|  0%| F|  |TAMS 0x00000000adf00000, 0x00000000adf00000| Untracked 
| 224|0x00000000ae000000, 0x00000000ae000000, 0x00000000ae100000|  0%| F|  |TAMS 0x00000000ae000000, 0x00000000ae000000| Untracked 
| 225|0x00000000ae100000, 0x00000000ae100000, 0x00000000ae200000|  0%| F|  |TAMS 0x00000000ae100000, 0x00000000ae100000| Untracked 
| 226|0x00000000ae200000, 0x00000000ae200000, 0x00000000ae300000|  0%| F|  |TAMS 0x00000000ae200000, 0x00000000ae200000| Untracked 
| 227|0x00000000ae300000, 0x00000000ae300000, 0x00000000ae400000|  0%| F|  |TAMS 0x00000000ae300000, 0x00000000ae300000| Untracked 
| 228|0x00000000ae400000, 0x00000000ae400000, 0x00000000ae500000|  0%| F|  |TAMS 0x00000000ae400000, 0x00000000ae400000| Untracked 
| 229|0x00000000ae500000, 0x00000000ae500000, 0x00000000ae600000|  0%| F|  |TAMS 0x00000000ae500000, 0x00000000ae500000| Untracked 
| 230|0x00000000ae600000, 0x00000000ae600000, 0x00000000ae700000|  0%| F|  |TAMS 0x00000000ae600000, 0x00000000ae600000| Untracked 
| 231|0x00000000ae700000, 0x00000000ae700000, 0x00000000ae800000|  0%| F|  |TAMS 0x00000000ae700000, 0x00000000ae700000| Untracked 
| 232|0x00000000ae800000, 0x00000000ae800000, 0x00000000ae900000|  0%| F|  |TAMS 0x00000000ae800000, 0x00000000ae800000| Untracked 
| 233|0x00000000ae900000, 0x00000000ae900000, 0x00000000aea00000|  0%| F|  |TAMS 0x00000000ae900000, 0x00000000ae900000| Untracked 
| 234|0x00000000aea00000, 0x00000000aea00000, 0x00000000aeb00000|  0%| F|  |TAMS 0x00000000aea00000, 0x00000000aea00000| Untracked 
| 235|0x00000000aeb00000, 0x00000000aeb00000, 0x00000000aec00000|  0%| F|  |TAMS 0x00000000aeb00000, 0x00000000aeb00000| Untracked 
| 236|0x00000000aec00000, 0x00000000aec00000, 0x00000000aed00000|  0%| F|  |TAMS 0x00000000aec00000, 0x00000000aec00000| Untracked 
| 237|0x00000000aed00000, 0x00000000aed00000, 0x00000000aee00000|  0%| F|  |TAMS 0x00000000aed00000, 0x00000000aed00000| Untracked 
| 238|0x00000000aee00000, 0x00000000aee00000, 0x00000000aef00000|  0%| F|  |TAMS 0x00000000aee00000, 0x00000000aee00000| Untracked 
| 239|0x00000000aef00000, 0x00000000aef00000, 0x00000000af000000|  0%| F|  |TAMS 0x00000000aef00000, 0x00000000aef00000| Untracked 
| 240|0x00000000af000000, 0x00000000af000000, 0x00000000af100000|  0%| F|  |TAMS 0x00000000af000000, 0x00000000af000000| Untracked 
| 241|0x00000000af100000, 0x00000000af100000, 0x00000000af200000|  0%| F|  |TAMS 0x00000000af100000, 0x00000000af100000| Untracked 
| 242|0x00000000af200000, 0x00000000af200000, 0x00000000af300000|  0%| F|  |TAMS 0x00000000af200000, 0x00000000af200000| Untracked 
| 243|0x00000000af300000, 0x00000000af300000, 0x00000000af400000|  0%| F|  |TAMS 0x00000000af300000, 0x00000000af300000| Untracked 
| 244|0x00000000af400000, 0x00000000af400000, 0x00000000af500000|  0%| F|  |TAMS 0x00000000af400000, 0x00000000af400000| Untracked 
| 245|0x00000000af500000, 0x00000000af500000, 0x00000000af600000|  0%| F|  |TAMS 0x00000000af500000, 0x00000000af500000| Untracked 
| 246|0x00000000af600000, 0x00000000af600000, 0x00000000af700000|  0%| F|  |TAMS 0x00000000af600000, 0x00000000af600000| Untracked 
| 247|0x00000000af700000, 0x00000000af700000, 0x00000000af800000|  0%| F|  |TAMS 0x00000000af700000, 0x00000000af700000| Untracked 
| 248|0x00000000af800000, 0x00000000af800000, 0x00000000af900000|  0%| F|  |TAMS 0x00000000af800000, 0x00000000af800000| Untracked 
| 249|0x00000000af900000, 0x00000000af900000, 0x00000000afa00000|  0%| F|  |TAMS 0x00000000af900000, 0x00000000af900000| Untracked 
| 250|0x00000000afa00000, 0x00000000afa00000, 0x00000000afb00000|  0%| F|  |TAMS 0x00000000afa00000, 0x00000000afa00000| Untracked 
| 251|0x00000000afb00000, 0x00000000afb00000, 0x00000000afc00000|  0%| F|  |TAMS 0x00000000afb00000, 0x00000000afb00000| Untracked 
| 252|0x00000000afc00000, 0x00000000afc00000, 0x00000000afd00000|  0%| F|  |TAMS 0x00000000afc00000, 0x00000000afc00000| Untracked 
| 253|0x00000000afd00000, 0x00000000afd00000, 0x00000000afe00000|  0%| F|  |TAMS 0x00000000afd00000, 0x00000000afd00000| Untracked 
| 254|0x00000000afe00000, 0x00000000afe00000, 0x00000000aff00000|  0%| F|  |TAMS 0x00000000afe00000, 0x00000000afe00000| Untracked 
| 255|0x00000000aff00000, 0x00000000aff00000, 0x00000000b0000000|  0%| F|  |TAMS 0x00000000aff00000, 0x00000000aff00000| Untracked 

Card table byte_map: [0x00000252a32c0000,0x00000252a35c0000] _byte_map_base: 0x00000252a2dc0000

Marking Bits (Prev, Next): (CMBitMap*) 0x0000025290344a30, (CMBitMap*) 0x00000252903449f8
 Prev Bits: [0x00000252a50c0000, 0x00000252a68c0000)
 Next Bits: [0x00000252a38c0000, 0x00000252a50c0000)

Polling page: 0x000002528e280000

Metaspace:

Usage:
  Non-class:    141.51 MB capacity,   138.82 MB ( 98%) used,     2.31 MB (  2%) free+waste,   401.56 KB ( <1%) overhead. 
      Class:     19.92 MB capacity,    18.67 MB ( 94%) used,     1.08 MB (  5%) free+waste,   173.75 KB ( <1%) overhead. 
       Both:    161.44 MB capacity,   157.49 MB ( 98%) used,     3.39 MB (  2%) free+waste,   575.31 KB ( <1%) overhead. 

Virtual space:
  Non-class space:      142.00 MB reserved,     141.87 MB (>99%) committed 
      Class space:        1.00 GB reserved,      20.17 MB (  2%) committed 
             Both:        1.14 GB reserved,     162.04 MB ( 14%) committed 

Chunk freelists:
   Non-Class:  233.00 KB
       Class:  142.00 KB
        Both:  375.00 KB

MaxMetaspaceSize: 17179869184.00 GB
CompressedClassSpaceSize: 1.00 GB

CodeHeap 'non-profiled nmethods': size=120000Kb used=16942Kb max_used=16966Kb free=103057Kb
 bounds [0x000002529b760000, 0x000002529c800000, 0x00000252a2c90000]
CodeHeap 'profiled nmethods': size=120000Kb used=55443Kb max_used=55445Kb free=64556Kb
 bounds [0x0000025294230000, 0x0000025297890000, 0x000002529b760000]
CodeHeap 'non-nmethods': size=5760Kb used=2447Kb max_used=2498Kb free=3312Kb
 bounds [0x0000025293c90000, 0x0000025293f10000, 0x0000025294230000]
 total_blobs=24224 nmethods=23108 adapters=1026
 compilation: enabled
              stopped_count=0, restarted_count=0
 full_count=0

Compilation events (20 events):
Event: 2709.830 Thread 0x00000252a9c03000 nmethod 28031 0x000002529bb5bf10 code [0x000002529bb5c0c0, 0x000002529bb5c178]
Event: 2709.830 Thread 0x00000252a9c03000 28019       1       com.android.tools.build.apkzlib.zip.CentralDirectoryHeader::getName (5 bytes)
Event: 2709.830 Thread 0x00000252a9c03000 nmethod 28019 0x000002529bb5bc10 code [0x000002529bb5bdc0, 0x000002529bb5be78]
Event: 2709.830 Thread 0x00000252a9c03000 28022       1       java.nio.charset.CharsetDecoder::averageCharsPerByte (5 bytes)
Event: 2709.830 Thread 0x00000252a9c03000 nmethod 28022 0x000002529bb5b910 code [0x000002529bb5bac0, 0x000002529bb5bb78]
Event: 2709.830 Thread 0x00000252a9c03000 28011       1       com.android.tools.build.apkzlib.zip.CentralDirectoryHeader::getExtraField (5 bytes)
Event: 2709.830 Thread 0x00000252a9c03000 nmethod 28011 0x000002529bb5b610 code [0x000002529bb5b7c0, 0x000002529bb5b878]
Event: 2709.831 Thread 0x00000252a9c03000 28012       1       com.android.tools.build.apkzlib.zip.CentralDirectoryHeaderCompressInfo::getMethod (5 bytes)
Event: 2709.831 Thread 0x00000252a9c03000 nmethod 28012 0x000002529bb5b310 code [0x000002529bb5b4c0, 0x000002529bb5b578]
Event: 2709.831 Thread 0x00000252a9c03000 28014       1       com.android.tools.build.apkzlib.zip.GPFlags::isDeferredCrc (5 bytes)
Event: 2709.831 Thread 0x00000252a9c03000 nmethod 28014 0x000002529bb5b010 code [0x000002529bb5b1c0, 0x000002529bb5b278]
Event: 2709.831 Thread 0x00000252a9c03000 28007       1       com.android.tools.build.apkzlib.zip.ZFile::areTimestampsIgnored (5 bytes)
Event: 2709.831 Thread 0x00000252a9c03000 nmethod 28007 0x000002529bb5ad10 code [0x000002529bb5aec0, 0x000002529bb5af78]
Event: 2709.831 Thread 0x00000252a9c03000 28010       1       com.android.tools.build.apkzlib.zip.GPFlags::isUtf8FileName (5 bytes)
Event: 2709.831 Thread 0x00000252a9c03000 nmethod 28010 0x000002529bb5aa10 code [0x000002529bb5abc0, 0x000002529bb5ac78]
Event: 2709.831 Thread 0x00000252a9c03000 27729       2       com.android.tools.r8.ir.conversion.IRBuilder::a (194 bytes)
Event: 2709.833 Thread 0x00000252a9c03000 nmethod 27729 0x0000025294cb3210 code [0x0000025294cb3460, 0x0000025294cb3b48]
Event: 2709.833 Thread 0x00000252a9c03000 27954       2       com.android.tools.r8.ir.conversion.N::a (1201 bytes)
Event: 2709.837 Thread 0x00000252a9c03000 nmethod 27954 0x0000025297881d90 code [0x00000252978822e0, 0x0000025297883a68]
Event: 2709.837 Thread 0x00000252a9c03000 28045       2       com.android.tools.r8.ir.regalloc.LinearScanRegisterAllocator::allocateRegisters (1295 bytes)

GC Heap History (20 events):
Event: 2707.981 GC heap after
{Heap after GC invocations=86 (full 0):
 garbage-first heap   total 262144K, used 151617K [0x00000000a0000000, 0x0000000100000000)
  region size 1024K, 10 young (10240K), 10 survivors (10240K)
 Metaspace       used 159663K, capacity 163796K, committed 163880K, reserved 1193984K
  class space    used 19013K, capacity 20323K, committed 20400K, reserved 1048576K
}
Event: 2707.992 GC heap before
{Heap before GC invocations=86 (full 0):
 garbage-first heap   total 262144K, used 152641K [0x00000000a0000000, 0x0000000100000000)
  region size 1024K, 12 young (12288K), 10 survivors (10240K)
 Metaspace       used 159665K, capacity 163796K, committed 163880K, reserved 1193984K
  class space    used 19013K, capacity 20323K, committed 20400K, reserved 1048576K
}
Event: 2708.007 GC heap after
{Heap after GC invocations=87 (full 0):
 garbage-first heap   total 262144K, used 149386K [0x00000000a0000000, 0x0000000100000000)
  region size 1024K, 2 young (2048K), 2 survivors (2048K)
 Metaspace       used 159665K, capacity 163796K, committed 163880K, reserved 1193984K
  class space    used 19013K, capacity 20323K, committed 20400K, reserved 1048576K
}
Event: 2708.249 GC heap before
{Heap before GC invocations=87 (full 0):
 garbage-first heap   total 262144K, used 212874K [0x00000000a0000000, 0x0000000100000000)
  region size 1024K, 65 young (66560K), 2 survivors (2048K)
 Metaspace       used 159954K, capacity 164169K, committed 164392K, reserved 1193984K
  class space    used 19042K, capacity 20361K, committed 20400K, reserved 1048576K
}
Event: 2708.259 GC heap after
{Heap after GC invocations=88 (full 0):
 garbage-first heap   total 262144K, used 154906K [0x00000000a0000000, 0x0000000100000000)
  region size 1024K, 7 young (7168K), 7 survivors (7168K)
 Metaspace       used 159954K, capacity 164169K, committed 164392K, reserved 1193984K
  class space    used 19042K, capacity 20361K, committed 20400K, reserved 1048576K
}
Event: 2708.466 GC heap before
{Heap before GC invocations=88 (full 0):
 garbage-first heap   total 262144K, used 215322K [0x00000000a0000000, 0x0000000100000000)
  region size 1024K, 68 young (69632K), 7 survivors (7168K)
 Metaspace       used 160530K, capacity 164764K, committed 165032K, reserved 1193984K
  class space    used 19102K, capacity 20444K, committed 20528K, reserved 1048576K
}
Event: 2708.481 GC heap after
{Heap after GC invocations=89 (full 0):
 garbage-first heap   total 262144K, used 164026K [0x00000000a0000000, 0x0000000100000000)
  region size 1024K, 9 young (9216K), 9 survivors (9216K)
 Metaspace       used 160530K, capacity 164764K, committed 165032K, reserved 1193984K
  class space    used 19102K, capacity 20444K, committed 20528K, reserved 1048576K
}
Event: 2708.649 GC heap before
{Heap before GC invocations=89 (full 0):
 garbage-first heap   total 262144K, used 216250K [0x00000000a0000000, 0x0000000100000000)
  region size 1024K, 61 young (62464K), 9 survivors (9216K)
 Metaspace       used 160868K, capacity 165080K, committed 165288K, reserved 1193984K
  class space    used 19142K, capacity 20484K, committed 20528K, reserved 1048576K
}
Event: 2708.670 GC heap after
{Heap after GC invocations=90 (full 0):
 garbage-first heap   total 262144K, used 169910K [0x00000000a0000000, 0x0000000100000000)
  region size 1024K, 7 young (7168K), 7 survivors (7168K)
 Metaspace       used 160868K, capacity 165080K, committed 165288K, reserved 1193984K
  class space    used 19142K, capacity 20484K, committed 20528K, reserved 1048576K
}
Event: 2708.875 GC heap before
{Heap before GC invocations=90 (full 0):
 garbage-first heap   total 262144K, used 218038K [0x00000000a0000000, 0x0000000100000000)
  region size 1024K, 55 young (56320K), 7 survivors (7168K)
 Metaspace       used 161273K, capacity 165463K, committed 165672K, reserved 1193984K
  class space    used 19181K, capacity 20525K, committed 20656K, reserved 1048576K
}
Event: 2708.885 GC heap after
{Heap after GC invocations=91 (full 0):
 garbage-first heap   total 262144K, used 172689K [0x00000000a0000000, 0x0000000100000000)
  region size 1024K, 4 young (4096K), 4 survivors (4096K)
 Metaspace       used 161273K, capacity 165463K, committed 165672K, reserved 1193984K
  class space    used 19181K, capacity 20525K, committed 20656K, reserved 1048576K
}
Event: 2709.167 GC heap before
{Heap before GC invocations=91 (full 0):
 garbage-first heap   total 262144K, used 219793K [0x00000000a0000000, 0x0000000100000000)
  region size 1024K, 51 young (52224K), 4 survivors (4096K)
 Metaspace       used 161139K, capacity 165228K, committed 165928K, reserved 1193984K
  class space    used 19107K, capacity 20394K, committed 20656K, reserved 1048576K
}
Event: 2709.177 GC heap after
{Heap after GC invocations=92 (full 0):
 garbage-first heap   total 262144K, used 173549K [0x00000000a0000000, 0x0000000100000000)
  region size 1024K, 5 young (5120K), 5 survivors (5120K)
 Metaspace       used 161139K, capacity 165228K, committed 165928K, reserved 1193984K
  class space    used 19107K, capacity 20394K, committed 20656K, reserved 1048576K
}
Event: 2709.311 GC heap before
{Heap before GC invocations=93 (full 0):
 garbage-first heap   total 262144K, used 220653K [0x00000000a0000000, 0x0000000100000000)
  region size 1024K, 52 young (53248K), 5 survivors (5120K)
 Metaspace       used 161139K, capacity 165228K, committed 165928K, reserved 1193984K
  class space    used 19107K, capacity 20394K, committed 20656K, reserved 1048576K
}
Event: 2709.319 GC heap after
{Heap after GC invocations=94 (full 0):
 garbage-first heap   total 262144K, used 175196K [0x00000000a0000000, 0x0000000100000000)
  region size 1024K, 4 young (4096K), 4 survivors (4096K)
 Metaspace       used 161139K, capacity 165228K, committed 165928K, reserved 1193984K
  class space    used 19107K, capacity 20394K, committed 20656K, reserved 1048576K
}
Event: 2709.342 GC heap before
{Heap before GC invocations=94 (full 0):
 garbage-first heap   total 262144K, used 183388K [0x00000000a0000000, 0x0000000100000000)
  region size 1024K, 12 young (12288K), 4 survivors (4096K)
 Metaspace       used 161139K, capacity 165228K, committed 165928K, reserved 1193984K
  class space    used 19107K, capacity 20394K, committed 20656K, reserved 1048576K
}
Event: 2709.377 GC heap after
{Heap after GC invocations=95 (full 0):
 garbage-first heap   total 262144K, used 166555K [0x00000000a0000000, 0x0000000100000000)
  region size 1024K, 1 young (1024K), 1 survivors (1024K)
 Metaspace       used 161139K, capacity 165228K, committed 165928K, reserved 1193984K
  class space    used 19107K, capacity 20394K, committed 20656K, reserved 1048576K
}
Event: 2709.563 GC heap before
{Heap before GC invocations=95 (full 0):
 garbage-first heap   total 262144K, used 218779K [0x00000000a0000000, 0x0000000100000000)
  region size 1024K, 53 young (54272K), 1 survivors (1024K)
 Metaspace       used 161167K, capacity 165249K, committed 165928K, reserved 1193984K
  class space    used 19114K, capacity 20402K, committed 20656K, reserved 1048576K
}
Event: 2709.573 GC heap after
{Heap after GC invocations=96 (full 0):
 garbage-first heap   total 262144K, used 167579K [0x00000000a0000000, 0x0000000100000000)
  region size 1024K, 2 young (2048K), 2 survivors (2048K)
 Metaspace       used 161167K, capacity 165249K, committed 165928K, reserved 1193984K
  class space    used 19114K, capacity 20402K, committed 20656K, reserved 1048576K
}
Event: 2709.846 GC heap before
{Heap before GC invocations=96 (full 0):
 garbage-first heap   total 262144K, used 221851K [0x00000000a0000000, 0x0000000100000000)
  region size 1024K, 55 young (56320K), 2 survivors (2048K)
 Metaspace       used 161268K, capacity 165313K, committed 165928K, reserved 1193984K
  class space    used 19121K, capacity 20402K, committed 20656K, reserved 1048576K
}

Deoptimization events (20 events):
Event: 2709.755 Thread 0x00000252ac235000 Uncommon trap: trap_request=0xffffff4d fr.pc=0x000002529b8a36e8 relative=0x0000000000000228
Event: 2709.755 Thread 0x00000252ac235000 Uncommon trap: reason=unstable_if action=reinterpret pc=0x000002529b8a36e8 method=java.util.HashMap.getNode(ILjava/lang/Object;)Ljava/util/HashMap$Node; @ 84 c2
Event: 2709.755 Thread 0x00000252ac235000 DEOPT PACKING pc=0x000002529b8a36e8 sp=0x000000fe1fefb080
Event: 2709.755 Thread 0x00000252ac235000 DEOPT UNPACKING pc=0x0000025293cb74af sp=0x000000fe1fefaf88 mode 2
Event: 2709.755 Thread 0x00000252ac235000 Uncommon trap: trap_request=0xffffff4d fr.pc=0x000002529b9f0784 relative=0x0000000000000704
Event: 2709.755 Thread 0x00000252ac235000 Uncommon trap: reason=unstable_if action=reinterpret pc=0x000002529b9f0784 method=java.util.HashMap.putVal(ILjava/lang/Object;Ljava/lang/Object;ZZ)Ljava/lang/Object; @ 109 c2
Event: 2709.755 Thread 0x00000252ac235000 DEOPT PACKING pc=0x000002529b9f0784 sp=0x000000fe1fefb040
Event: 2709.755 Thread 0x00000252ac235000 DEOPT UNPACKING pc=0x0000025293cb74af sp=0x000000fe1fefaf58 mode 2
Event: 2709.755 Thread 0x00000252ac235000 Uncommon trap: trap_request=0xffffff4d fr.pc=0x000002529b7a66e8 relative=0x00000000000001a8
Event: 2709.755 Thread 0x00000252ac235000 Uncommon trap: reason=unstable_if action=reinterpret pc=0x000002529b7a66e8 method=java.util.HashMap.getNode(ILjava/lang/Object;)Ljava/util/HashMap$Node; @ 84 c2
Event: 2709.755 Thread 0x00000252ac235000 DEOPT PACKING pc=0x000002529b7a66e8 sp=0x000000fe1fefaff0
Event: 2709.755 Thread 0x00000252ac235000 DEOPT UNPACKING pc=0x0000025293cb74af sp=0x000000fe1fefaf78 mode 2
Event: 2709.755 Thread 0x00000252ac235000 Uncommon trap: trap_request=0xffffff4d fr.pc=0x000002529b988f78 relative=0x0000000000000698
Event: 2709.755 Thread 0x00000252ac235000 Uncommon trap: reason=unstable_if action=reinterpret pc=0x000002529b988f78 method=java.util.HashMap.putVal(ILjava/lang/Object;Ljava/lang/Object;ZZ)Ljava/lang/Object; @ 109 c2
Event: 2709.755 Thread 0x00000252ac235000 DEOPT PACKING pc=0x000002529b988f78 sp=0x000000fe1fefaf90
Event: 2709.755 Thread 0x00000252ac235000 DEOPT UNPACKING pc=0x0000025293cb74af sp=0x000000fe1fefaf48 mode 2
Event: 2709.767 Thread 0x00000252ac236800 DEOPT PACKING pc=0x00000252976cea30 sp=0x000000fe200fae60
Event: 2709.767 Thread 0x00000252ac236800 DEOPT UNPACKING pc=0x0000025293cb72ce sp=0x000000fe200fa4a0 mode 0
Event: 2709.767 Thread 0x00000252ac236800 DEOPT PACKING pc=0x00000252976f87bf sp=0x000000fe200faf30
Event: 2709.767 Thread 0x00000252ac236800 DEOPT UNPACKING pc=0x0000025293cb72ce sp=0x000000fe200fa510 mode 0

Classes redefined (0 events):
No events

Internal exceptions (20 events):
Event: 2707.609 Thread 0x00000252ac235000 Exception <a 'java/lang/NoSuchMethodError'{0x00000000aeac1ef0}: 'void java.lang.invoke.DirectMethodHandle$Holder.invokeVirtual(java.lang.Object, java.lang.Object, int)'> (0x00000000aeac1ef0) thrown at [./src/hotspot/share/interpreter/linkResolver.cpp, line 773]
Event: 2707.644 Thread 0x00000252ac235000 Exception <a 'sun/nio/fs/WindowsException'{0x00000000ae96a750}> (0x00000000ae96a750) thrown at [./src/hotspot/share/prims/jni.cpp, line 615]
Event: 2707.812 Thread 0x00000252ac236000 Exception <a 'java/lang/NoSuchMethodError'{0x00000000ad410738}: 'java.lang.Object java.lang.invoke.DirectMethodHandle$Holder.newInvokeSpecial(java.lang.Object, int)'> (0x00000000ad410738) thrown at [./src/hotspot/share/interpreter/linkResolver.cpp, line 773]
Event: 2707.812 Thread 0x00000252b6458800 Exception <a 'java/lang/NoSuchMethodError'{0x00000000ad50dde8}: 'java.lang.Object java.lang.invoke.DirectMethodHandle$Holder.newInvokeSpecial(java.lang.Object, int)'> (0x00000000ad50dde8) thrown at [./src/hotspot/share/interpreter/linkResolver.cpp, line 773]
Event: 2707.813 Thread 0x00000252ac236800 Exception <a 'java/lang/NoSuchMethodError'{0x00000000adc13a50}: 'java.lang.Object java.lang.invoke.DirectMethodHandle$Holder.newInvokeSpecial(java.lang.Object, int)'> (0x00000000adc13a50) thrown at [./src/hotspot/share/interpreter/linkResolver.cpp, line 773]
Event: 2707.899 Thread 0x00000252ac236000 Exception <a 'java/lang/NoSuchMethodError'{0x00000000ac486918}: 'java.lang.Object java.lang.invoke.DirectMethodHandle$Holder.invokeInterface(java.lang.Object, java.lang.Object, int)'> (0x00000000ac486918) thrown at [./src/hotspot/share/interpreter/linkResolver.cpp, line 773]
Event: 2708.086 Thread 0x00000252ac236000 Exception <a 'sun/nio/fs/WindowsException'{0x00000000aef1d3e0}> (0x00000000aef1d3e0) thrown at [./src/hotspot/share/prims/jni.cpp, line 615]
Event: 2708.278 Thread 0x00000252ac22d800 Exception <a 'java/lang/NoSuchMethodError'{0x00000000afb9a538}: <clinit>> (0x00000000afb9a538) thrown at [./src/hotspot/share/prims/jni.cpp, line 1362]
Event: 2708.288 Thread 0x00000252ac22d800 Exception <a 'java/lang/NoSuchMethodError'{0x00000000afbb5070}: <clinit>> (0x00000000afbb5070) thrown at [./src/hotspot/share/prims/jni.cpp, line 1362]
Event: 2708.305 Thread 0x00000252adcda000 Exception <a 'sun/nio/fs/WindowsException'{0x00000000af31a8e8}> (0x00000000af31a8e8) thrown at [./src/hotspot/share/prims/jni.cpp, line 615]
Event: 2708.321 Thread 0x00000252ac234800 Exception <a 'sun/nio/fs/WindowsException'{0x00000000af3d00b0}> (0x00000000af3d00b0) thrown at [./src/hotspot/share/prims/jni.cpp, line 615]
Event: 2708.326 Thread 0x00000252ac235000 Exception <a 'sun/nio/fs/WindowsException'{0x00000000aeda9428}> (0x00000000aeda9428) thrown at [./src/hotspot/share/prims/jni.cpp, line 615]
Event: 2708.491 Thread 0x00000252ac236000 Exception <a 'sun/nio/fs/WindowsException'{0x00000000afc445a8}> (0x00000000afc445a8) thrown at [./src/hotspot/share/prims/jni.cpp, line 615]
Event: 2708.598 Thread 0x00000252ac234800 Exception <a 'sun/nio/fs/WindowsException'{0x00000000add796c8}> (0x00000000add796c8) thrown at [./src/hotspot/share/prims/jni.cpp, line 615]
Event: 2708.600 Thread 0x00000252b6458800 Exception <a 'sun/nio/fs/WindowsException'{0x00000000ae0b5d48}> (0x00000000ae0b5d48) thrown at [./src/hotspot/share/prims/jni.cpp, line 615]
Event: 2708.680 Thread 0x00000252ac235000 Exception <a 'java/lang/NoSuchMethodError'{0x00000000afc032c8}: 'void java.lang.invoke.DirectMethodHandle$Holder.invokeVirtual(java.lang.Object, java.lang.Object, int, java.lang.Object)'> (0x00000000afc032c8) thrown at [./src/hotspot/share/interpreter/linkResolver.cpp, line 773]
Event: 2709.045 Thread 0x00000252b6458800 Exception <a 'sun/nio/fs/WindowsException'{0x00000000aecfcc28}> (0x00000000aecfcc28) thrown at [./src/hotspot/share/prims/jni.cpp, line 615]
Event: 2709.460 Thread 0x00000252ac234800 Exception <a 'java/lang/NoSuchMethodError'{0x00000000ae7faee0}: 'java.lang.Object java.lang.invoke.DirectMethodHandle$Holder.invokeSpecial(java.lang.Object, java.lang.Object, java.lang.Object, java.lang.Object, java.lang.Object, int)'> (0x00000000ae7faee0) thrown at [./src/hotspot/share/interpreter/linkResolver.cpp, line 773]
Event: 2709.460 Thread 0x00000252ac234800 Exception <a 'java/lang/NoSuchMethodError'{0x00000000ae6d7128}: 'java.lang.Object java.lang.invoke.Invokers$Holder.linkToTargetMethod(java.lang.Object, java.lang.Object, java.lang.Object, int, java.lang.Object)'> (0x00000000ae6d7128) thrown at [./src/hotspot/share/interpreter/linkResolver.cpp, line 773]
Event: 2709.544 Thread 0x00000252b6458800 Exception <a 'sun/nio/fs/WindowsException'{0x00000000ad7110c0}> (0x00000000ad7110c0) thrown at [./src/hotspot/share/prims/jni.cpp, line 615]

Events (20 events):
Event: 2709.810 Thread 0x00000252a9c07800 flushing nmethod 0x000002529c36de10
Event: 2709.810 Thread 0x00000252a9c07800 flushing nmethod 0x000002529c3b7210
Event: 2709.815 Thread 0x00000252a9c07800 flushing nmethod 0x000002529445cd10
Event: 2709.816 Thread 0x00000252a9c07800 flushing nmethod 0x00000252945d0890
Event: 2709.816 Thread 0x00000252a9c07800 flushing nmethod 0x00000252945d1590
Event: 2709.817 Thread 0x00000252a9c07800 flushing nmethod 0x000002529462e510
Event: 2709.817 Thread 0x00000252a9c07800 flushing nmethod 0x00000252946b1590
Event: 2709.817 Thread 0x00000252a9c07800 flushing nmethod 0x00000252946c2290
Event: 2709.818 Thread 0x00000252a9c07800 flushing nmethod 0x0000025294771590
Event: 2709.818 Thread 0x00000252a9c07800 flushing nmethod 0x00000252947c7690
Event: 2709.818 Thread 0x00000252a9c07800 flushing nmethod 0x0000025294835410
Event: 2709.820 Thread 0x00000252a9c07800 flushing nmethod 0x0000025294993e90
Event: 2709.820 Thread 0x00000252a9c07800 flushing nmethod 0x0000025294a0f890
Event: 2709.821 Thread 0x00000252a9c07800 flushing nmethod 0x0000025294b4dc10
Event: 2709.822 Thread 0x00000252a9c07800 flushing nmethod 0x0000025294bc5b90
Event: 2709.822 Executing VM operation: ICBufferFull
Event: 2709.823 Executing VM operation: ICBufferFull done
Event: 2709.823 Thread 0x00000252a9c07800 flushing nmethod 0x0000025294cb2490
Event: 2709.824 Thread 0x00000252a9c07800 flushing nmethod 0x0000025294d29490
Event: 2709.841 Executing VM operation: G1CollectForAllocation


Dynamic libraries:
0x00007ff72bc50000 - 0x00007ff72bc5a000 	C:\Program Files\Android\Android Studio\jre\bin\java.exe
0x00007ffb7dff0000 - 0x00007ffb7e1e5000 	C:\Windows\SYSTEM32\ntdll.dll
0x00007ffb7cbe0000 - 0x00007ffb7cc9d000 	C:\Windows\System32\KERNEL32.DLL
0x00007ffb7b830000 - 0x00007ffb7baf9000 	C:\Windows\System32\KERNELBASE.dll
0x00007ffb7bbf0000 - 0x00007ffb7bcf0000 	C:\Windows\System32\ucrtbase.dll
0x00007ffb59f30000 - 0x00007ffb59f49000 	C:\Program Files\Android\Android Studio\jre\bin\jli.dll
0x00007ffa860b0000 - 0x00007ffa860c7000 	C:\Program Files\Android\Android Studio\jre\bin\VCRUNTIME140.dll
0x00007ffb7c6e0000 - 0x00007ffb7c880000 	C:\Windows\System32\USER32.dll
0x00007ffb6a400000 - 0x00007ffb6a69a000 	C:\Windows\WinSxS\amd64_microsoft.windows.common-controls_6595b64144ccf1df_6.0.19041.1110_none_60b5254171f9507e\COMCTL32.dll
0x00007ffb7c030000 - 0x00007ffb7c052000 	C:\Windows\System32\win32u.dll
0x00007ffb7cca0000 - 0x00007ffb7cd3e000 	C:\Windows\System32\msvcrt.dll
0x00007ffb7cbb0000 - 0x00007ffb7cbda000 	C:\Windows\System32\GDI32.dll
0x00007ffb7be50000 - 0x00007ffb7bf5b000 	C:\Windows\System32\gdi32full.dll
0x00007ffb7bf60000 - 0x00007ffb7bffd000 	C:\Windows\System32\msvcp_win.dll
0x00007ffb7cb80000 - 0x00007ffb7cbb0000 	C:\Windows\System32\IMM32.DLL
0x00007ffa86010000 - 0x00007ffa860ad000 	C:\Program Files\Android\Android Studio\jre\bin\msvcp140.dll
0x00007ffaf6a80000 - 0x00007ffaf753c000 	C:\Program Files\Android\Android Studio\jre\bin\server\jvm.dll
0x00007ffb7c880000 - 0x00007ffb7c92c000 	C:\Windows\System32\ADVAPI32.dll
0x00007ffb7d440000 - 0x00007ffb7d4db000 	C:\Windows\System32\sechost.dll
0x00007ffb7c130000 - 0x00007ffb7c25a000 	C:\Windows\System32\RPCRT4.dll
0x00007ffb7d210000 - 0x00007ffb7d218000 	C:\Windows\System32\PSAPI.DLL
0x00007ffb6e860000 - 0x00007ffb6e869000 	C:\Windows\SYSTEM32\WSOCK32.dll
0x00007ffb757b0000 - 0x00007ffb757ba000 	C:\Windows\SYSTEM32\VERSION.dll
0x00007ffb7d3d0000 - 0x00007ffb7d43b000 	C:\Windows\System32\WS2_32.dll
0x00007ffb6ab80000 - 0x00007ffb6aba7000 	C:\Windows\SYSTEM32\WINMM.dll
0x00007ffb79ff0000 - 0x00007ffb7a002000 	C:\Windows\SYSTEM32\kernel.appcore.dll
0x00007ffb750a0000 - 0x00007ffb750b1000 	C:\Program Files\Android\Android Studio\jre\bin\verify.dll
0x00007ffb79d10000 - 0x00007ffb79ef4000 	C:\Windows\SYSTEM32\DBGHELP.DLL
0x00007ffb72e70000 - 0x00007ffb72e9c000 	C:\Windows\SYSTEM32\dbgcore.DLL
0x00007ffb7bb60000 - 0x00007ffb7bbe3000 	C:\Windows\System32\bcryptPrimitives.dll
0x00007ffb74b60000 - 0x00007ffb74b89000 	C:\Program Files\Android\Android Studio\jre\bin\java.dll
0x00007ffb75090000 - 0x00007ffb7509b000 	C:\Program Files\Android\Android Studio\jre\bin\jimage.dll
0x00007ffb74040000 - 0x00007ffb74058000 	C:\Program Files\Android\Android Studio\jre\bin\zip.dll
0x00007ffb7d870000 - 0x00007ffb7dfaf000 	C:\Windows\System32\SHELL32.dll
0x00007ffb794a0000 - 0x00007ffb79c31000 	C:\Windows\SYSTEM32\windows.storage.dll
0x00007ffb7c380000 - 0x00007ffb7c6d5000 	C:\Windows\System32\combase.dll
0x00007ffb7b1a0000 - 0x00007ffb7b1cc000 	C:\Windows\SYSTEM32\Wldp.dll
0x00007ffb7d7c0000 - 0x00007ffb7d86e000 	C:\Windows\System32\SHCORE.dll
0x00007ffb7c960000 - 0x00007ffb7c9b5000 	C:\Windows\System32\shlwapi.dll
0x00007ffb7b670000 - 0x00007ffb7b68f000 	C:\Windows\SYSTEM32\profapi.dll
0x00007ffb73e00000 - 0x00007ffb73e1a000 	C:\Program Files\Android\Android Studio\jre\bin\net.dll
0x00007ffb70f70000 - 0x00007ffb7107a000 	C:\Windows\SYSTEM32\WINHTTP.dll
0x00007ffb7af00000 - 0x00007ffb7af6a000 	C:\Windows\system32\mswsock.dll
0x00007ffb720b0000 - 0x00007ffb720c4000 	C:\Program Files\Android\Android Studio\jre\bin\nio.dll
0x00007ffb4fd50000 - 0x00007ffb4fd76000 	C:\Users\hp\.gradle\native\29\windows-amd64\native-platform.dll
0x00007ffb74a40000 - 0x00007ffb74a4a000 	C:\Program Files\Android\Android Studio\jre\bin\management.dll
0x00007ffb74680000 - 0x00007ffb7468c000 	C:\Program Files\Android\Android Studio\jre\bin\management_ext.dll
0x00007ffb7b0e0000 - 0x00007ffb7b0f8000 	C:\Windows\SYSTEM32\CRYPTSP.dll
0x00007ffb7a830000 - 0x00007ffb7a864000 	C:\Windows\system32\rsaenh.dll
0x00007ffb7c000000 - 0x00007ffb7c027000 	C:\Windows\System32\bcrypt.dll
0x00007ffb7b630000 - 0x00007ffb7b65e000 	C:\Windows\SYSTEM32\USERENV.dll
0x00007ffb7b100000 - 0x00007ffb7b10c000 	C:\Windows\SYSTEM32\CRYPTBASE.dll
0x00007ffb7aba0000 - 0x00007ffb7abdb000 	C:\Windows\SYSTEM32\IPHLPAPI.DLL
0x00007ffb7d540000 - 0x00007ffb7d548000 	C:\Windows\System32\NSI.dll
0x00007ffb733f0000 - 0x00007ffb73407000 	C:\Windows\SYSTEM32\dhcpcsvc6.DLL
0x00007ffb734c0000 - 0x00007ffb734dd000 	C:\Windows\SYSTEM32\dhcpcsvc.DLL
0x00007ffb7abe0000 - 0x00007ffb7acac000 	C:\Windows\SYSTEM32\DNSAPI.dll
0x00007ffb5e2c0000 - 0x00007ffb5e2e7000 	C:\Program Files\Android\Android Studio\jre\bin\sunec.dll
0x0000000063560000 - 0x0000000063569000 	C:\Program Files\National Instruments\Shared\mDNS Responder\nimdnsNSP.dll
0x0000000063550000 - 0x000000006355e000 	C:\Windows\SYSTEM32\nimdnsResponder.dll
0x0000000074590000 - 0x0000000074633000 	C:\Windows\WinSxS\amd64_microsoft.vc90.crt_1fc8b3b9a1e18e3b_9.0.30729.9625_none_08e1c10da83fbc83\MSVCR90.dll
0x0000000074560000 - 0x0000000074586000 	C:\Program Files\Bonjour\mdnsNSP.dll
0x00007ffb715c0000 - 0x00007ffb715ca000 	C:\Windows\System32\rasadhlp.dll
0x00007ffb70550000 - 0x00007ffb705cf000 	C:\Windows\System32\fwpuclnt.dll
0x00007ffb19c70000 - 0x00007ffb19e12000 	C:\Program Files\Android\Android Studio\jre\bin\awt.dll
0x00007ffb7c060000 - 0x00007ffb7c12d000 	C:\Windows\System32\OLEAUT32.dll
0x00007ffb78fd0000 - 0x00007ffb78fff000 	C:\Windows\SYSTEM32\dwmapi.dll
0x00007ffb78890000 - 0x00007ffb78920000 	C:\Windows\SYSTEM32\apphelp.dll
0x00007ffb78de0000 - 0x00007ffb78e7e000 	C:\Windows\system32\uxtheme.dll

dbghelp: loaded successfully - version: 4.0.5 - missing functions: none
symbol engine: initialized successfully - sym options: 0x614 - pdb path: .;C:\Program Files\Android\Android Studio\jre\bin;C:\Windows\SYSTEM32;C:\Windows\WinSxS\amd64_microsoft.windows.common-controls_6595b64144ccf1df_6.0.19041.1110_none_60b5254171f9507e;C:\Program Files\Android\Android Studio\jre\bin\server;C:\Users\hp\.gradle\native\29\windows-amd64;C:\Program Files\National Instruments\Shared\mDNS Responder;C:\Windows\WinSxS\amd64_microsoft.vc90.crt_1fc8b3b9a1e18e3b_9.0.30729.9625_none_08e1c10da83fbc83;C:\Program Files\Bonjour

VM Arguments:
jvm_args: --add-opens=java.base/java.util=ALL-UNNAMED --add-opens=java.base/java.lang=ALL-UNNAMED --add-opens=java.base/java.lang.invoke=ALL-UNNAMED --add-opens=java.prefs/java.util.prefs=ALL-UNNAMED -Xmx1536m -Dfile.encoding=windows-1252 -Duser.country=US -Duser.language=en -Duser.variant 
java_command: org.gradle.launcher.daemon.bootstrap.GradleDaemon 5.4.1
java_class_path (initial): C:\Users\hp\.gradle\wrapper\dists\gradle-5.4.1-all\3221gyojl5jsh0helicew7rwx\gradle-5.4.1\lib\gradle-launcher-5.4.1.jar
Launcher Type: SUN_STANDARD

[Global flags]
     intx CICompilerCount                          = 4                                         {product} {ergonomic}
     uint ConcGCThreads                            = 2                                         {product} {ergonomic}
     uint G1ConcRefinementThreads                  = 8                                         {product} {ergonomic}
   size_t G1HeapRegionSize                         = 1048576                                   {product} {ergonomic}
    uintx GCDrainStackTargetSize                   = 64                                        {product} {ergonomic}
   size_t InitialHeapSize                          = 268435456                                 {product} {ergonomic}
   size_t MarkStackSize                            = 4194304                                   {product} {ergonomic}
   size_t MaxHeapSize                              = 1610612736                                {product} {command line}
   size_t MaxNewSize                               = 965738496                                 {product} {ergonomic}
   size_t MinHeapDeltaBytes                        = 1048576                                   {product} {ergonomic}
    uintx NonNMethodCodeHeapSize                   = 5836300                                {pd product} {ergonomic}
    uintx NonProfiledCodeHeapSize                  = 122910970                              {pd product} {ergonomic}
    uintx ProfiledCodeHeapSize                     = 122910970                              {pd product} {ergonomic}
    uintx ReservedCodeCacheSize                    = 251658240                              {pd product} {ergonomic}
     bool SegmentedCodeCache                       = true                                      {product} {ergonomic}
     bool UseCompressedClassPointers               = true                                 {lp64_product} {ergonomic}
     bool UseCompressedOops                        = true                                 {lp64_product} {ergonomic}
     bool UseG1GC                                  = true                                      {product} {ergonomic}
     bool UseLargePagesIndividualAllocation        = false                                  {pd product} {ergonomic}

Logging:
Log output configuration:
 #0: stdout all=warning uptime,level,tags
 #1: stderr all=off uptime,level,tags

Environment Variables:
PATH=C:\Program Files (x86)\VMware\VMware Workstation\bin\;C:\Program Files (x86)\NVIDIA Corporation\PhysX\Common;C:\Windows\system32;C:\Windows;C:\Windows\System32\Wbem;C:\Windows\System32\WindowsPowerShell\v1.0\;C:\Windows\System32\OpenSSH\;C:\Program Files\MATLAB\R2021a\runtime\win64;C:\Program Files\MATLAB\R2021a\bin;C:\Program Files (x86)\Windows Kits\8.1\Windows Performance Toolkit\;C:\Users\hp\AppData\Local\Microsoft\WindowsApps;
USERNAME=hp
OS=Windows_NT
PROCESSOR_IDENTIFIER=Intel64 Family 6 Model 142 Stepping 10, GenuineIntel



---------------  S Y S T E M  ---------------

OS: Windows 10 , 64 bit Build 19041 (10.0.19041.1023)
OS uptime: 1 days 7:18 hours

CPU:total 8 (initial active 8) (4 cores per cpu, 2 threads per core) family 6 model 142 stepping 10, cmov, cx8, fxsr, mmx, sse, sse2, sse3, ssse3, sse4.1, sse4.2, popcnt, avx, avx2, aes, clmul, erms, 3dnowpref, lzcnt, ht, tsc, tscinvbit, bmi1, bmi2, adx, fma

Memory: 4k page, system-wide physical 16264M (290M free)
TotalPageFile size 65416M (AvailPageFile size 48M)
current process WorkingSet (physical memory assigned to process): 661M, peak: 663M
current process commit charge ("private bytes"): 800M, peak: 914M

vm_info: OpenJDK 64-Bit Server VM (11.0.8+10-b944.6842174) for windows-amd64 JRE (11.0.8+10-b944.6842174), built on Sep 19 2020 01:11:42 by "builder" with MS VC++ 14.0 (VS2015)

END.
